[10:49:22]: Building...
[10:49:42]: Building dash.js...
[10:49:54]: Building index.pug...
[10:49:54]: Building debug.pug...
[10:49:54]: Building graph.pug...
[10:49:54]: Building settings.pug...
[10:49:54]: Building setup.pug...
[10:50:13]: Building main.scss...
[10:50:13]: Building main.js...
[10:50:15]: Building debug.scss...
[10:50:15]: Building debug.js...
[10:50:15]: Building graph.scss...
[10:50:15]: Building graph.js...
[10:50:15]: Building settings.scss...
[10:50:15]: Building settings.js...
[10:50:15]: Building setup.scss...
[10:50:15]: Building systemSetup.js...
[10:50:54]: Built js/debug.js...
[10:50:54]: Built js/graph.js...
[10:50:54]: Built js/settings.js...
[10:50:54]: Built js/systemSetup.js...
[10:50:54]: Building main.js...
[10:50:54]: Building objectWithoutProperties.js...
[10:50:56]: Building line.js...
[10:50:56]: Building circle.js...
[10:50:56]: Building semicircle.js...
[10:50:56]: Building path.js...
[10:50:56]: Building shape.js...
[10:50:56]: Building utils.js...
[10:50:56]: Building objectWithoutPropertiesLoose.js...
[10:50:58]: Building css-loader.js...
[10:50:58]: Built scss/settings.scss...
[10:50:58]: Built views/settings.pug...
[10:50:58]: Built scss/setup.scss...
[10:50:58]: Built views/setup.pug...
[10:50:58]: Built scss/debug.scss...
[10:50:58]: Built views/debug.pug...
[10:50:58]: Built scss/main.scss...
[10:50:59]: Built ../node_modules/progressbar.js/src/line.js...
[10:50:59]: Built ../node_modules/progressbar.js/src/circle.js...
[10:50:59]: Built ../node_modules/progressbar.js/src/semicircle.js...
[10:51:01]: Built ../node_modules/progressbar.js/src/shape.js...
[10:51:01]: Built ../node_modules/progressbar.js/src/utils.js...
[10:51:02]: Building shifty.js...
[10:51:02]: Built ../node_modules/@babel/runtime/helpers/objectWithoutPropertiesLoose.js...
[10:51:02]: Built ../node_modules/@babel/runtime/helpers/objectWithoutProperties.js...
[10:51:04]: Building bundle-url.js...
[10:51:08]: Built ../node_modules/shifty/dist/shifty.js...
[10:51:08]: Built ../node_modules/progressbar.js/src/path.js...
[10:51:08]: Built ../node_modules/progressbar.js/src/main.js...
[10:51:08]: Built js/main.js...
[10:51:08]: Built views/index.pug...
[10:51:11]: Built ../node_modules/parcel-bundler/src/builtins/bundle-url.js...
[10:51:11]: Built ../node_modules/parcel-bundler/src/builtins/css-loader.js...
[10:51:11]: Built scss/graph.scss...
[10:51:11]: Built views/graph.pug...
[10:51:11]: Built dash.js...
[10:51:11]: Producing bundles...
[10:51:11]: Packaging...
[10:51:15]: Building hmr-runtime.js...
[10:51:25]: Built ../node_modules/parcel-bundler/src/builtins/hmr-runtime.js...
[10:51:25]: Building bundle-loader.js...
[10:51:30]: Built ../node_modules/parcel-bundler/src/builtins/bundle-loader.js...
[10:51:34]: Building html-loader.js...
[10:51:36]: Built ../node_modules/parcel-bundler/src/builtins/loaders/browser/html-loader.js...
[10:51:36]: ✨  Built in 134.06s.
[11:47:21]: Building debug.js...
[11:47:21]: Building...
[11:47:21]: Building debug.js...
[11:47:22]: Built js/debug.js...
[11:47:22]: Producing bundles...
[11:47:22]: Packaging...
[11:47:23]: ✨  Built in 2.01s.
[11:48:08]: Building debug.js...
[11:48:08]: Building...
[11:48:08]: Building debug.js...
[11:48:08]: Building debug.js...
[11:48:08]: Building debug.js...
[11:48:09]: Built js/debug.js...
[11:48:09]: Producing bundles...
[11:48:09]: Packaging...
[11:48:10]: ✨  Built in 1.95s.
[11:48:10]: Building...
[11:48:10]: Producing bundles...
[11:48:10]: Packaging...
[11:48:10]: ✨  Built in 144ms.
[11:48:29]: Building debug.js...
[11:48:29]: Building debug.js...
[11:48:29]: Building debug.js...
[11:48:29]: Building...
[11:48:29]: Building debug.js...
[11:48:30]: Built js/debug.js...
[11:48:30]: Producing bundles...
[11:48:30]: Packaging...
[11:48:31]: Building hmr-runtime.js...
[11:48:32]: Built ../node_modules/parcel-bundler/src/builtins/hmr-runtime.js...
[11:48:33]: ✨  Built in 3.56s.
[11:52:18]: Building debug.pug...
[11:52:18]: Building...
[11:52:18]: Building debug.pug...
[11:52:38]: Built views/debug.pug...
[11:52:38]: Producing bundles...
[11:52:38]: Packaging...
[11:52:42]: ✨  Built in 24.11s.
[11:54:22]: Building debug.js...
[11:54:22]: Building...
[11:54:22]: Building debug.js...
[11:54:24]: Built js/debug.js...
[11:54:24]: Producing bundles...
[11:54:24]: Packaging...
[11:54:24]: Building hmr-runtime.js...
[11:54:25]: Built ../node_modules/parcel-bundler/src/builtins/hmr-runtime.js...
[11:54:25]: ✨  Built in 2.97s.
[11:55:29]: Building debug.js...
[11:55:29]: Building...
[11:55:29]: Building debug.js...
[11:55:29]: Building debug.js...
[11:55:30]: Built js/debug.js...
[11:55:30]: Producing bundles...
[11:55:30]: Packaging...
[11:55:31]: Building bundle-loader.js...
[11:55:31]: Built ../node_modules/parcel-bundler/src/builtins/bundle-loader.js...
[11:55:32]: Building html-loader.js...
[11:55:32]: Building js-loader.js...
[11:55:32]: Built ../node_modules/parcel-bundler/src/builtins/loaders/browser/html-loader.js...
[11:55:35]: Built ../node_modules/parcel-bundler/src/builtins/loaders/browser/js-loader.js...
[11:55:39]: ✨  Built in 10.03s.
[11:55:39]: Building...
[11:55:39]: Producing bundles...
[11:55:39]: Packaging...
[11:55:39]: ✨  Built in 146ms.
[11:56:23]: Building debug.js...
[11:56:23]: Building debug.js...
[11:56:23]: Building...
[11:56:23]: Building debug.js...
[11:56:25]: Built js/debug.js...
[11:56:25]: Producing bundles...
[11:56:25]: Packaging...
[11:56:25]: Building hmr-runtime.js...
[11:56:26]: Built ../node_modules/parcel-bundler/src/builtins/hmr-runtime.js...
[11:56:26]: Building bundle-loader.js...
[11:56:27]: Built ../node_modules/parcel-bundler/src/builtins/bundle-loader.js...
[11:56:27]: Building js-loader.js...
[11:56:27]: Built ../node_modules/parcel-bundler/src/builtins/loaders/browser/js-loader.js...
[11:56:28]: ✨  Built in 4.31s.
[11:58:43]: Building debug.scss...
[11:58:43]: Building...
[11:58:43]: Building debug.scss...
[11:58:52]: Built scss/debug.scss...
[11:58:52]: Producing bundles...
[11:58:52]: Packaging...
[11:58:53]: ✨  Built in 9.31s.
[12:00:21]: Building debug.scss...
[12:00:21]: Building...
[12:00:21]: Building debug.scss...
[12:00:26]: Built scss/debug.scss...
[12:00:26]: Producing bundles...
[12:00:26]: Packaging...
[12:00:26]: ✨  Built in 5.21s.
[12:01:33]: Building debug.scss...
[12:01:33]: Building debug.scss...
[12:01:33]: Building...
[12:01:33]: Building debug.scss...
[12:01:39]: Built scss/debug.scss...
[12:01:39]: Producing bundles...
[12:01:39]: Packaging...
[12:01:39]: ✨  Built in 5.74s.
[12:05:06]: Building debug.pug...
[12:05:06]: Building...
[12:05:06]: Building debug.pug...
[12:05:06]: 🚨  /home/pi/han1/src/views/debug.pug: Cannot read property 'walk' of null
[12:05:06]:     at HTMLAsset.generate (/home/pi/han1/node_modules/parcel-bundler/src/assets/HTMLAsset.js:193:14)
    at HTMLAsset.process (/home/pi/han1/node_modules/parcel-bundler/src/Asset.js:208:35)
    at <anonymous>
[12:05:06]: Building debug.pug...
[12:05:06]: Building debug.pug...
[12:05:06]: Building...
[12:05:06]: Building debug.pug...
[12:05:23]: Building debug.scss...
[12:05:23]: Building debug.scss...
[12:05:23]: Building debug.scss...
[12:05:23]: Building debug.js...
[12:05:23]: Building debug.js...
[12:05:23]: Building debug.js...
[12:05:23]: Building debug.js...
[12:05:29]: Built views/debug.pug...
[12:05:32]: Built js/debug.js...
[12:05:33]: Built scss/debug.scss...
[12:05:33]: Producing bundles...
[12:05:33]: Packaging...
[12:05:36]: Building bundle-loader.js...
[12:05:43]: Built ../node_modules/parcel-bundler/src/builtins/bundle-loader.js...
[12:05:43]: Building js-loader.js...
[12:05:43]: Built ../node_modules/parcel-bundler/src/builtins/loaders/browser/js-loader.js...
[12:05:44]: ✨  Built in 37.61s.
[12:05:44]: Building...
[12:05:44]: Producing bundles...
[12:05:44]: Packaging...
[12:05:44]: ✨  Built in 137ms.
[12:07:01]: Building debug.scss...
[12:07:01]: Building debug.scss...
[12:07:01]: Building debug.scss...
[12:07:01]: Building...
[12:07:01]: Building debug.scss...
[12:07:09]: Built scss/debug.scss...
[12:07:09]: Producing bundles...
[12:07:10]: Packaging...
[12:07:10]: Building hmr-runtime.js...
[12:07:12]: Built ../node_modules/parcel-bundler/src/builtins/hmr-runtime.js...
[12:07:12]: ✨  Built in 11.11s.
[12:10:08]: Building main.js...
[12:10:08]: Building main.js...
[12:10:09]: Building...
[12:10:09]: Building main.js...
[12:10:29]: Built js/main.js...
[12:10:29]: Producing bundles...
[12:10:30]: Packaging...
[12:10:31]: Building bundle-loader.js...
[12:10:31]: Built ../node_modules/parcel-bundler/src/builtins/bundle-loader.js...
[12:10:31]: Building js-loader.js...
[12:10:32]: Built ../node_modules/parcel-bundler/src/builtins/loaders/browser/js-loader.js...
[12:10:33]: ✨  Built in 24.43s.
[12:13:59]: Building debug.js...
[12:13:59]: Building...
[12:13:59]: Building debug.js...
[12:14:00]: Built js/debug.js...
[12:14:00]: Producing bundles...
[12:14:00]: Packaging...
[12:14:00]: ✨  Built in 1.26s.
[12:16:43]: Building debug.js...
[12:16:43]: Building...
[12:16:43]: Building debug.js...
[12:16:45]: Built js/debug.js...
[12:16:45]: Producing bundles...
[12:16:45]: Packaging...
[12:16:46]: ✨  Built in 2.54s.
[12:22:39]: Building debug.js...
[12:22:39]: Building...
[12:22:39]: Building debug.js...
[12:22:41]: Built js/debug.js...
[12:22:41]: Producing bundles...
[12:22:41]: Packaging...
[12:22:42]: ✨  Built in 2.76s.
[12:23:12]: Building debug.js...
[12:23:12]: Building...
[12:23:12]: Building debug.js...
[12:23:14]: Built js/debug.js...
[12:23:14]: Producing bundles...
[12:23:14]: Packaging...
[12:23:14]: ✨  Built in 2.10s.
[12:23:43]: Building debug.js...
[12:23:43]: Building...
[12:23:43]: Building debug.js...
[12:23:43]: Building debug.js...
[12:23:45]: Built js/debug.js...
[12:23:45]: Producing bundles...
[12:23:45]: Packaging...
[12:23:46]: ✨  Built in 3.17s.
[12:23:46]: Building...
[12:23:46]: Producing bundles...
[12:23:46]: Packaging...
[12:23:46]: ✨  Built in 126ms.
[12:24:34]: Building debug.js...
[12:24:34]: Building debug.js...
[12:24:34]: Building...
[12:24:34]: Building debug.js...
[12:24:34]: Building debug.js...
[12:24:36]: Built js/debug.js...
[12:24:36]: Producing bundles...
[12:24:36]: Packaging...
[12:24:37]: Building hmr-runtime.js...
[12:24:38]: Built ../node_modules/parcel-bundler/src/builtins/hmr-runtime.js...
[12:24:38]: Building bundle-loader.js...
[12:24:38]: Built ../node_modules/parcel-bundler/src/builtins/bundle-loader.js...
[12:24:38]: Building js-loader.js...
[12:24:38]: Built ../node_modules/parcel-bundler/src/builtins/loaders/browser/js-loader.js...
[12:24:39]: ✨  Built in 4.78s.
[12:24:39]: Building...
[12:24:39]: Producing bundles...
[12:24:39]: Packaging...
[12:24:39]: ✨  Built in 117ms.
[12:26:45]: Building debug.scss...
[12:26:45]: Building...
[12:26:45]: Building debug.scss...
[12:26:49]: Built scss/debug.scss...
[12:26:49]: Producing bundles...
[12:26:49]: Packaging...
[12:26:49]: Building hmr-runtime.js...
[12:26:50]: Built ../node_modules/parcel-bundler/src/builtins/hmr-runtime.js...
[12:26:50]: ✨  Built in 5.38s.
[12:26:54]: Building debug.scss...
[12:26:54]: Building debug.scss...
[12:26:54]: Building...
[12:26:54]: Building debug.scss...
[12:26:54]: Building debug.scss...
[12:26:58]: Built scss/debug.scss...
[12:26:58]: Producing bundles...
[12:26:59]: Packaging...
[12:26:59]: ✨  Built in 4.84s.
[12:26:59]: Building...
[12:26:59]: Producing bundles...
[12:26:59]: Packaging...
[12:26:59]: ✨  Built in 120ms.
[12:44:05]: Building debug.js...
[12:44:05]: Building debug.js...
[12:44:05]: Building...
[12:44:05]: Building debug.js...
[12:44:07]: Built js/debug.js...
[12:44:07]: Producing bundles...
[12:44:07]: Packaging...
[12:44:07]: Building hmr-runtime.js...
[12:44:08]: Built ../node_modules/parcel-bundler/src/builtins/hmr-runtime.js...
[12:44:08]: Building bundle-loader.js...
[12:44:09]: Built ../node_modules/parcel-bundler/src/builtins/bundle-loader.js...
[12:44:09]: Building js-loader.js...
[12:44:09]: Built ../node_modules/parcel-bundler/src/builtins/loaders/browser/js-loader.js...
[12:44:09]: ✨  Built in 4.62s.
[12:45:09]: Building debug.js...
[12:45:09]: Building debug.js...
[12:45:09]: Building debug.js...
[12:45:09]: Building...
[12:45:09]: Building debug.js...
[12:45:11]: Built js/debug.js...
[12:45:11]: Producing bundles...
[12:45:11]: Packaging...
[12:45:12]: ✨  Built in 3.04s.
[13:01:44]: Building debug.js...
[13:01:44]: Building debug.js...
[13:01:44]: Building...
[13:01:44]: Building debug.js...
[13:01:46]: Built js/debug.js...
[13:01:46]: Producing bundles...
[13:01:46]: Packaging...
[13:01:47]: ✨  Built in 2.93s.
[13:03:09]: Building debug.js...
[13:03:09]: Building debug.js...
[13:03:09]: Building...
[13:03:09]: Building debug.js...
[13:03:11]: Built js/debug.js...
[13:03:11]: Producing bundles...
[13:03:12]: Packaging...
[13:03:13]: ✨  Built in 4.52s.
[13:04:04]: Building debug.js...
[13:04:04]: Building debug.js...
[13:04:04]: Building debug.js...
[13:04:04]: Building...
[13:04:04]: Building debug.js...
[13:04:06]: Built js/debug.js...
[13:04:06]: Producing bundles...
[13:04:06]: Packaging...
[13:04:07]: ✨  Built in 2.67s.
[13:04:51]: Building debug.js...
[13:04:51]: Building debug.js...
[13:04:52]: Building...
[13:04:52]: Building debug.js...
[13:04:52]: Building debug.js...
[13:04:54]: Built js/debug.js...
[13:04:54]: Producing bundles...
[13:04:54]: Packaging...
[13:04:55]: ✨  Built in 3.39s.
[13:04:55]: Building...
[13:04:55]: Producing bundles...
[13:04:55]: Packaging...
[13:04:55]: ✨  Built in 282ms.
[13:07:20]: Building debug.js...
[13:07:20]: Building debug.js...
[13:07:21]: Building...
[13:07:21]: Building debug.js...
[13:07:21]: Building debug.js...
[13:07:24]: Built js/debug.js...
[13:07:24]: Producing bundles...
[13:07:24]: Packaging...
[13:07:24]: Building hmr-runtime.js...
[13:07:26]: Built ../node_modules/parcel-bundler/src/builtins/hmr-runtime.js...
[13:07:26]: Building bundle-loader.js...
[13:07:27]: Built ../node_modules/parcel-bundler/src/builtins/bundle-loader.js...
[13:07:27]: Building js-loader.js...
[13:07:27]: Built ../node_modules/parcel-bundler/src/builtins/loaders/browser/js-loader.js...
[13:07:28]: ✨  Built in 7.03s.
[13:07:28]: Building...
[13:07:28]: Producing bundles...
[13:07:28]: Packaging...
[13:07:28]: ✨  Built in 185ms.
[13:20:05]: Building debug.js...
[13:20:05]: Building...
[13:20:05]: Building debug.js...
[13:20:07]: Built js/debug.js...
[13:20:07]: Producing bundles...
[13:20:07]: Packaging...
[13:20:07]: Building hmr-runtime.js...
[13:20:10]: Built ../node_modules/parcel-bundler/src/builtins/hmr-runtime.js...
[13:20:11]: Building bundle-loader.js...
[13:20:11]: Built ../node_modules/parcel-bundler/src/builtins/bundle-loader.js...
[13:20:12]: Building js-loader.js...
[13:20:12]: Built ../node_modules/parcel-bundler/src/builtins/loaders/browser/js-loader.js...
[13:20:13]: ✨  Built in 8.23s.
[13:28:48]: Building debug.scss...
[13:28:48]: Building...
[13:28:48]: Building debug.scss...
[13:28:56]: Built scss/debug.scss...
[13:28:56]: Producing bundles...
[13:28:56]: Packaging...
[13:28:56]: ✨  Built in 8.21s.
[13:30:29]: Building debug.js...
[13:30:30]: Building...
[13:30:30]: Building debug.js...
[13:30:32]: Built js/debug.js...
[13:30:32]: Producing bundles...
[13:30:33]: Packaging...
[13:30:33]: Building bundle-loader.js...
[13:30:33]: Built ../node_modules/parcel-bundler/src/builtins/bundle-loader.js...
[13:30:33]: Building js-loader.js...
[13:30:34]: Built ../node_modules/parcel-bundler/src/builtins/loaders/browser/js-loader.js...
[13:30:34]: ✨  Built in 4.63s.
[13:31:14]: Building debug.pug...
[13:31:14]: Building debug.pug...
[13:31:14]: Building debug.pug...
[13:31:15]: Building...
[13:31:15]: Building debug.pug...
[13:31:31]: Built views/debug.pug...
[13:31:31]: Producing bundles...
[13:31:31]: Packaging...
[13:31:35]: ✨  Built in 20.20s.
[13:31:36]: Building debug.js...
[13:31:36]: Building debug.js...
[13:31:36]: Building...
[13:31:37]: Building debug.js...
[13:31:37]: Building debug.js...
[13:31:44]: Built js/debug.js...
[13:31:44]: Producing bundles...
[13:31:44]: Packaging...
[13:31:45]: Building hmr-runtime.js...
[13:31:45]: Built ../node_modules/parcel-bundler/src/builtins/hmr-runtime.js...
[13:31:45]: Building bundle-loader.js...
[13:31:46]: Built ../node_modules/parcel-bundler/src/builtins/bundle-loader.js...
[13:31:46]: Building js-loader.js...
[13:31:46]: Built ../node_modules/parcel-bundler/src/builtins/loaders/browser/js-loader.js...
[13:31:46]: ✨  Built in 9.64s.
[13:31:46]: Building...
[13:31:46]: Producing bundles...
[13:31:46]: Packaging...
[13:31:46]: ✨  Built in 111ms.
[13:32:11]: Building debug.js...
[13:32:11]: Building...
[13:32:11]: Building debug.js...
[13:32:11]: Building debug.js...
[13:32:11]: Building debug.js...
[13:32:13]: Built js/debug.js...
[13:32:13]: Producing bundles...
[13:32:13]: Packaging...
[13:32:13]: Building hmr-runtime.js...
[13:32:14]: Built ../node_modules/parcel-bundler/src/builtins/hmr-runtime.js...
[13:32:14]: Building bundle-loader.js...
[13:32:14]: Built ../node_modules/parcel-bundler/src/builtins/bundle-loader.js...
[13:32:15]: Building js-loader.js...
[13:32:15]: Built ../node_modules/parcel-bundler/src/builtins/loaders/browser/js-loader.js...
[13:32:15]: ✨  Built in 4.67s.
[13:32:15]: Building...
[13:32:15]: Producing bundles...
[13:32:15]: Packaging...
[13:32:15]: ✨  Built in 117ms.
[13:32:15]: Building...
[13:32:15]: Producing bundles...
[13:32:16]: Packaging...
[13:32:16]: ✨  Built in 136ms.
[13:32:53]: Building debug.js...
[13:32:53]: Building debug.js...
[13:32:53]: Building debug.js...
[13:32:53]: Building...
[13:32:53]: Building debug.js...
[13:32:56]: Built js/debug.js...
[13:32:56]: Producing bundles...
[13:32:56]: Packaging...
[13:32:56]: Building hmr-runtime.js...
[13:32:57]: Built ../node_modules/parcel-bundler/src/builtins/hmr-runtime.js...
[13:32:58]: Building bundle-loader.js...
[13:32:58]: Built ../node_modules/parcel-bundler/src/builtins/bundle-loader.js...
[13:32:58]: Building js-loader.js...
[13:32:58]: Built ../node_modules/parcel-bundler/src/builtins/loaders/browser/js-loader.js...
[13:32:59]: ✨  Built in 5.69s.
[13:33:38]: Building debug.js...
[13:33:38]: Building debug.js...
[13:33:38]: Building...
[13:33:38]: Building debug.js...
[13:33:40]: Built js/debug.js...
[13:33:40]: Producing bundles...
[13:33:40]: Packaging...
[13:33:41]: ✨  Built in 3.07s.
[13:34:31]: Building debug.scss...
[13:34:31]: Building debug.scss...
[13:34:31]: Building...
[13:34:31]: Building debug.scss...
[13:34:39]: Built scss/debug.scss...
[13:34:39]: Producing bundles...
[13:34:39]: Packaging...
[13:34:40]: ✨  Built in 8.39s.
[13:35:33]: Building debug.scss...
[13:35:33]: Building debug.scss...
[13:35:33]: Building debug.scss...
[13:35:33]: Building...
[13:35:33]: Building debug.scss...
[13:35:37]: Built scss/debug.scss...
[13:35:37]: Producing bundles...
[13:35:38]: Packaging...
[13:35:38]: ✨  Built in 4.99s.
[13:35:53]: Building debug.scss...
[13:35:53]: Building debug.scss...
[13:35:54]: Building debug.scss...
[13:35:54]: Building...
[13:35:54]: Building debug.scss...
[13:36:01]: Built scss/debug.scss...
[13:36:01]: Producing bundles...
[13:36:02]: Packaging...
[13:36:02]: ✨  Built in 8.77s.
[13:36:37]: Building debug.scss...
[13:36:37]: Building debug.scss...
[13:36:37]: Building...
[13:36:37]: Building debug.scss...
[13:36:37]: Building debug.scss...
[13:36:41]: Built scss/debug.scss...
[13:36:41]: Producing bundles...
[13:36:41]: Packaging...
[13:36:42]: ✨  Built in 4.81s.
[13:36:42]: Building...
[13:36:42]: Producing bundles...
[13:36:42]: Packaging...
[13:36:42]: ✨  Built in 242ms.
[13:38:35]: Building debug.js...
[13:38:35]: Building...
[13:38:35]: Building debug.js...
[13:38:37]: Built js/debug.js...
[13:38:37]: Producing bundles...
[13:38:38]: Packaging...
[13:38:38]: Building hmr-runtime.js...
[13:38:38]: Built ../node_modules/parcel-bundler/src/builtins/hmr-runtime.js...
[13:38:38]: Building bundle-loader.js...
[13:38:39]: Built ../node_modules/parcel-bundler/src/builtins/bundle-loader.js...
[13:38:39]: Building js-loader.js...
[13:38:39]: Built ../node_modules/parcel-bundler/src/builtins/loaders/browser/js-loader.js...
[13:38:40]: ✨  Built in 4.90s.
[13:38:50]: Building debug.js...
[13:38:51]: Building debug.js...
[13:38:51]: Building...
[13:38:51]: Building debug.js...
[13:38:54]: Built js/debug.js...
[13:38:54]: Producing bundles...
[13:38:54]: Packaging...
[13:38:55]: ✨  Built in 4.18s.
[13:39:59]: Building debug.js...
[13:39:59]: Building debug.js...
[13:40:00]: Building debug.js...
[13:40:00]: Building...
[13:40:00]: Building debug.js...
[13:40:02]: Built js/debug.js...
[13:40:02]: Producing bundles...
[13:40:03]: Packaging...
[13:40:03]: ✨  Built in 3.45s.
[13:44:19]: Building debug.js...
[13:44:19]: Building...
[13:44:19]: Building debug.js...
[13:44:21]: Built js/debug.js...
[13:44:21]: Producing bundles...
[13:44:22]: Packaging...
[13:44:23]: ✨  Built in 3.65s.
[13:45:05]: Building debug.js...
[13:45:05]: Building debug.js...
[13:45:06]: Building...
[13:45:06]: Building debug.js...
[13:45:08]: Built js/debug.js...
[13:45:08]: Producing bundles...
[13:45:08]: Packaging...
[13:45:09]: ✨  Built in 3.40s.
[13:49:21]: Building debug.js...
[13:49:21]: Building...
[13:49:21]: Building debug.js...
[13:49:24]: Built js/debug.js...
[13:49:24]: Producing bundles...
[13:49:24]: Packaging...
[13:49:25]: ✨  Built in 4.02s.
[13:49:58]: Building debug.js...
[13:49:58]: Building debug.js...
[13:49:58]: Building debug.js...
[13:49:58]: Building...
[13:49:58]: Building debug.js...
[13:50:00]: Built js/debug.js...
[13:50:00]: Producing bundles...
[13:50:01]: Packaging...
[13:50:02]: ✨  Built in 3.62s.
[13:50:20]: Building debug.js...
[13:50:20]: Building debug.js...
[13:50:20]: Building debug.js...
[13:50:20]: Building...
[13:50:20]: Building debug.js...
[13:50:23]: Built js/debug.js...
[13:50:23]: Producing bundles...
[13:50:23]: Packaging...
[13:50:24]: ✨  Built in 3.98s.
[13:51:15]: Building debug.js...
[13:51:15]: Building debug.js...
[13:51:15]: Building debug.js...
[13:51:15]: Building...
[13:51:15]: Building debug.js...
[13:51:17]: Built js/debug.js...
[13:51:17]: Producing bundles...
[13:51:18]: Packaging...
[13:51:18]: ✨  Built in 3.48s.
[13:52:13]: Building debug.js...
[13:52:13]: Building...
[13:52:13]: Building debug.js...
[13:52:15]: Built js/debug.js...
[13:52:15]: Producing bundles...
[13:52:15]: Packaging...
[13:52:16]: ✨  Built in 3.27s.
[13:52:19]: Building debug.js...
[13:52:19]: Building debug.js...
[13:52:19]: Building...
[13:52:19]: Building debug.js...
[13:52:22]: Built js/debug.js...
[13:52:22]: Producing bundles...
[13:52:22]: Packaging...
[13:52:23]: ✨  Built in 3.34s.
[13:54:34]: Building debug.pug...
[13:54:34]: Building...
[13:54:34]: Building debug.pug...
[13:54:51]: Built views/debug.pug...
[13:54:51]: Producing bundles...
[13:54:51]: Packaging...
[13:54:52]: ✨  Built in 17.60s.
[13:54:53]: Building debug.scss...
[13:54:53]: Building debug.scss...
[13:54:53]: Building debug.scss...
[13:54:54]: Building...
[13:54:54]: Building debug.scss...
[13:54:55]: Building debug.js...
[13:54:55]: Building debug.js...
[13:54:55]: Building debug.js...
[13:54:55]: Building debug.js...
[13:55:11]: Built js/debug.js...
[13:55:11]: Built scss/debug.scss...
[13:55:11]: Producing bundles...
[13:55:12]: Packaging...
[13:55:12]: Building hmr-runtime.js...
[13:55:13]: Built ../node_modules/parcel-bundler/src/builtins/hmr-runtime.js...
[13:55:13]: Building bundle-loader.js...
[13:55:13]: Built ../node_modules/parcel-bundler/src/builtins/bundle-loader.js...
[13:55:13]: Building js-loader.js...
[13:55:14]: Built ../node_modules/parcel-bundler/src/builtins/loaders/browser/js-loader.js...
[13:55:14]: ✨  Built in 20.53s.
[13:55:14]: Building...
[13:55:14]: Producing bundles...
[13:55:14]: Packaging...
[13:55:14]: ✨  Built in 115ms.
[13:55:27]: Building debug.js...
[13:55:27]: Building debug.js...
[13:55:27]: Building debug.js...
[13:55:27]: Building...
[13:55:28]: Building debug.js...
[13:55:35]: Built js/debug.js...
[13:55:35]: Producing bundles...
[13:55:35]: Packaging...
[13:55:35]: Building hmr-runtime.js...
[13:55:35]: Built ../node_modules/parcel-bundler/src/builtins/hmr-runtime.js...
[13:55:36]: Building bundle-loader.js...
[13:55:36]: Built ../node_modules/parcel-bundler/src/builtins/bundle-loader.js...
[13:55:36]: Building js-loader.js...
[13:55:36]: Built ../node_modules/parcel-bundler/src/builtins/loaders/browser/js-loader.js...
[13:55:37]: ✨  Built in 9.40s.
[13:56:10]: Building debug.js...
[13:56:11]: Building...
[13:56:11]: Building debug.js...
[13:56:11]: Building debug.js...
[13:56:11]: Building debug.js...
[13:56:15]: Built js/debug.js...
[13:56:16]: Producing bundles...
[13:56:16]: Packaging...
[13:56:16]: ✨  Built in 5.81s.
[13:56:16]: Building...
[13:56:16]: Producing bundles...
[13:56:16]: Packaging...
[13:56:17]: ✨  Built in 132ms.
[13:56:17]: Building...
[13:56:17]: Producing bundles...
[13:56:17]: Packaging...
[13:56:17]: ✨  Built in 114ms.
[13:58:24]: Building debug.scss...
[13:58:24]: Building...
[13:58:24]: Building debug.scss...
[13:58:33]: Built scss/debug.scss...
[13:58:33]: Producing bundles...
[13:58:33]: Packaging...
[13:58:33]: Building hmr-runtime.js...
[13:58:34]: Built ../node_modules/parcel-bundler/src/builtins/hmr-runtime.js...
[13:58:34]: ✨  Built in 10.02s.
[13:58:48]: Building debug.pug...
[13:58:48]: Building debug.pug...
[13:58:48]: Building debug.pug...
[13:58:49]: Building...
[13:58:49]: Building debug.pug...
[13:59:09]: Built views/debug.pug...
[13:59:09]: Producing bundles...
[13:59:09]: Packaging...
[13:59:13]: ✨  Built in 24.30s.
[14:00:13]: Building debug.scss...
[14:00:13]: Building debug.scss...
[14:00:13]: Building debug.scss...
[14:00:13]: Building...
[14:00:13]: Building debug.scss...
[14:00:21]: Built scss/debug.scss...
[14:00:21]: Producing bundles...
[14:00:21]: Packaging...
[14:00:21]: ✨  Built in 8.43s.
[14:01:36]: Building debug.scss...
[14:01:36]: Building...
[14:01:36]: Building debug.scss...
[14:01:42]: Built scss/debug.scss...
[14:01:42]: Producing bundles...
[14:01:42]: Packaging...
[14:01:43]: Building hmr-runtime.js...
[14:01:44]: Built ../node_modules/parcel-bundler/src/builtins/hmr-runtime.js...
[14:01:44]: ✨  Built in 7.61s.
[14:01:56]: Building debug.scss...
[14:01:56]: Building debug.scss...
[14:01:56]: Building debug.scss...
[14:01:57]: Building...
[14:01:57]: Building debug.scss...
[14:02:05]: Built scss/debug.scss...
[14:02:05]: Producing bundles...
[14:02:05]: Packaging...
[14:02:05]: ✨  Built in 8.73s.
[14:03:34]: Building debug.scss...
[14:03:34]: Building...
[14:03:34]: Building debug.scss...
[14:03:39]: Built scss/debug.scss...
[14:03:39]: Producing bundles...
[14:03:40]: Packaging...
[14:03:40]: ✨  Built in 6.34s.
[14:05:00]: Building debug.scss...
[14:05:00]: Building...
[14:05:00]: Building debug.scss...
[14:05:07]: Built scss/debug.scss...
[14:05:07]: Producing bundles...
[14:05:07]: Packaging...
[14:05:07]: ✨  Built in 7.78s.
[14:06:22]: Building debug.scss...
[14:06:22]: Building debug.scss...
[14:06:22]: Building...
[14:06:22]: Building debug.scss...
[14:06:27]: Built scss/debug.scss...
[14:06:27]: Producing bundles...
[14:06:27]: Packaging...
[14:06:28]: ✨  Built in 6.21s.
[14:06:36]: Building debug.scss...
[14:06:36]: Building debug.scss...
[14:06:36]: Building...
[14:06:36]: Building debug.scss...
[14:06:36]: Building debug.scss...
[14:06:43]: Built scss/debug.scss...
[14:06:43]: Producing bundles...
[14:06:43]: Packaging...
[14:06:44]: ✨  Built in 8.03s.
[14:06:44]: Building...
[14:06:44]: Producing bundles...
[14:06:44]: Packaging...
[14:06:45]: ✨  Built in 207ms.
[14:08:27]: Building debug.scss...
[14:08:28]: Building...
[14:08:28]: Building debug.scss...
[14:08:32]: Built scss/debug.scss...
[14:08:32]: Producing bundles...
[14:08:32]: Packaging...
[14:08:33]: Building hmr-runtime.js...
[14:08:33]: Built ../node_modules/parcel-bundler/src/builtins/hmr-runtime.js...
[14:08:34]: ✨  Built in 6.11s.
[14:09:12]: Building debug.scss...
[14:09:12]: Building debug.scss...
[14:09:12]: Building...
[14:09:12]: Building debug.scss...
[14:09:14]: Building debug.scss...
[14:09:17]: Built scss/debug.scss...
[14:09:17]: Producing bundles...
[14:09:17]: Packaging...
[14:09:18]: ✨  Built in 5.86s.
[14:09:18]: Building...
[14:09:18]: Producing bundles...
[14:09:18]: Packaging...
[14:09:18]: ✨  Built in 227ms.
[14:10:06]: Building debug.scss...
[14:10:06]: Building...
[14:10:06]: Building debug.scss...
[14:10:11]: Built scss/debug.scss...
[14:10:11]: Producing bundles...
[14:10:11]: Packaging...
[14:10:11]: Building hmr-runtime.js...
[14:10:12]: Built ../node_modules/parcel-bundler/src/builtins/hmr-runtime.js...
[14:10:12]: ✨  Built in 5.55s.
[14:11:00]: Building debug.scss...
[14:11:00]: Building...
[14:11:00]: Building debug.scss...
[14:11:07]: Built scss/debug.scss...
[14:11:07]: Producing bundles...
[14:11:07]: Packaging...
[14:11:08]: ✨  Built in 7.52s.
[14:12:24]: Building debug.scss...
[14:12:24]: Building...
[14:12:24]: Building debug.scss...
[14:12:29]: Built scss/debug.scss...
[14:12:29]: Producing bundles...
[14:12:29]: Packaging...
[14:12:29]: ✨  Built in 5.51s.
[14:13:06]: Building debug.scss...
[14:13:06]: Building debug.scss...
[14:13:06]: Building...
[14:13:06]: Building debug.scss...
[14:13:12]: Built scss/debug.scss...
[14:13:12]: Producing bundles...
[14:13:12]: Packaging...
[14:13:14]: ✨  Built in 7.26s.
[14:14:08]: Building debug.scss...
[14:14:08]: Building...
[14:14:08]: Building debug.scss...
[14:14:13]: Built scss/debug.scss...
[14:14:13]: Producing bundles...
[14:14:13]: Packaging...
[14:14:14]: ✨  Built in 5.18s.
[14:14:54]: Building debug.scss...
[14:14:54]: Building...
[14:14:54]: Building debug.scss...
[14:14:58]: Built scss/debug.scss...
[14:14:58]: Producing bundles...
[14:14:58]: Packaging...
[14:14:58]: ✨  Built in 4.83s.
[14:15:04]: Building debug.scss...
[14:15:04]: Building debug.scss...
[14:15:04]: Building...
[14:15:04]: Building debug.scss...
[14:15:04]: Building debug.scss...
[14:15:10]: Built scss/debug.scss...
[14:15:10]: Producing bundles...
[14:15:10]: Packaging...
[14:15:11]: ✨  Built in 6.37s.
[14:15:11]: Building...
[14:15:11]: Producing bundles...
[14:15:11]: Packaging...
[14:15:11]: ✨  Built in 104ms.
[14:15:31]: Building debug.scss...
[14:15:31]: Building debug.scss...
[14:15:31]: Building debug.scss...
[14:15:31]: Building...
[14:15:31]: Building debug.scss...
[14:15:37]: Built scss/debug.scss...
[14:15:37]: Producing bundles...
[14:15:37]: Packaging...
[14:15:37]: Building hmr-runtime.js...
[14:15:38]: Built ../node_modules/parcel-bundler/src/builtins/hmr-runtime.js...
[14:15:39]: ✨  Built in 7.45s.
[14:16:19]: Building debug.scss...
[14:16:19]: Building debug.scss...
[14:16:19]: Building...
[14:16:20]: Building debug.scss...
[14:16:20]: Building debug.scss...
[14:16:23]: Built scss/debug.scss...
[14:16:23]: Producing bundles...
[14:16:23]: Packaging...
[14:16:23]: ✨  Built in 3.50s.
[14:16:23]: Building...
[14:16:23]: Producing bundles...
[14:16:23]: Packaging...
[14:16:23]: ✨  Built in 110ms.
[14:16:54]: Building debug.scss...
[14:16:54]: Building...
[14:16:55]: Building debug.scss...
[14:16:55]: Building debug.scss...
[14:16:59]: Built scss/debug.scss...
[14:16:59]: Producing bundles...
[14:16:59]: Packaging...
[14:16:59]: Building hmr-runtime.js...
[14:17:00]: Built ../node_modules/parcel-bundler/src/builtins/hmr-runtime.js...
[14:17:00]: ✨  Built in 5.57s.
[14:17:00]: Building...
[14:17:00]: Producing bundles...
[14:17:00]: Packaging...
[14:17:00]: ✨  Built in 101ms.
[14:17:21]: Building debug.scss...
[14:17:21]: Building debug.scss...
[14:17:21]: Building debug.scss...
[14:17:21]: Building...
[14:17:21]: Building debug.scss...
[14:17:25]: Built scss/debug.scss...
[14:17:25]: Producing bundles...
[14:17:25]: Packaging...
[14:17:25]: Building hmr-runtime.js...
[14:17:25]: Built ../node_modules/parcel-bundler/src/builtins/hmr-runtime.js...
[14:17:25]: ✨  Built in 4.24s.
[14:17:43]: Building debug.scss...
[14:17:43]: Building...
[14:17:43]: Building debug.scss...
[14:17:43]: Building debug.scss...
[14:17:48]: Built scss/debug.scss...
[14:17:48]: Producing bundles...
[14:17:48]: Packaging...
[14:17:49]: ✨  Built in 5.22s.
[14:17:49]: Building...
[14:17:49]: Producing bundles...
[14:17:49]: Packaging...
[14:17:49]: ✨  Built in 202ms.
[14:18:18]: Building debug.scss...
[14:18:18]: Building debug.scss...
[14:18:18]: Building debug.scss...
[14:18:19]: Building...
[14:18:19]: Building debug.scss...
[14:18:22]: Built scss/debug.scss...
[14:18:22]: Producing bundles...
[14:18:22]: Packaging...
[14:18:23]: Building hmr-runtime.js...
[14:18:23]: Built ../node_modules/parcel-bundler/src/builtins/hmr-runtime.js...
[14:18:24]: ✨  Built in 4.96s.
[14:18:56]: Building debug.scss...
[14:18:56]: Building debug.scss...
[14:18:57]: Building debug.scss...
[14:18:57]: Building...
[14:18:57]: Building debug.scss...
[14:19:01]: Built scss/debug.scss...
[14:19:01]: Producing bundles...
[14:19:01]: Packaging...
[14:19:01]: ✨  Built in 4.81s.
[14:19:31]: Building debug.scss...
[14:19:31]: Building debug.scss...
[14:19:32]: Building...
[14:19:32]: Building debug.scss...
[14:19:32]: Building debug.scss...
[14:19:36]: Built scss/debug.scss...
[14:19:36]: Producing bundles...
[14:19:36]: Packaging...
[14:19:36]: ✨  Built in 4.90s.
[14:19:36]: Building...
[14:19:36]: Producing bundles...
[14:19:37]: Packaging...
[14:19:37]: ✨  Built in 104ms.
[14:20:13]: Building debug.scss...
[14:20:13]: Building debug.scss...
[14:20:13]: Building...
[14:20:13]: Building debug.scss...
[14:20:13]: Building debug.scss...
[14:20:21]: Built scss/debug.scss...
[14:20:21]: Producing bundles...
[14:20:21]: Packaging...
[14:20:22]: Building hmr-runtime.js...
[14:20:22]: Built ../node_modules/parcel-bundler/src/builtins/hmr-runtime.js...
[14:20:23]: ✨  Built in 9.33s.
[14:20:23]: Building...
[14:20:23]: Producing bundles...
[14:20:23]: Packaging...
[14:20:23]: ✨  Built in 92ms.
[14:20:49]: Building debug.scss...
[14:20:49]: Building debug.scss...
[14:20:49]: Building...
[14:20:49]: Building debug.scss...
[14:20:53]: Built scss/debug.scss...
[14:20:54]: Producing bundles...
[14:20:54]: Packaging...
[14:20:54]: Building hmr-runtime.js...
[14:20:55]: Built ../node_modules/parcel-bundler/src/builtins/hmr-runtime.js...
[14:20:55]: ✨  Built in 5.37s.
[14:21:11]: Building debug.scss...
[14:21:11]: Building debug.scss...
[14:21:11]: Building debug.scss...
[14:21:11]: Building...
[14:21:11]: Building debug.scss...
[14:21:16]: Built scss/debug.scss...
[14:21:16]: Producing bundles...
[14:21:16]: Packaging...
[14:21:16]: ✨  Built in 5.41s.
[14:21:39]: Building debug.scss...
[14:21:39]: Building debug.scss...
[14:21:40]: Building...
[14:21:40]: Building debug.scss...
[14:21:44]: Built scss/debug.scss...
[14:21:44]: Producing bundles...
[14:21:44]: Packaging...
[14:21:45]: ✨  Built in 4.97s.
[14:22:25]: Building debug.scss...
[14:22:25]: Building debug.scss...
[14:22:26]: Building...
[14:22:26]: Building debug.scss...
[14:22:26]: Building debug.scss...
[14:22:28]: 🚨  /home/pi/han1/src/scss/debug.scss:76:37: expected ";".
            padding: .2em background: white;
                                    ^
  stdin 76:37  root stylesheet
[14:22:28]: Error: expected ";".
            padding: .2em background: white;
                                    ^
  stdin 76:37  root stylesheet
[14:22:28]: Building...
[14:22:28]: Building debug.scss...
[14:22:30]: 🚨  /home/pi/han1/src/scss/debug.scss:76:37: expected ";".
            padding: .2em background: white;
                                    ^
  stdin 76:37  root stylesheet
[14:22:30]: Error: expected ";".
            padding: .2em background: white;
                                    ^
  stdin 76:37  root stylesheet
[14:22:33]: Building debug.scss...
[14:22:33]: Building...
[14:22:33]: Building debug.scss...
[14:22:33]: Building debug.scss...
[14:22:33]: Building debug.scss...
[14:22:34]: Built scss/debug.scss...
[14:22:34]: Producing bundles...
[14:22:34]: Packaging...
[14:22:34]: ✨  Built in 957ms.
[14:22:34]: Building...
[14:22:34]: Producing bundles...
[14:22:34]: Packaging...
[14:22:34]: ✨  Built in 87ms.
[14:22:34]: Building...
[14:22:34]: Producing bundles...
[14:22:34]: Packaging...
[14:22:34]: ✨  Built in 117ms.
[14:23:03]: Building debug.scss...
[14:23:03]: Building debug.scss...
[14:23:04]: Building debug.scss...
[14:23:04]: Building...
[14:23:04]: Building debug.scss...
[14:23:09]: Built scss/debug.scss...
[14:23:09]: Producing bundles...
[14:23:09]: Packaging...
[14:23:10]: Building hmr-runtime.js...
[14:23:10]: Built ../node_modules/parcel-bundler/src/builtins/hmr-runtime.js...
[14:23:10]: ✨  Built in 6.57s.
[14:24:52]: Building debug.scss...
[14:24:52]: Building debug.scss...
[14:24:52]: Building...
[14:24:52]: Building debug.scss...
[14:24:52]: Building debug.scss...
[14:24:58]: Built scss/debug.scss...
[14:24:58]: Producing bundles...
[14:24:58]: Packaging...
[14:24:59]: ✨  Built in 6.38s.
[14:24:59]: Building...
[14:24:59]: Producing bundles...
[14:24:59]: Packaging...
[14:24:59]: ✨  Built in 99ms.
[14:25:10]: Building debug.scss...
[14:25:11]: Building...
[14:25:11]: Building debug.scss...
[14:25:11]: Building debug.scss...
[14:25:15]: Building debug.scss...
[14:25:15]: Building debug.scss...
[14:25:15]: Building debug.scss...
[14:25:16]: Built scss/debug.scss...
[14:25:16]: Producing bundles...
[14:25:16]: Packaging...
[14:25:16]: ✨  Built in 5.46s.
[14:25:16]: Building...
[14:25:16]: Producing bundles...
[14:25:16]: Packaging...
[14:25:16]: ✨  Built in 186ms.
[14:25:16]: Building...
[14:25:16]: Producing bundles...
[14:25:16]: Packaging...
[14:25:16]: ✨  Built in 182ms.
[14:27:53]: Building debug.pug...
[14:27:53]: Building...
[14:27:53]: Building debug.pug...
[14:27:57]: Built views/debug.pug...
[14:27:57]: Producing bundles...
[14:27:57]: Packaging...
[14:27:58]: ✨  Built in 4.89s.
[14:29:12]: Building debug.js...
[14:29:12]: Building...
[14:29:12]: Building debug.js...
[14:29:19]: Built js/debug.js...
[14:29:19]: Producing bundles...
[14:29:19]: Packaging...
[14:29:19]: Building hmr-runtime.js...
[14:29:20]: Built ../node_modules/parcel-bundler/src/builtins/hmr-runtime.js...
[14:29:20]: Building bundle-loader.js...
[14:29:20]: Built ../node_modules/parcel-bundler/src/builtins/bundle-loader.js...
[14:29:20]: Building js-loader.js...
[14:29:21]: Built ../node_modules/parcel-bundler/src/builtins/loaders/browser/js-loader.js...
[14:29:21]: ✨  Built in 9.52s.
[14:34:06]: Building debug.js...
[14:34:06]: Building...
[14:34:06]: Building debug.js...
[14:34:12]: Building slicedToArray.js...
[14:34:13]: Building arrayWithHoles.js...
[14:34:13]: Building iterableToArrayLimit.js...
[14:34:13]: Building nonIterableRest.js...
[14:34:14]: Built ../node_modules/@babel/runtime/helpers/arrayWithHoles.js...
[14:34:14]: Built ../node_modules/@babel/runtime/helpers/iterableToArrayLimit.js...
[14:34:14]: Built ../node_modules/@babel/runtime/helpers/nonIterableRest.js...
[14:34:14]: Built ../node_modules/@babel/runtime/helpers/slicedToArray.js...
[14:34:14]: Built js/debug.js...
[14:34:14]: Producing bundles...
[14:34:14]: Packaging...
[14:34:16]: ✨  Built in 9.48s.
[14:35:00]: Building debug.js...
[14:35:00]: Building debug.js...
[14:35:00]: Building debug.js...
[14:35:00]: Building...
[14:35:00]: Building debug.js...
[14:35:05]: Built js/debug.js...
[14:35:05]: Producing bundles...
[14:35:05]: Packaging...
[14:35:07]: ✨  Built in 6.74s.
[14:35:34]: Building debug.js...
[14:35:34]: Building...
[14:35:34]: Building debug.js...
[14:35:34]: Building debug.js...
[14:35:38]: Built js/debug.js...
[14:35:38]: Producing bundles...
[14:35:38]: Packaging...
[14:35:39]: ✨  Built in 5.28s.
[14:35:39]: Building...
[14:35:39]: Producing bundles...
[14:35:39]: Packaging...
[14:35:39]: ✨  Built in 192ms.
[14:36:09]: Building debug.js...
[14:36:09]: Building...
[14:36:09]: Building debug.js...
[14:36:09]: Building debug.js...
[14:36:13]: Built js/debug.js...
[14:36:13]: Producing bundles...
[14:36:13]: Packaging...
[14:36:14]: Building hmr-runtime.js...
[14:36:14]: Built ../node_modules/parcel-bundler/src/builtins/hmr-runtime.js...
[14:36:14]: Building bundle-loader.js...
[14:36:15]: Built ../node_modules/parcel-bundler/src/builtins/bundle-loader.js...
[14:36:15]: Building js-loader.js...
[14:36:15]: Built ../node_modules/parcel-bundler/src/builtins/loaders/browser/js-loader.js...
[14:36:16]: ✨  Built in 6.57s.
[14:36:16]: Building...
[14:36:16]: Producing bundles...
[14:36:16]: Packaging...
[14:36:16]: ✨  Built in 244ms.
[14:36:38]: Building debug.js...
[14:36:38]: Building debug.js...
[14:36:38]: Building...
[14:36:38]: Building debug.js...
[14:36:42]: Built js/debug.js...
[14:36:42]: Producing bundles...
[14:36:42]: Packaging...
[14:36:43]: Building hmr-runtime.js...
[14:36:44]: Built ../node_modules/parcel-bundler/src/builtins/hmr-runtime.js...
[14:36:44]: Building bundle-loader.js...
[14:36:44]: Built ../node_modules/parcel-bundler/src/builtins/bundle-loader.js...
[14:36:44]: Building js-loader.js...
[14:36:44]: Built ../node_modules/parcel-bundler/src/builtins/loaders/browser/js-loader.js...
[14:36:45]: ✨  Built in 6.49s.
[14:37:12]: Building debug.js...
[14:37:12]: Building debug.js...
[14:37:12]: Building...
[14:37:12]: Building debug.js...
[14:37:16]: Built js/debug.js...
[14:37:16]: Producing bundles...
[14:37:16]: Packaging...
[14:37:20]: Building debug.js...
[14:37:20]: Building debug.js...
[14:37:20]: Building debug.js...
[14:37:21]: Building debug.js...
[14:37:25]: Built js/debug.js...
[14:37:26]: ✨  Built in 13.39s.
[14:37:26]: Building...
[14:37:26]: Producing bundles...
[14:37:26]: Packaging...
[14:37:26]: ✨  Built in 675ms.
[14:37:26]: Building...
[14:37:26]: Producing bundles...
[14:37:26]: Packaging...
[14:37:26]: ✨  Built in 104ms.
[14:38:25]: Building debug.js...
[14:38:25]: Building debug.js...
[14:38:25]: Building debug.js...
[14:38:25]: Building...
[14:38:25]: Building debug.js...
[14:38:29]: Built js/debug.js...
[14:38:29]: Producing bundles...
[14:38:29]: Packaging...
[14:38:30]: Building hmr-runtime.js...
[14:38:31]: Built ../node_modules/parcel-bundler/src/builtins/hmr-runtime.js...
[14:38:31]: Building bundle-loader.js...
[14:38:31]: Built ../node_modules/parcel-bundler/src/builtins/bundle-loader.js...
[14:38:31]: Building js-loader.js...
[14:38:32]: Built ../node_modules/parcel-bundler/src/builtins/loaders/browser/js-loader.js...
[14:38:32]: ✨  Built in 7.41s.
[14:51:38]: Building debug.js...
[14:51:38]: Building...
[14:51:38]: Building debug.js...
[14:51:43]: Built js/debug.js...
[14:51:43]: Producing bundles...
[14:51:43]: Packaging...
[14:51:44]: ✨  Built in 6.09s.
[14:52:01]: Building debug.js...
[14:52:01]: Building debug.js...
[14:52:02]: Building debug.js...
[14:52:02]: Building...
[14:52:02]: Building debug.js...
[14:52:06]: Built js/debug.js...
[14:52:06]: Producing bundles...
[14:52:06]: Packaging...
[14:52:07]: ✨  Built in 5.71s.
[14:52:24]: Building debug.js...
[14:52:24]: Building debug.js...
[14:52:24]: Building debug.js...
[14:52:24]: Building...
[14:52:24]: Building debug.js...
[14:52:28]: Built js/debug.js...
[14:52:28]: Producing bundles...
[14:52:29]: Packaging...
[14:52:29]: ✨  Built in 5.23s.
[14:52:43]: Building debug.js...
[14:52:43]: Building debug.js...
[14:52:43]: Building debug.js...
[14:52:43]: Building...
[14:52:43]: Building debug.js...
[14:52:47]: Built js/debug.js...
[14:52:47]: Producing bundles...
[14:52:47]: Packaging...
[14:52:48]: ✨  Built in 5.09s.
[14:53:10]: Building debug.js...
[14:53:10]: Building debug.js...
[14:53:10]: Building debug.js...
[14:53:10]: Building...
[14:53:10]: Building debug.js...
[14:53:14]: Built js/debug.js...
[14:53:14]: Producing bundles...
[14:53:14]: Packaging...
[14:53:15]: ✨  Built in 4.87s.
[14:55:52]: Building debug.js...
[14:55:52]: Building...
[14:55:52]: Building debug.js...
[14:55:56]: Built js/debug.js...
[14:55:56]: Producing bundles...
[14:55:57]: Packaging...
[14:55:57]: ✨  Built in 5.53s.
[15:00:35]: Building debug.js...
[15:00:35]: Building...
[15:00:35]: Building debug.js...
[15:00:36]: Building debug.js...
[15:00:39]: Built js/debug.js...
[15:00:39]: Producing bundles...
[15:00:39]: Packaging...
[15:00:40]: ✨  Built in 4.28s.
[15:00:40]: Building...
[15:00:40]: Producing bundles...
[15:00:40]: Packaging...
[15:00:40]: ✨  Built in 98ms.
[15:00:55]: Building debug.js...
[15:00:55]: Building debug.js...
[15:00:55]: Building debug.js...
[15:00:55]: Building...
[15:00:55]: Building debug.js...
[15:01:00]: Built js/debug.js...
[15:01:00]: Producing bundles...
[15:01:00]: Packaging...
[15:01:00]: Building hmr-runtime.js...
[15:01:01]: Built ../node_modules/parcel-bundler/src/builtins/hmr-runtime.js...
[15:01:01]: Building bundle-loader.js...
[15:01:02]: Built ../node_modules/parcel-bundler/src/builtins/bundle-loader.js...
[15:01:03]: Building js-loader.js...
[15:01:03]: Built ../node_modules/parcel-bundler/src/builtins/loaders/browser/js-loader.js...
[15:01:04]: ✨  Built in 9.03s.
[15:01:04]: Building debug.js...
[15:01:04]: Building...
[15:01:04]: Building debug.js...
[15:01:04]: Building debug.js...
[15:01:08]: Built js/debug.js...
[15:01:08]: Producing bundles...
[15:01:08]: Packaging...
[15:01:12]: ✨  Built in 8.07s.
[15:01:12]: Building...
[15:01:12]: Producing bundles...
[15:01:13]: Packaging...
[15:01:13]: ✨  Built in 324ms.
[15:02:14]: Building debug.js...
[15:02:14]: Building debug.js...
[15:02:14]: Building debug.js...
[15:02:14]: Building...
[15:02:14]: Building debug.js...
[15:02:19]: Built js/debug.js...
[15:02:19]: Producing bundles...
[15:02:19]: Packaging...
[15:02:20]: Building hmr-runtime.js...
[15:02:21]: Built ../node_modules/parcel-bundler/src/builtins/hmr-runtime.js...
[15:02:21]: Building bundle-loader.js...
[15:02:21]: Built ../node_modules/parcel-bundler/src/builtins/bundle-loader.js...
[15:02:21]: Building js-loader.js...
[15:02:22]: Built ../node_modules/parcel-bundler/src/builtins/loaders/browser/js-loader.js...
[15:02:22]: ✨  Built in 8.25s.
[15:03:10]: Building debug.js...
[15:03:10]: Building debug.js...
[15:03:10]: Building debug.js...
[15:03:10]: Building...
[15:03:10]: Building debug.js...
[15:03:14]: Built js/debug.js...
[15:03:14]: Producing bundles...
[15:03:14]: Packaging...
[15:03:16]: ✨  Built in 5.54s.
[15:03:53]: Building debug.js...
[15:03:53]: Building debug.js...
[15:03:53]: Building debug.js...
[15:03:53]: Building...
[15:03:53]: Building debug.js...
[15:03:58]: Built js/debug.js...
[15:03:58]: Producing bundles...
[15:03:58]: Packaging...
[15:03:59]: ✨  Built in 5.85s.
[15:04:31]: Building debug.js...
[15:04:31]: Building debug.js...
[15:04:31]: Building...
[15:04:31]: Building debug.js...
[15:04:35]: Built js/debug.js...
[15:04:35]: Producing bundles...
[15:04:35]: Packaging...
[15:04:36]: ✨  Built in 5.39s.
[15:05:49]: Building debug.js...
[15:05:49]: Building...
[15:05:49]: Building debug.js...
[15:05:49]: Building debug.js...
[15:05:55]: Built js/debug.js...
[15:05:55]: Producing bundles...
[15:05:55]: Packaging...
[15:05:56]: ✨  Built in 6.86s.
[15:05:56]: Building...
[15:05:56]: Producing bundles...
[15:05:56]: Packaging...
[15:05:56]: ✨  Built in 95ms.
[15:06:36]: Building debug.js...
[15:06:37]: Building debug.js...
[15:06:37]: Building debug.js...
[15:06:37]: Building...
[15:06:37]: Building debug.js...
[15:06:40]: Built js/debug.js...
[15:06:40]: Producing bundles...
[15:06:41]: Packaging...
[15:06:41]: Building hmr-runtime.js...
[15:06:42]: Built ../node_modules/parcel-bundler/src/builtins/hmr-runtime.js...
[15:06:42]: Building bundle-loader.js...
[15:06:42]: Built ../node_modules/parcel-bundler/src/builtins/bundle-loader.js...
[15:06:42]: Building js-loader.js...
[15:06:43]: Built ../node_modules/parcel-bundler/src/builtins/loaders/browser/js-loader.js...
[15:06:43]: ✨  Built in 6.38s.
[15:06:55]: Building debug.js...
[15:06:55]: Building...
[15:06:55]: Building debug.js...
[15:06:55]: Building debug.js...
[15:06:59]: Built js/debug.js...
[15:06:59]: Producing bundles...
[15:06:59]: Packaging...
[15:07:00]: ✨  Built in 4.90s.
[15:07:00]: Building...
[15:07:00]: Producing bundles...
[15:07:00]: Packaging...
[15:07:00]: ✨  Built in 96ms.
[15:13:26]: Building debug.js...
[15:13:26]: Building...
[15:13:26]: Building debug.js...
[15:13:31]: Built js/debug.js...
[15:13:31]: Producing bundles...
[15:13:32]: Packaging...
[15:13:32]: Building hmr-runtime.js...
[15:13:33]: Built ../node_modules/parcel-bundler/src/builtins/hmr-runtime.js...
[15:13:33]: Building bundle-loader.js...
[15:13:33]: Built ../node_modules/parcel-bundler/src/builtins/bundle-loader.js...
[15:13:33]: Building js-loader.js...
[15:13:34]: Built ../node_modules/parcel-bundler/src/builtins/loaders/browser/js-loader.js...
[15:13:34]: ✨  Built in 7.89s.
[15:16:48]: Building debug.js...
[15:16:48]: Building...
[15:16:48]: Building debug.js...
[15:16:52]: Built js/debug.js...
[15:16:52]: Producing bundles...
[15:16:52]: Packaging...
[15:16:54]: ✨  Built in 5.61s.
[16:03:06]: Building debug.scss...
[16:03:06]: Building debug.scss...
[16:03:07]: Building...
[16:03:07]: Building debug.scss...
[16:03:07]: Building debug.scss...
[16:03:15]: Built scss/debug.scss...
[16:03:15]: Producing bundles...
[16:03:15]: Packaging...
[16:03:15]: ✨  Built in 8.73s.
[16:03:15]: Building...
[16:03:15]: Producing bundles...
[16:03:15]: Packaging...
[16:03:16]: ✨  Built in 99ms.
[17:15:26]: Building _obisTable.pug...
[17:15:26]: Building...
[17:15:26]: Building debug.pug...
[17:15:28]: Built views/debug.pug...
[17:15:28]: Producing bundles...
[17:15:28]: Packaging...
[17:15:29]: ✨  Built in 2.49s.
[17:16:03]: Building debug.js...
[17:16:03]: Building...
[17:16:03]: Building debug.js...
[17:16:08]: Built js/debug.js...
[17:16:08]: Producing bundles...
[17:16:08]: Packaging...
[17:16:09]: Building hmr-runtime.js...
[17:16:09]: Built ../node_modules/parcel-bundler/src/builtins/hmr-runtime.js...
[17:16:09]: Building bundle-loader.js...
[17:16:09]: Built ../node_modules/parcel-bundler/src/builtins/bundle-loader.js...
[17:16:09]: Building js-loader.js...
[17:16:10]: Built ../node_modules/parcel-bundler/src/builtins/loaders/browser/js-loader.js...
[17:16:10]: ✨  Built in 6.53s.
[17:19:03]: Building _tables.scss...
[17:19:04]: Building...
[17:19:04]: Building graph.scss...
[17:19:04]: Building settings.scss...
[17:19:04]: Building setup.scss...
[17:19:04]: Building debug.scss...
[17:19:04]: Building main.scss...
[17:19:33]: Built scss/graph.scss...
[17:19:33]: Built scss/settings.scss...
[17:19:33]: Built scss/setup.scss...
[17:19:33]: Built scss/main.scss...
[17:19:34]: Built scss/debug.scss...
[17:19:34]: Producing bundles...
[17:19:34]: Packaging...
[17:19:35]: ✨  Built in 31.43s.
[17:19:51]: Building _template.scss...
[17:19:52]: Building _template.scss...
[17:19:52]: Building...
[17:19:52]: Building graph.scss...
[17:19:52]: Building settings.scss...
[17:19:52]: Building setup.scss...
[17:19:52]: Building debug.scss...
[17:19:52]: Building main.scss...
[17:20:00]: Building _template.scss...
[17:20:07]: Building debug.scss...
[17:20:07]: Building debug.scss...
[17:20:07]: Building debug.scss...
[17:20:09]: Built scss/graph.scss...
[17:20:09]: Built scss/settings.scss...
[17:20:09]: Built scss/setup.scss...
[17:20:10]: Built scss/main.scss...
[17:20:10]: Built scss/debug.scss...
[17:20:10]: Producing bundles...
[17:20:10]: Packaging...
[17:20:12]: ✨  Built in 19.97s.
[17:20:12]: Building...
[17:20:12]: Producing bundles...
[17:20:12]: Packaging...
[17:20:12]: ✨  Built in 131ms.
[17:20:12]: Building...
[17:20:12]: Producing bundles...
[17:20:12]: Packaging...
[17:20:12]: ✨  Built in 100ms.
[17:25:09]: Building debug.js...
[17:25:09]: Building...
[17:25:09]: Building debug.js...
[17:25:09]: Building debug.js...
[17:25:10]: Built js/debug.js...
[17:25:10]: Producing bundles...
[17:25:10]: Packaging...
[17:25:10]: Building hmr-runtime.js...
[17:25:11]: Built ../node_modules/parcel-bundler/src/builtins/hmr-runtime.js...
[17:25:11]: Building bundle-loader.js...
[17:25:14]: Built ../node_modules/parcel-bundler/src/builtins/bundle-loader.js...
[17:25:15]: Building html-loader.js...
[17:25:15]: Built ../node_modules/parcel-bundler/src/builtins/loaders/browser/html-loader.js...
[17:25:16]: ✨  Built in 6.51s.
[17:25:16]: Building...
[17:25:16]: Producing bundles...
[17:25:16]: Packaging...
[17:25:16]: ✨  Built in 199ms.
[17:29:05]: Building debug.js...
[17:29:05]: Building...
[17:29:05]: Building debug.js...
[17:29:15]: Building slicedToArray.js...
[17:29:15]: Building arrayWithHoles.js...
[17:29:15]: Building iterableToArrayLimit.js...
[17:29:15]: Building nonIterableRest.js...
[17:29:15]: Built ../node_modules/@babel/runtime/helpers/arrayWithHoles.js...
[17:29:15]: Built ../node_modules/@babel/runtime/helpers/iterableToArrayLimit.js...
[17:29:15]: Built ../node_modules/@babel/runtime/helpers/nonIterableRest.js...
[17:29:15]: Built ../node_modules/@babel/runtime/helpers/slicedToArray.js...
[17:29:15]: Built js/debug.js...
[17:29:15]: Producing bundles...
[17:29:15]: Packaging...
[17:29:16]: Building hmr-runtime.js...
[17:29:17]: Built ../node_modules/parcel-bundler/src/builtins/hmr-runtime.js...
[17:29:17]: Building bundle-loader.js...
[17:29:17]: 🚨  Cannot read property 'js' of null
[17:29:17]:     at JSPackager.dedupeKey (/home/pi/han1/node_modules/parcel-bundler/src/packagers/JSPackager.js:110:40)
    at JSPackager.addAsset (/home/pi/han1/node_modules/parcel-bundler/src/packagers/JSPackager.js:42:22)
    at JSPackager.addAssetToBundle (/home/pi/han1/node_modules/parcel-bundler/src/packagers/JSPackager.js:145:16)
    at JSPackager.writeBundleLoaders (/home/pi/han1/node_modules/parcel-bundler/src/packagers/JSPackager.js:161:18)
    at JSPackager.end (/home/pi/han1/node_modules/parcel-bundler/src/packagers/JSPackager.js:221:20)
    at <anonymous>
[17:29:18]: Built ../node_modules/parcel-bundler/src/builtins/bundle-loader.js...
[17:29:18]: Built ../node_modules/parcel-bundler/src/builtins/loaders/browser/html-loader.js...
[17:29:39]: Building debug.js...
[17:29:39]: Building...
[17:29:39]: Building debug.js...
[17:29:40]: Built js/debug.js...
[17:29:40]: Producing bundles...
[17:29:40]: Packaging...
[17:29:40]: ✨  Built in 653ms.
[17:29:40]: Building debug.js...
[17:29:40]: Building debug.js...
[17:29:41]: Building...
[17:29:41]: Building debug.js...
[17:29:48]: Building slicedToArray.js...
[17:29:49]: Building arrayWithHoles.js...
[17:29:49]: Building iterableToArrayLimit.js...
[17:29:49]: Building nonIterableRest.js...
[17:29:49]: Built ../node_modules/@babel/runtime/helpers/arrayWithHoles.js...
[17:29:49]: Built ../node_modules/@babel/runtime/helpers/iterableToArrayLimit.js...
[17:29:49]: Built ../node_modules/@babel/runtime/helpers/nonIterableRest.js...
[17:29:49]: Built ../node_modules/@babel/runtime/helpers/slicedToArray.js...
[17:29:49]: Built js/debug.js...
[17:29:49]: Producing bundles...
[17:29:49]: Packaging...
[17:29:50]: Building hmr-runtime.js...
[17:29:51]: Built ../node_modules/parcel-bundler/src/builtins/hmr-runtime.js...
[17:29:51]: Building bundle-loader.js...
[17:29:51]: 🚨  Cannot read property 'js' of null
[17:29:51]:     at JSPackager.dedupeKey (/home/pi/han1/node_modules/parcel-bundler/src/packagers/JSPackager.js:110:40)
    at JSPackager.addAsset (/home/pi/han1/node_modules/parcel-bundler/src/packagers/JSPackager.js:42:22)
    at JSPackager.addAssetToBundle (/home/pi/han1/node_modules/parcel-bundler/src/packagers/JSPackager.js:145:16)
    at JSPackager.writeBundleLoaders (/home/pi/han1/node_modules/parcel-bundler/src/packagers/JSPackager.js:161:18)
    at JSPackager.end (/home/pi/han1/node_modules/parcel-bundler/src/packagers/JSPackager.js:221:20)
    at <anonymous>
[17:29:51]: Built ../node_modules/parcel-bundler/src/builtins/bundle-loader.js...
[17:29:51]: Built ../node_modules/parcel-bundler/src/builtins/loaders/browser/html-loader.js...
[17:30:04]: Building debug.js...
[17:30:04]: Building debug.js...
[17:30:04]: Building debug.js...
[17:30:04]: Building...
[17:30:05]: Building debug.js...
[17:30:10]: Built js/debug.js...
[17:30:10]: Producing bundles...
[17:30:10]: Packaging...
[17:30:11]: Building js-loader.js...
[17:30:12]: Built ../node_modules/parcel-bundler/src/builtins/loaders/browser/js-loader.js...
[17:30:17]: ✨  Built in 12.12s.
[17:41:09]: Building debug.js...
[17:41:09]: Building debug.js...
[17:41:09]: Building...
[17:41:09]: Building debug.js...
[17:41:18]: Built js/debug.js...
[17:41:18]: Producing bundles...
[17:41:18]: Packaging...
[17:41:20]: ✨  Built in 10.72s.
[17:41:36]: Building debug.js...
[17:41:36]: Building debug.js...
[17:41:36]: Building debug.js...
[17:41:36]: Building...
[17:41:36]: Building debug.js...
[17:41:44]: Built js/debug.js...
[17:41:44]: Producing bundles...
[17:41:45]: Packaging...
[17:41:46]: ✨  Built in 9.72s.
[17:44:25]: Building debug.js...
[17:44:25]: Building...
[17:44:25]: Building debug.js...
[17:44:30]: Built js/debug.js...
[17:44:30]: Producing bundles...
[17:44:31]: Packaging...
[17:44:33]: ✨  Built in 7.47s.
[17:44:43]: Building debug.js...
[17:44:43]: Building debug.js...
[17:44:43]: Building debug.js...
[17:44:43]: Building...
[17:44:43]: Building debug.js...
[17:44:48]: Built js/debug.js...
[17:44:48]: Producing bundles...
[17:44:48]: Packaging...
[17:44:50]: ✨  Built in 6.29s.
[17:45:22]: Building _tables.scss...
[17:45:22]: Building _tables.scss...
[17:45:22]: Building...
[17:45:22]: Building graph.scss...
[17:45:22]: Building settings.scss...
[17:45:22]: Building setup.scss...
[17:45:22]: Building debug.scss...
[17:45:22]: Building main.scss...
[17:45:47]: Built scss/graph.scss...
[17:45:48]: Built scss/settings.scss...
[17:45:48]: Built scss/setup.scss...
[17:45:48]: Built scss/main.scss...
[17:45:48]: Built scss/debug.scss...
[17:45:48]: Producing bundles...
[17:45:49]: Packaging...
[17:45:49]: ✨  Built in 26.86s.
[18:09:24]: Building _tables.scss...
[18:09:24]: Building...
[18:09:24]: Building graph.scss...
[18:09:24]: Building settings.scss...
[18:09:24]: Building setup.scss...
[18:09:24]: Building debug.scss...
[18:09:24]: Building main.scss...
[18:09:39]: Building _tables.scss...
[18:09:39]: Building _tables.scss...
[18:09:39]: Building _tables.scss...
[18:09:50]: Built scss/graph.scss...
[18:09:50]: Built scss/settings.scss...
[18:09:50]: Built scss/setup.scss...
[18:09:51]: Built scss/main.scss...
[18:09:51]: Built scss/debug.scss...
[18:09:51]: Producing bundles...
[18:09:51]: Packaging...
[18:09:53]: ✨  Built in 28.37s.
[18:09:53]: Building...
[18:09:53]: Producing bundles...
[18:09:53]: Packaging...
[18:09:53]: ✨  Built in 115ms.
[18:10:23]: Building debug.js...
[18:10:23]: Building debug.js...
[18:10:23]: Building debug.js...
[18:10:23]: Building...
[18:10:23]: Building debug.js...
[18:10:34]: Built js/debug.js...
[18:10:34]: Producing bundles...
[18:10:34]: Packaging...
[18:10:35]: Building hmr-runtime.js...
[18:10:35]: Built ../node_modules/parcel-bundler/src/builtins/hmr-runtime.js...
[18:10:35]: Building bundle-loader.js...
[18:10:36]: Built ../node_modules/parcel-bundler/src/builtins/bundle-loader.js...
[18:10:36]: Building js-loader.js...
[18:10:36]: Built ../node_modules/parcel-bundler/src/builtins/loaders/browser/js-loader.js...
[18:10:37]: ✨  Built in 13.68s.
[21:03:10]: Building _tables.scss...
[21:03:10]: Building...
[21:03:10]: Building graph.scss...
[21:03:10]: Building settings.scss...
[21:03:11]: Building setup.scss...
[21:03:11]: Building debug.scss...
[21:03:11]: Building main.scss...
[21:03:34]: Built scss/graph.scss...
[21:03:34]: Built scss/settings.scss...
[21:03:35]: Built scss/setup.scss...
[21:03:35]: Built scss/main.scss...
[21:03:35]: Built scss/debug.scss...
[21:03:35]: Producing bundles...
[21:03:36]: Packaging...
[21:03:36]: ✨  Built in 25.77s.
[21:04:27]: Building _tables.scss...
[21:04:27]: Building...
[21:04:27]: Building graph.scss...
[21:04:27]: Building settings.scss...
[21:04:27]: Building setup.scss...
[21:04:27]: Building debug.scss...
[21:04:27]: Building main.scss...
[21:04:40]: Building _tables.scss...
[21:04:40]: Building _tables.scss...
[21:04:40]: Building _tables.scss...
[21:04:52]: Built scss/graph.scss...
[21:04:52]: Built scss/settings.scss...
[21:04:53]: Built scss/setup.scss...
[21:04:53]: Built scss/main.scss...
[21:04:53]: Built scss/debug.scss...
[21:04:53]: Producing bundles...
[21:04:53]: Packaging...
[21:04:55]: ✨  Built in 27.74s.
[21:04:55]: Building...
[21:04:55]: Producing bundles...
[21:04:55]: Packaging...
[21:04:55]: ✨  Built in 204ms.
[21:05:39]: Building _tables.scss...
[21:05:39]: Building...
[21:05:39]: Building graph.scss...
[21:05:39]: Building settings.scss...
[21:05:39]: Building setup.scss...
[21:05:39]: Building debug.scss...
[21:05:39]: Building main.scss...
[21:06:04]: Built scss/graph.scss...
[21:06:05]: Built scss/settings.scss...
[21:06:05]: Built scss/setup.scss...
[21:06:05]: Built scss/main.scss...
[21:06:05]: Built scss/debug.scss...
[21:06:05]: Producing bundles...
[21:06:06]: Packaging...
[21:06:06]: Building hmr-runtime.js...
[21:06:07]: Built ../node_modules/parcel-bundler/src/builtins/hmr-runtime.js...
[21:06:07]: ✨  Built in 28.04s.
[21:06:24]: Building _tables.scss...
[21:06:24]: Building _tables.scss...
[21:06:24]: Building _tables.scss...
[21:06:24]: Building...
[21:06:24]: Building graph.scss...
[21:06:24]: Building settings.scss...
[21:06:24]: Building setup.scss...
[21:06:24]: Building debug.scss...
[21:06:24]: Building main.scss...
[21:06:48]: Built scss/graph.scss...
[21:06:48]: Built scss/settings.scss...
[21:06:48]: Built scss/setup.scss...
[21:06:49]: Built scss/main.scss...
[21:06:49]: Built scss/debug.scss...
[21:06:49]: Producing bundles...
[21:06:49]: Packaging...
[21:06:50]: ✨  Built in 25.53s.
[21:10:25]: Building _obisTable.pug...
[21:10:25]: Building _obisTable.pug...
[21:10:25]: Building...
[21:10:25]: Building debug.pug...
[21:10:29]: Built views/debug.pug...
[21:10:29]: Producing bundles...
[21:10:29]: Packaging...
[21:10:30]: ✨  Built in 4.47s.
[21:12:39]: Building _tables.scss...
[21:12:39]: Building...
[21:12:39]: Building graph.scss...
[21:12:39]: Building settings.scss...
[21:12:39]: Building setup.scss...
[21:12:39]: Building debug.scss...
[21:12:39]: Building main.scss...
[21:13:03]: Built scss/graph.scss...
[21:13:03]: Built scss/settings.scss...
[21:13:04]: Built scss/setup.scss...
[21:13:04]: Built scss/main.scss...
[21:13:04]: Built scss/debug.scss...
[21:13:04]: Producing bundles...
[21:13:04]: Packaging...
[21:13:05]: Building hmr-runtime.js...
[21:13:06]: Built ../node_modules/parcel-bundler/src/builtins/hmr-runtime.js...
[21:13:06]: ✨  Built in 27.22s.
[21:13:18]: Building _tables.scss...
[21:13:18]: Building _tables.scss...
[21:13:18]: Building _tables.scss...
[21:13:18]: Building...
[21:13:18]: Building graph.scss...
[21:13:18]: Building settings.scss...
[21:13:18]: Building setup.scss...
[21:13:18]: Building debug.scss...
[21:13:18]: Building main.scss...
[21:13:44]: Built scss/graph.scss...
[21:13:44]: Built scss/settings.scss...
[21:13:44]: Built scss/setup.scss...
[21:13:44]: Built scss/main.scss...
[21:13:44]: Built scss/debug.scss...
[21:13:44]: Producing bundles...
[21:13:44]: Packaging...
[21:13:45]: ✨  Built in 26.61s.
[21:15:26]: Building _tables.scss...
[21:15:26]: Building...
[21:15:26]: Building graph.scss...
[21:15:26]: Building settings.scss...
[21:15:26]: Building setup.scss...
[21:15:26]: Building debug.scss...
[21:15:26]: Building main.scss...
[21:15:46]: Built scss/graph.scss...
[21:15:46]: Built scss/settings.scss...
[21:15:47]: Built scss/setup.scss...
[21:15:47]: Built scss/main.scss...
[21:15:47]: Built scss/debug.scss...
[21:15:47]: Producing bundles...
[21:15:47]: Packaging...
[21:15:47]: ✨  Built in 21.23s.
[21:16:10]: Building _tables.scss...
[21:16:10]: Building _tables.scss...
[21:16:10]: Building...
[21:16:10]: Building graph.scss...
[21:16:10]: Building settings.scss...
[21:16:10]: Building setup.scss...
[21:16:10]: Building debug.scss...
[21:16:10]: Building main.scss...
[21:16:10]: Building _tables.scss...
[21:16:30]: Built scss/graph.scss...
[21:16:30]: Built scss/settings.scss...
[21:16:31]: Built scss/setup.scss...
[21:16:31]: Built scss/main.scss...
[21:16:32]: Built scss/debug.scss...
[21:16:32]: Producing bundles...
[21:16:32]: Packaging...
[21:16:32]: ✨  Built in 22.43s.
[21:16:32]: Building...
[21:16:32]: Producing bundles...
[21:16:32]: Packaging...
[21:16:32]: ✨  Built in 94ms.
[21:17:32]: Building _tables.scss...
[21:17:32]: Building...
[21:17:32]: Building graph.scss...
[21:17:32]: Building settings.scss...
[21:17:32]: Building setup.scss...
[21:17:32]: Building debug.scss...
[21:17:32]: Building main.scss...
[21:17:49]: Built scss/graph.scss...
[21:17:49]: Built scss/settings.scss...
[21:17:50]: Built scss/setup.scss...
[21:17:50]: Built scss/main.scss...
[21:17:50]: Built scss/debug.scss...
[21:17:50]: Producing bundles...
[21:17:50]: Packaging...
[21:17:50]: Building hmr-runtime.js...
[21:17:51]: Built ../node_modules/parcel-bundler/src/builtins/hmr-runtime.js...
[21:17:51]: ✨  Built in 18.97s.
[21:18:22]: Building _tables.scss...
[21:18:22]: Building...
[21:18:22]: Building graph.scss...
[21:18:22]: Building settings.scss...
[21:18:22]: Building setup.scss...
[21:18:22]: Building debug.scss...
[21:18:22]: Building main.scss...
[21:18:37]: Built scss/graph.scss...
[21:18:37]: Built scss/settings.scss...
[21:18:37]: Built scss/setup.scss...
[21:18:38]: Built scss/main.scss...
[21:18:39]: Built scss/debug.scss...
[21:18:39]: Producing bundles...
[21:18:39]: Packaging...
[21:18:40]: ✨  Built in 18.74s.
[21:20:18]: Building _tables.scss...
[21:20:18]: Building _tables.scss...
[21:20:18]: Building...
[21:20:18]: Building graph.scss...
[21:20:18]: Building settings.scss...
[21:20:18]: Building setup.scss...
[21:20:18]: Building debug.scss...
[21:20:18]: Building main.scss...
[21:20:33]: Built scss/graph.scss...
[21:20:33]: Built scss/settings.scss...
[21:20:33]: Built scss/setup.scss...
[21:20:34]: Built scss/main.scss...
[21:20:34]: Built scss/debug.scss...
[21:20:34]: Producing bundles...
[21:20:34]: Packaging...
[21:20:35]: ✨  Built in 16.60s.
[21:23:27]: Building _tables.scss...
[21:23:27]: Building...
[21:23:27]: Building graph.scss...
[21:23:27]: Building settings.scss...
[21:23:27]: Building setup.scss...
[21:23:27]: Building debug.scss...
[21:23:27]: Building main.scss...
[21:23:43]: Built scss/graph.scss...
[21:23:44]: Built scss/settings.scss...
[21:23:44]: Built scss/setup.scss...
[21:23:45]: Built scss/main.scss...
[21:23:45]: Built scss/debug.scss...
[21:23:46]: Producing bundles...
[21:23:46]: Packaging...
[21:23:47]: ✨  Built in 20.41s.
[21:24:38]: Building _tables.scss...
[21:24:39]: Building...
[21:24:39]: Building graph.scss...
[21:24:39]: Building settings.scss...
[21:24:39]: Building setup.scss...
[21:24:39]: Building debug.scss...
[21:24:39]: Building main.scss...
[21:24:55]: Built scss/graph.scss...
[21:24:55]: Built scss/settings.scss...
[21:24:55]: Built scss/setup.scss...
[21:24:56]: Built scss/main.scss...
[21:24:56]: Built scss/debug.scss...
[21:24:56]: Producing bundles...
[21:24:56]: Packaging...
[21:24:56]: ✨  Built in 17.86s.
[21:25:47]: Building _tables.scss...
[21:25:47]: Building...
[21:25:47]: Building graph.scss...
[21:25:47]: Building settings.scss...
[21:25:47]: Building setup.scss...
[21:25:48]: Building debug.scss...
[21:25:48]: Building main.scss...
[21:26:03]: Built scss/graph.scss...
[21:26:03]: Built scss/settings.scss...
[21:26:03]: Built scss/setup.scss...
[21:26:03]: Built scss/main.scss...
[21:26:04]: Built scss/debug.scss...
[21:26:04]: Producing bundles...
[21:26:04]: Packaging...
[21:26:04]: ✨  Built in 16.64s.
[21:28:34]: Building _tables.scss...
[21:28:34]: Building...
[21:28:34]: Building graph.scss...
[21:28:34]: Building settings.scss...
[21:28:34]: Building setup.scss...
[21:28:34]: Building debug.scss...
[21:28:34]: Building main.scss...
[21:29:00]: Built scss/graph.scss...
[21:29:00]: Built scss/settings.scss...
[21:29:00]: Built scss/setup.scss...
[21:29:00]: Built scss/main.scss...
[21:29:01]: Built scss/debug.scss...
[21:29:01]: Producing bundles...
[21:29:01]: Packaging...
[21:29:02]: ✨  Built in 27.50s.
[21:29:18]: Building _tables.scss...
[21:29:18]: Building _tables.scss...
[21:29:18]: Building...
[21:29:18]: Building graph.scss...
[21:29:18]: Building settings.scss...
[21:29:18]: Building setup.scss...
[21:29:18]: Building debug.scss...
[21:29:18]: Building main.scss...
[21:29:36]: Built scss/graph.scss...
[21:29:36]: Built scss/settings.scss...
[21:29:37]: Built scss/setup.scss...
[21:29:37]: Built scss/main.scss...
[21:29:37]: Built scss/debug.scss...
[21:29:37]: Producing bundles...
[21:29:37]: Packaging...
[21:29:38]: ✨  Built in 19.42s.
[21:29:41]: Building _tables.scss...
[21:29:41]: Building...
[21:29:41]: Building graph.scss...
[21:29:41]: Building settings.scss...
[21:29:41]: Building setup.scss...
[21:29:41]: Building debug.scss...
[21:29:41]: Building main.scss...
[21:29:41]: Building _tables.scss...
[21:29:41]: Building _tables.scss...
[21:30:01]: Built scss/graph.scss...
[21:30:01]: Built scss/settings.scss...
[21:30:02]: Built scss/setup.scss...
[21:30:02]: Built scss/main.scss...
[21:30:03]: Built scss/debug.scss...
[21:30:03]: Producing bundles...
[21:30:03]: Packaging...
[21:30:03]: ✨  Built in 22.51s.
[21:30:03]: Building...
[21:30:03]: Producing bundles...
[21:30:03]: Packaging...
[21:30:03]: ✨  Built in 149ms.
[21:32:50]: Building _tables.scss...
[21:32:50]: Building _tables.scss...
[21:32:50]: Building _tables.scss...
[21:32:50]: Building...
[21:32:50]: Building graph.scss...
[21:32:50]: Building settings.scss...
[21:32:50]: Building setup.scss...
[21:32:50]: Building debug.scss...
[21:32:50]: Building main.scss...
[21:33:07]: Built scss/graph.scss...
[21:33:07]: Built scss/settings.scss...
[21:33:08]: Built scss/setup.scss...
[21:33:08]: Built scss/main.scss...
[21:33:09]: Built scss/debug.scss...
[21:33:09]: Producing bundles...
[21:33:09]: Packaging...
[21:33:10]: Building hmr-runtime.js...
[21:33:10]: Built ../node_modules/parcel-bundler/src/builtins/hmr-runtime.js...
[21:33:11]: ✨  Built in 20.26s.
[22:23:47]: Building debug.js...
[22:23:48]: Building...
[22:23:48]: Building debug.js...
[22:24:00]: Built js/debug.js...
[22:24:00]: Producing bundles...
[22:24:00]: Packaging...
[22:24:01]: Building bundle-loader.js...
[22:24:02]: Built ../node_modules/parcel-bundler/src/builtins/bundle-loader.js...
[22:24:02]: Building js-loader.js...
[22:24:02]: Built ../node_modules/parcel-bundler/src/builtins/loaders/browser/js-loader.js...
[22:24:03]: ✨  Built in 15.19s.
[22:24:32]: Building debug.js...
[22:24:32]: Building debug.js...
[22:24:32]: Building debug.js...
[22:24:32]: Building...
[22:24:32]: Building debug.js...
[22:24:42]: Built js/debug.js...
[22:24:42]: Producing bundles...
[22:24:42]: Packaging...
[22:24:43]: ✨  Built in 11.25s.
[22:28:47]: Building debug.js...
[22:28:47]: Building...
[22:28:47]: Building debug.js...
[22:28:52]: Built js/debug.js...
[22:28:52]: Producing bundles...
[22:28:53]: Packaging...
[22:28:54]: ✨  Built in 7.34s.
[22:33:07]: Building debug.js...
[22:33:07]: Building...
[22:33:07]: Building debug.js...
[22:33:15]: Built js/debug.js...
[22:33:15]: Producing bundles...
[22:33:15]: Packaging...
[22:33:19]: ✨  Built in 12.31s.
[22:37:49]: Building debug.js...
[22:37:49]: Building...
[22:37:49]: Building debug.js...
[22:37:56]: Built js/debug.js...
[22:37:56]: Producing bundles...
[22:37:57]: Packaging...
[22:37:59]: ✨  Built in 9.62s.
[22:40:21]: Building debug.js...
[22:40:21]: Building...
[22:40:21]: Building debug.js...
[22:40:28]: Built js/debug.js...
[22:40:28]: Producing bundles...
[22:40:28]: Packaging...
[22:40:29]: ✨  Built in 7.72s.
[22:40:47]: Building debug.js...
[22:40:47]: Building debug.js...
[22:40:47]: Building...
[22:40:47]: Building debug.js...
[22:40:54]: Built js/debug.js...
[22:40:54]: Producing bundles...
[22:40:55]: Packaging...
[22:40:56]: ✨  Built in 8.16s.
[22:42:05]: Building debug.scss...
[22:42:05]: Building debug.scss...
[22:42:05]: Building...
[22:42:05]: Building debug.scss...
[22:42:12]: Built scss/debug.scss...
[22:42:12]: Producing bundles...
[22:42:12]: Packaging...
[22:42:12]: ✨  Built in 7.23s.
[22:42:20]: Building debug.scss...
[22:42:20]: Building debug.scss...
[22:42:20]: Building debug.scss...
[22:42:20]: Building...
[22:42:20]: Building debug.scss...
[22:42:24]: Built scss/debug.scss...
[22:42:24]: Producing bundles...
[22:42:24]: Packaging...
[22:42:25]: ✨  Built in 4.90s.
[22:42:50]: Building debug.js...
[22:42:50]: Building debug.js...
[22:42:51]: Building debug.js...
[22:42:51]: Building...
[22:42:51]: Building debug.js...
[22:42:58]: Built js/debug.js...
[22:42:58]: Producing bundles...
[22:42:59]: Packaging...
[22:43:00]: Building bundle-loader.js...
[22:43:00]: Built ../node_modules/parcel-bundler/src/builtins/bundle-loader.js...
[22:43:00]: Building js-loader.js...
[22:43:01]: Built ../node_modules/parcel-bundler/src/builtins/loaders/browser/js-loader.js...
[22:43:01]: ✨  Built in 10.31s.
[22:43:45]: Building debug.js...
[22:43:45]: Building debug.js...
[22:43:45]: Building debug.js...
[22:43:46]: Building...
[22:43:46]: Building debug.js...
[22:43:53]: Built js/debug.js...
[22:43:53]: Producing bundles...
[22:43:53]: Packaging...
[22:43:54]: ✨  Built in 8.66s.
[22:44:18]: Building debug.js...
[22:44:18]: Building debug.js...
[22:44:19]: Building...
[22:44:19]: Building debug.js...
[22:44:19]: Building debug.js...
[22:44:27]: Built js/debug.js...
[22:44:27]: Producing bundles...
[22:44:27]: Packaging...
[22:44:28]: ✨  Built in 9.66s.
[22:44:28]: Building...
[22:44:28]: Producing bundles...
[22:44:28]: Packaging...
[22:44:28]: ✨  Built in 203ms.
[22:44:31]: Building debug.js...
[22:44:31]: Building...
[22:44:31]: Building debug.js...
[22:44:31]: Building debug.js...
[22:44:31]: Building debug.js...
[22:44:38]: Built js/debug.js...
[22:44:38]: Producing bundles...
[22:44:38]: Packaging...
[22:44:39]: Building hmr-runtime.js...
[22:44:39]: Built ../node_modules/parcel-bundler/src/builtins/hmr-runtime.js...
[22:44:39]: Building bundle-loader.js...
[22:44:40]: Built ../node_modules/parcel-bundler/src/builtins/bundle-loader.js...
[22:44:40]: Building js-loader.js...
[22:44:40]: Built ../node_modules/parcel-bundler/src/builtins/loaders/browser/js-loader.js...
[22:44:42]: ✨  Built in 10.40s.
[22:44:42]: Building...
[22:44:42]: Producing bundles...
[22:44:42]: 🚨  WebSocket is not open: readyState 2 (CLOSING)
[22:44:42]:     at WebSocket.send (/home/pi/han1/node_modules/ws/lib/websocket.js:314:19)
    at HMRServer.broadcast (/home/pi/han1/node_modules/parcel-bundler/src/HMRServer.js:110:10)
    at HMRServer.emitUpdate (/home/pi/han1/node_modules/parcel-bundler/src/HMRServer.js:81:12)
    at Bundler.bundle (/home/pi/han1/node_modules/parcel-bundler/src/Bundler.js:302:18)
    at <anonymous>
    at process._tickCallback (internal/process/next_tick.js:188:7)
[22:44:42]: Building...
[22:44:42]: Producing bundles...
[22:44:42]: 🚨  WebSocket is not open: readyState 2 (CLOSING)
[22:44:42]:     at WebSocket.send (/home/pi/han1/node_modules/ws/lib/websocket.js:314:19)
    at HMRServer.broadcast (/home/pi/han1/node_modules/parcel-bundler/src/HMRServer.js:110:10)
    at HMRServer.emitUpdate (/home/pi/han1/node_modules/parcel-bundler/src/HMRServer.js:70:12)
    at Bundler.bundle (/home/pi/han1/node_modules/parcel-bundler/src/Bundler.js:302:18)
    at <anonymous>
    at process._tickCallback (internal/process/next_tick.js:188:7)
[22:45:06]: Building debug.js...
[22:45:06]: Building debug.js...
[22:45:06]: Building debug.js...
[22:45:06]: Building...
[22:45:06]: Building debug.js...
[22:45:12]: Built js/debug.js...
[22:45:12]: Producing bundles...
[22:45:13]: Packaging...
[22:45:13]: ✨  Built in 6.89s.
[22:46:03]: Building debug.js...
[22:46:03]: Building debug.js...
[22:46:03]: Building debug.js...
[22:46:03]: Building...
[22:46:03]: Building debug.js...
[22:46:09]: Built js/debug.js...
[22:46:09]: Producing bundles...
[22:46:10]: Packaging...
[22:46:13]: Building hmr-runtime.js...
[22:46:14]: Built ../node_modules/parcel-bundler/src/builtins/hmr-runtime.js...
[22:46:14]: Building bundle-loader.js...
[22:46:15]: Built ../node_modules/parcel-bundler/src/builtins/bundle-loader.js...
[22:46:15]: Building js-loader.js...
[22:46:15]: Built ../node_modules/parcel-bundler/src/builtins/loaders/browser/js-loader.js...
[22:46:16]: ✨  Built in 12.85s.
[22:46:55]: Building debug.js...
[22:46:55]: Building...
[22:46:55]: Building debug.js...
[22:46:55]: Building debug.js...
[22:46:56]: Building debug.js...
[22:47:03]: Built js/debug.js...
[22:47:03]: Producing bundles...
[22:47:03]: Packaging...
[22:47:04]: ✨  Built in 9.05s.
[22:47:04]: Building...
[22:47:04]: Producing bundles...
[22:47:04]: Packaging...
[22:47:04]: ✨  Built in 95ms.
[22:47:04]: Building...
[22:47:04]: Producing bundles...
[22:47:05]: Packaging...
[22:47:05]: ✨  Built in 95ms.
[22:47:37]: Building debug.js...
[22:47:37]: Building debug.js...
[22:47:37]: Building debug.js...
[22:47:37]: Building...
[22:47:37]: Building debug.js...
[22:47:44]: Built js/debug.js...
[22:47:44]: Producing bundles...
[22:47:44]: Packaging...
[22:47:45]: Building hmr-runtime.js...
[22:47:46]: Built ../node_modules/parcel-bundler/src/builtins/hmr-runtime.js...
[22:47:46]: Building bundle-loader.js...
[22:47:46]: Built ../node_modules/parcel-bundler/src/builtins/bundle-loader.js...
[22:47:46]: Building js-loader.js...
[22:47:47]: Built ../node_modules/parcel-bundler/src/builtins/loaders/browser/js-loader.js...
[22:47:47]: ✨  Built in 10.02s.
[22:48:54]: Building debug.js...
[22:48:54]: Building debug.js...
[22:48:54]: Building...
[22:48:54]: Building debug.js...
[22:48:54]: Building debug.js...
[22:49:08]: Built js/debug.js...
[22:49:08]: Producing bundles...
[22:49:09]: Packaging...
[22:49:10]: ✨  Built in 15.91s.
[22:49:10]: Building...
[22:49:10]: Producing bundles...
[22:49:10]: Packaging...
[22:49:10]: ✨  Built in 128ms.
[22:52:15]: Building debug.js...
[22:52:15]: Building...
[22:52:15]: Building debug.js...
[22:52:29]: Built js/debug.js...
[22:52:29]: Producing bundles...
[22:52:30]: Packaging...
[22:52:30]: Building hmr-runtime.js...
[22:52:31]: Built ../node_modules/parcel-bundler/src/builtins/hmr-runtime.js...
[22:52:31]: Building bundle-loader.js...
[22:52:31]: Built ../node_modules/parcel-bundler/src/builtins/bundle-loader.js...
[22:52:31]: Building js-loader.js...
[22:52:32]: Built ../node_modules/parcel-bundler/src/builtins/loaders/browser/js-loader.js...
[22:52:33]: ✨  Built in 18.03s.
[22:55:17]: Building debug.js...
[22:55:18]: Building...
[22:55:18]: Building debug.js...
[22:55:30]: Built js/debug.js...
[22:55:30]: Producing bundles...
[22:55:30]: Packaging...
[22:55:32]: ✨  Built in 14.31s.
[22:56:52]: Building debug.scss...
[22:56:52]: Building...
[22:56:52]: Building debug.scss...
[22:57:04]: Built scss/debug.scss...
[22:57:04]: Producing bundles...
[22:57:04]: Packaging...
[22:57:04]: ✨  Built in 11.90s.
[22:57:33]: Building debug.scss...
[22:57:33]: Building debug.scss...
[22:57:33]: Building...
[22:57:33]: Building debug.scss...
[22:57:38]: Built scss/debug.scss...
[22:57:38]: Producing bundles...
[22:57:38]: Packaging...
[22:57:38]: ✨  Built in 5.17s.
[22:58:16]: Building debug.scss...
[22:58:16]: Building...
[22:58:16]: Building debug.scss...
[22:58:22]: Built scss/debug.scss...
[22:58:22]: Producing bundles...
[22:58:22]: Packaging...
[22:58:23]: ✨  Built in 6.72s.
[22:58:34]: Building debug.scss...
[22:58:34]: Building debug.scss...
[22:58:35]: Building debug.scss...
[22:58:35]: Building...
[22:58:35]: Building debug.scss...
[22:58:39]: Built scss/debug.scss...
[22:58:39]: Producing bundles...
[22:58:40]: Packaging...
[22:58:40]: ✨  Built in 5.14s.
[22:59:52]: Building debug.scss...
[22:59:52]: Building...
[22:59:52]: Building debug.scss...
[22:59:57]: Built scss/debug.scss...
[22:59:57]: Producing bundles...
[22:59:57]: Packaging...
[22:59:58]: ✨  Built in 5.98s.
[23:13:41]: Building _template.scss...
[23:13:41]: Building...
[23:13:41]: Building graph.scss...
[23:13:41]: Building settings.scss...
[23:13:41]: Building setup.scss...
[23:13:41]: Building debug.scss...
[23:13:41]: Building main.scss...
[23:14:06]: Built scss/graph.scss...
[23:14:06]: Built scss/settings.scss...
[23:14:06]: Built scss/setup.scss...
[23:14:06]: Built scss/main.scss...
[23:14:06]: Built scss/debug.scss...
[23:14:06]: Producing bundles...
[23:14:06]: Packaging...
[23:14:06]: ✨  Built in 25.46s.
[23:14:48]: Building _template.scss...
[23:14:48]: Building...
[23:14:48]: Building graph.scss...
[23:14:48]: Building settings.scss...
[23:14:48]: Building setup.scss...
[23:14:48]: Building debug.scss...
[23:14:48]: Building main.scss...
[23:15:05]: Built scss/graph.scss...
[23:15:05]: Built scss/settings.scss...
[23:15:06]: Built scss/setup.scss...
[23:15:06]: Built scss/main.scss...
[23:15:06]: Built scss/debug.scss...
[23:15:06]: Producing bundles...
[23:15:06]: Packaging...
[23:15:06]: ✨  Built in 18.10s.
[23:15:08]: Building debug.scss...
[23:15:08]: Building debug.scss...
[23:15:09]: Building...
[23:15:09]: Building debug.scss...
[23:15:09]: Building debug.scss...
[23:15:12]: 🚨  /home/pi/han1/src/scss/debug.scss:22:15: Undefined variable.
  background: $slightly-ligther-background;
              ^^^^^^^^^^^^^^^^^^^^^^^^^^^^
  stdin 22:15  root stylesheet
[23:15:12]: Error: Undefined variable.
  background: $slightly-ligther-background;
              ^^^^^^^^^^^^^^^^^^^^^^^^^^^^
  stdin 22:15  root stylesheet
[23:15:12]: Building...
[23:15:12]: Building debug.scss...
[23:15:16]: 🚨  /home/pi/han1/src/scss/debug.scss:22:15: Undefined variable.
  background: $slightly-ligther-background;
              ^^^^^^^^^^^^^^^^^^^^^^^^^^^^
  stdin 22:15  root stylesheet
[23:15:16]: Error: Undefined variable.
  background: $slightly-ligther-background;
              ^^^^^^^^^^^^^^^^^^^^^^^^^^^^
  stdin 22:15  root stylesheet
[23:15:35]: Building debug.scss...
[23:15:35]: Building debug.scss...
[23:15:35]: Building debug.scss...
[23:15:36]: Building...
[23:15:36]: Building debug.scss...
[23:15:41]: Built scss/debug.scss...
[23:15:41]: Producing bundles...
[23:15:41]: Packaging...
[23:15:42]: Building hmr-runtime.js...
[23:15:42]: Built ../node_modules/parcel-bundler/src/builtins/hmr-runtime.js...
[23:15:42]: ✨  Built in 6.87s.
[23:16:06]: Building _template.scss...
[23:16:06]: Building _template.scss...
[23:16:07]: Building _template.scss...
[23:16:07]: Building...
[23:16:07]: Building graph.scss...
[23:16:07]: Building settings.scss...
[23:16:07]: Building setup.scss...
[23:16:07]: Building debug.scss...
[23:16:07]: Building main.scss...
[23:16:23]: Built scss/graph.scss...
[23:16:23]: Built scss/settings.scss...
[23:16:23]: Built scss/setup.scss...
[23:16:24]: Built scss/main.scss...
[23:16:24]: Built scss/debug.scss...
[23:16:24]: Producing bundles...
[23:16:24]: Packaging...
[23:16:26]: ✨  Built in 19.12s.
[23:24:50]: Building debug.js...
[23:24:50]: Building...
[23:24:50]: Building debug.js...
[23:25:05]: Built js/debug.js...
[23:25:05]: Producing bundles...
[23:25:06]: Packaging...
[23:25:06]: Building debug.js...
[23:25:06]: Building debug.js...
[23:25:06]: Building debug.js...
[23:25:19]: Built js/debug.js...
[23:25:19]: Building bundle-loader.js...
[23:25:19]: Built ../node_modules/parcel-bundler/src/builtins/bundle-loader.js...
[23:25:19]: Building js-loader.js...
[23:25:20]: Built ../node_modules/parcel-bundler/src/builtins/loaders/browser/js-loader.js...
[23:25:21]: ✨  Built in 31.05s.
[23:25:21]: Building...
[23:25:21]: Producing bundles...
[23:25:21]: Packaging...
[23:25:21]: ✨  Built in 616ms.
[23:26:18]: Building debug.js...
[23:26:18]: Building...
[23:26:18]: Building debug.js...
[23:26:26]: Built js/debug.js...
[23:26:26]: Producing bundles...
[23:26:26]: Packaging...
[23:26:31]: ✨  Built in 12.93s.
[23:27:35]: Building debug.js...
[23:27:35]: Building...
[23:27:35]: Building debug.js...
[23:27:45]: Built js/debug.js...
[23:27:45]: Producing bundles...
[23:27:45]: Packaging...
[23:27:46]: ✨  Built in 10.83s.
[23:29:16]: Building debug.js...
[23:29:16]: Building...
[23:29:16]: Building debug.js...
[23:29:25]: Built js/debug.js...
[23:29:25]: Producing bundles...
[23:29:25]: Packaging...
[23:29:26]: ✨  Built in 10.12s.
[23:30:29]: Building debug.js...
[23:30:29]: Building...
[23:30:29]: Building debug.js...
[23:30:35]: Built js/debug.js...
[23:30:35]: Producing bundles...
[23:30:35]: Packaging...
[23:30:36]: ✨  Built in 7.64s.
[23:31:13]: Building debug.js...
[23:31:13]: Building...
[23:31:13]: Building debug.js...
[23:31:21]: Built js/debug.js...
[23:31:21]: Producing bundles...
[23:31:21]: Packaging...
[23:31:23]: ✨  Built in 9.63s.
[23:31:46]: Building debug.js...
[23:31:46]: Building debug.js...
[23:31:46]: Building debug.js...
[23:31:46]: Building...
[23:31:46]: Building debug.js...
[23:31:55]: Built js/debug.js...
[23:31:55]: Producing bundles...
[23:31:55]: Packaging...
[23:31:56]: ✨  Built in 9.64s.
[23:32:29]: Building debug.js...
[23:32:29]: Building debug.js...
[23:32:29]: Building debug.js...
[23:32:29]: Building...
[23:32:29]: Building debug.js...
[23:32:35]: Built js/debug.js...
[23:32:35]: Producing bundles...
[23:32:36]: Packaging...
[23:32:36]: ✨  Built in 6.90s.
[23:33:02]: Building debug.js...
[23:33:02]: Building debug.js...
[23:33:02]: Building debug.js...
[23:33:02]: Building...
[23:33:02]: Building debug.js...
[23:33:09]: Built js/debug.js...
[23:33:09]: Producing bundles...
[23:33:09]: Packaging...
[23:33:10]: ✨  Built in 7.88s.
[23:33:53]: Building debug.js...
[23:33:53]: Building...
[23:33:53]: Building debug.js...
[23:34:01]: Built js/debug.js...
[23:34:01]: Producing bundles...
[23:34:02]: Packaging...
[23:34:06]: ✨  Built in 13.01s.
[23:34:44]: Building debug.js...
[23:34:44]: Building...
[23:34:44]: Building debug.js...
[23:34:52]: Built js/debug.js...
[23:34:52]: Producing bundles...
[23:34:52]: Packaging...
[23:34:54]: ✨  Built in 9.95s.
[23:35:42]: Building debug.js...
[23:35:42]: Building...
[23:35:42]: Building debug.js...
[23:35:51]: Built js/debug.js...
[23:35:51]: Producing bundles...
[23:35:52]: Packaging...
[23:35:53]: ✨  Built in 10.86s.
[23:49:04]: Building debug.js...
[23:49:04]: Building...
[23:49:04]: Building debug.js...
[23:49:04]: Building debug.js...
[23:49:11]: Built js/debug.js...
[23:49:11]: Producing bundles...
[23:49:11]: Packaging...
[23:49:13]: ✨  Built in 9.09s.
[23:49:13]: Building...
[23:49:13]: Producing bundles...
[23:49:13]: Packaging...
[23:49:13]: ✨  Built in 101ms.
[23:59:02]: Building debug.js...
[23:59:02]: Building...
[23:59:02]: Building debug.js...
[23:59:09]: Built js/debug.js...
[23:59:09]: Producing bundles...
[23:59:10]: Packaging...
[23:59:10]: Building hmr-runtime.js...
[23:59:12]: Built ../node_modules/parcel-bundler/src/builtins/hmr-runtime.js...
[23:59:12]: Building bundle-loader.js...
[23:59:12]: Built ../node_modules/parcel-bundler/src/builtins/bundle-loader.js...
[23:59:12]: Building js-loader.js...
[23:59:13]: Built ../node_modules/parcel-bundler/src/builtins/loaders/browser/js-loader.js...
[23:59:14]: ✨  Built in 12.11s.
[23:59:28]: Building debug.js...
[23:59:28]: Building...
[23:59:28]: Building debug.js...
[23:59:37]: Built js/debug.js...
[23:59:37]: Producing bundles...
[23:59:37]: Packaging...
[23:59:38]: ✨  Built in 10.06s.
[00:00:28]: Building debug.js...
[00:00:28]: Building debug.js...
[00:00:28]: Building debug.js...
[00:00:28]: Building...
[00:00:28]: Building debug.js...
[00:00:37]: Built js/debug.js...
[00:00:37]: Producing bundles...
[00:00:37]: Packaging...
[00:00:38]: ✨  Built in 9.75s.
[00:01:11]: Building debug.js...
[00:01:11]: Building debug.js...
[00:01:11]: Building debug.js...
[00:01:11]: Building...
[00:01:11]: Building debug.js...
[00:01:19]: Built js/debug.js...
[00:01:19]: Producing bundles...
[00:01:19]: Packaging...
[00:01:21]: ✨  Built in 9.13s.
[00:01:35]: Building debug.js...
[00:01:35]: Building debug.js...
[00:01:35]: Building debug.js...
[00:01:35]: Building...
[00:01:35]: Building debug.js...
[00:01:43]: Built js/debug.js...
[00:01:43]: Producing bundles...
[00:01:43]: Packaging...
[00:01:48]: ✨  Built in 12.97s.
[00:02:23]: Building debug.js...
[00:02:23]: Building...
[00:02:23]: Building debug.js...
[00:02:23]: Building debug.js...
[00:02:23]: Building debug.js...
[00:02:23]: Built js/debug.js...
[00:02:23]: Producing bundles...
[00:02:23]: Packaging...
[00:02:24]: Building html-loader.js...
[00:02:24]: Built ../node_modules/parcel-bundler/src/builtins/loaders/browser/html-loader.js...
[00:02:25]: ✨  Built in 1.98s.
[00:02:25]: Building...
[00:02:25]: Producing bundles...
[00:02:25]: Packaging...
[00:02:25]: ✨  Built in 113ms.
[00:02:25]: Building...
[00:02:25]: Producing bundles...
[00:02:25]: Packaging...
[00:02:25]: ✨  Built in 46ms.
[00:03:10]: Building debug.js...
[00:03:10]: Building...
[00:03:10]: Building debug.js...
[00:03:10]: Building debug.js...
[00:03:19]: Building slicedToArray.js...
[00:03:19]: Building arrayWithHoles.js...
[00:03:19]: Building iterableToArrayLimit.js...
[00:03:19]: Building nonIterableRest.js...
[00:03:20]: Built ../node_modules/@babel/runtime/helpers/arrayWithHoles.js...
[00:03:20]: Built ../node_modules/@babel/runtime/helpers/iterableToArrayLimit.js...
[00:03:20]: Built ../node_modules/@babel/runtime/helpers/nonIterableRest.js...
[00:03:20]: Built ../node_modules/@babel/runtime/helpers/slicedToArray.js...
[00:03:20]: Built js/debug.js...
[00:03:20]: Producing bundles...
[00:03:20]: Packaging...
[00:03:20]: Building hmr-runtime.js...
[00:03:22]: Built ../node_modules/parcel-bundler/src/builtins/hmr-runtime.js...
[00:03:22]: Building bundle-loader.js...
[00:03:22]: 🚨  Cannot read property 'js' of null
[00:03:22]:     at JSPackager.dedupeKey (/home/pi/han1/node_modules/parcel-bundler/src/packagers/JSPackager.js:110:40)
    at JSPackager.addAsset (/home/pi/han1/node_modules/parcel-bundler/src/packagers/JSPackager.js:42:22)
    at JSPackager.addAssetToBundle (/home/pi/han1/node_modules/parcel-bundler/src/packagers/JSPackager.js:145:16)
    at JSPackager.writeBundleLoaders (/home/pi/han1/node_modules/parcel-bundler/src/packagers/JSPackager.js:161:18)
    at JSPackager.end (/home/pi/han1/node_modules/parcel-bundler/src/packagers/JSPackager.js:221:20)
    at <anonymous>
[00:03:22]: Building...
[00:03:22]: Built ../node_modules/parcel-bundler/src/builtins/bundle-loader.js...
[00:03:22]: Producing bundles...
[00:03:22]: Packaging...
[00:03:23]: Building html-loader.js...
[00:03:23]: Built ../node_modules/parcel-bundler/src/builtins/loaders/browser/html-loader.js...
[00:03:24]: Building js-loader.js...
[00:03:24]: Built ../node_modules/parcel-bundler/src/builtins/loaders/browser/js-loader.js...
[00:03:25]: ✨  Built in 3.02s.
[00:04:12]: Building debug.js...
[00:04:12]: Building debug.js...
[00:04:12]: Building...
[00:04:12]: Building debug.js...
[00:04:12]: Building debug.js...
[00:04:28]: Built js/debug.js...
[00:04:28]: Producing bundles...
[00:04:28]: Packaging...
[00:04:29]: ✨  Built in 16.50s.
[00:04:29]: Building...
[00:04:29]: Producing bundles...
[00:04:29]: Packaging...
[00:04:29]: ✨  Built in 50ms.
[00:10:30]: Building debug.scss...
[00:10:31]: Building...
[00:10:31]: Building debug.scss...
[00:10:39]: Built scss/debug.scss...
[00:10:39]: Producing bundles...
[00:10:39]: Packaging...
[00:10:39]: Building hmr-runtime.js...
[00:10:40]: Built ../node_modules/parcel-bundler/src/builtins/hmr-runtime.js...
[00:10:40]: ✨  Built in 9.65s.
[00:11:37]: Building debug.scss...
[00:11:38]: Building...
[00:11:38]: Building debug.scss...
[00:11:39]: Building debug.scss...
[00:11:43]: Built scss/debug.scss...
[00:11:43]: Producing bundles...
[00:11:44]: Packaging...
[00:11:45]: ✨  Built in 6.99s.
[00:11:45]: Building...
[00:11:45]: Producing bundles...
[00:11:45]: Packaging...
[00:11:45]: ✨  Built in 209ms.
[00:12:32]: Building debug.scss...
[00:12:32]: Building...
[00:12:32]: Building debug.scss...
[00:12:39]: Built scss/debug.scss...
[00:12:39]: Producing bundles...
[00:12:39]: Packaging...
[00:12:39]: Building hmr-runtime.js...
[00:12:40]: Built ../node_modules/parcel-bundler/src/builtins/hmr-runtime.js...
[00:12:40]: ✨  Built in 7.58s.
[00:16:26]: Building _tables.scss...
[00:16:26]: Building...
[00:16:26]: Building graph.scss...
[00:16:26]: Building settings.scss...
[00:16:26]: Building setup.scss...
[00:16:26]: Building debug.scss...
[00:16:26]: Building main.scss...
[00:16:51]: Built scss/graph.scss...
[00:16:51]: Built scss/settings.scss...
[00:16:51]: Built scss/setup.scss...
[00:16:52]: Built scss/main.scss...
[00:16:52]: Built scss/debug.scss...
[00:16:52]: Producing bundles...
[00:16:52]: Packaging...
[00:16:53]: ✨  Built in 26.93s.
[00:19:26]: Building _template.scss...
[00:19:26]: Building...
[00:19:26]: Building graph.scss...
[00:19:26]: Building settings.scss...
[00:19:26]: Building setup.scss...
[00:19:26]: Building debug.scss...
[00:19:26]: Building main.scss...
[00:19:49]: Built scss/graph.scss...
[00:19:49]: Built scss/settings.scss...
[00:19:50]: Built scss/setup.scss...
[00:19:50]: Built scss/main.scss...
[00:19:50]: Built scss/debug.scss...
[00:19:50]: Producing bundles...
[00:19:50]: Packaging...
[00:19:50]: ✨  Built in 24.51s.
[00:21:38]: Building template.pug...
[00:21:38]: Building...
[00:21:38]: Building index.pug...
[00:21:38]: Building debug.pug...
[00:21:38]: Building graph.pug...
[00:21:38]: Building settings.pug...
[00:21:38]: Building setup.pug...
[00:21:47]: Built views/debug.pug...
[00:21:47]: Built views/index.pug...
[00:21:47]: Built views/graph.pug...
[00:21:48]: Built views/settings.pug...
[00:21:48]: Built views/setup.pug...
[00:21:48]: Producing bundles...
[00:21:48]: Packaging...
[00:21:48]: ✨  Built in 9.62s.
