[18:44:23]: Building...
[18:45:01]: Building dash.js...
[18:45:03]: Building index.pug...
[18:45:03]: Building debug.pug...
[18:45:03]: Building graph.pug...
[18:45:03]: Building settings.pug...
[18:45:03]: Building setup.pug...
[18:45:14]: Building main.scss...
[18:45:14]: Building main.js...
[18:45:14]: Building graph.scss...
[18:45:14]: Building graph.js...
[18:45:14]: Building settings.scss...
[18:45:14]: Building settings.js...
[18:45:14]: Building setup.scss...
[18:45:14]: Building systemSetup.js...
[18:45:14]: Building debug.scss...
[18:45:14]: Building debug.js...
[18:45:16]: Building objectWithoutProperties.js...
[18:45:16]: Building main.js...
[18:45:16]: Building loadingScreen.js...
[18:45:16]: Built js/graph.js...
[18:45:16]: Built js/settings.js...
[18:45:16]: Built js/systemSetup.js...
[18:45:16]: Building slicedToArray.js...
[18:45:17]: Building css-loader.js...
[18:45:17]: Built scss/settings.scss...
[18:45:17]: Built views/settings.pug...
[18:45:17]: Built scss/setup.scss...
[18:45:17]: Built views/setup.pug...
[18:45:17]: Built scss/main.scss...
[18:45:17]: Built scss/debug.scss...
[18:45:18]: Building objectWithoutPropertiesLoose.js...
[18:45:18]: Building line.js...
[18:45:18]: Building circle.js...
[18:45:18]: Building semicircle.js...
[18:45:18]: Building path.js...
[18:45:18]: Building shape.js...
[18:45:18]: Building utils.js...
[18:45:19]: Building arrayWithHoles.js...
[18:45:19]: Building iterableToArrayLimit.js...
[18:45:19]: Building nonIterableRest.js...
[18:45:19]: Building bundle-url.js...
[18:45:21]: Built ../node_modules/@babel/runtime/helpers/objectWithoutPropertiesLoose.js...
[18:45:21]: Built ../node_modules/@babel/runtime/helpers/objectWithoutProperties.js...
[18:45:21]: Built ../node_modules/progressbar.js/src/line.js...
[18:45:21]: Built ../node_modules/progressbar.js/src/circle.js...
[18:45:21]: Built ../node_modules/progressbar.js/src/semicircle.js...
[18:45:21]: Building shifty.js...
[18:45:21]: Built ../node_modules/progressbar.js/src/shape.js...
[18:45:21]: Built ../node_modules/progressbar.js/src/utils.js...
[18:45:22]: Built ../node_modules/@babel/runtime/helpers/arrayWithHoles.js...
[18:45:22]: Built ../node_modules/@babel/runtime/helpers/iterableToArrayLimit.js...
[18:45:22]: Built ../node_modules/@babel/runtime/helpers/nonIterableRest.js...
[18:45:22]: Built ../node_modules/@babel/runtime/helpers/slicedToArray.js...
[18:45:22]: Built js/debug.js...
[18:45:22]: Built views/debug.pug...
[18:45:22]: Built ../node_modules/parcel-bundler/src/builtins/bundle-url.js...
[18:45:22]: Built ../node_modules/parcel-bundler/src/builtins/css-loader.js...
[18:45:22]: Built scss/graph.scss...
[18:45:22]: Built views/graph.pug...
[18:45:23]: Built ../node_modules/shifty/dist/shifty.js...
[18:45:23]: Built ../node_modules/progressbar.js/src/path.js...
[18:45:23]: Built ../node_modules/progressbar.js/src/main.js...
[18:45:58]: Building elstrike.svg...
[18:45:58]: Building classCallCheck.js...
[18:45:58]: Building createClass.js...
[18:45:58]: Built assets/elstrike.svg...
[18:45:59]: Built ../node_modules/@babel/runtime/helpers/classCallCheck.js...
[18:45:59]: Built ../node_modules/@babel/runtime/helpers/createClass.js...
[18:45:59]: Built js/modules/loadingScreen.js...
[18:45:59]: Built js/main.js...
[18:45:59]: Built views/index.pug...
[18:45:59]: Built dash.js...
[18:45:59]: Producing bundles...
[18:45:59]: Packaging...
[18:46:05]: Building hmr-runtime.js...
[18:46:20]: Built ../node_modules/parcel-bundler/src/builtins/hmr-runtime.js...
[18:46:21]: Building bundle-loader.js...
[18:46:23]: Built ../node_modules/parcel-bundler/src/builtins/bundle-loader.js...
[18:46:23]: Building html-loader.js...
[18:46:23]: Building js-loader.js...
[18:46:24]: Built ../node_modules/parcel-bundler/src/builtins/loaders/browser/html-loader.js...
[18:46:24]: Built ../node_modules/parcel-bundler/src/builtins/loaders/browser/js-loader.js...
[18:46:28]: ✨  Built in 124.77s.
[18:46:56]: Building loadingScreen.js...
[18:46:56]: Building...
[18:46:56]: Building loadingScreen.js...
[18:46:57]: Building loadingScreen.js...
[18:46:57]: Building loadingScreen.js...
[18:47:06]: Built js/modules/loadingScreen.js...
[18:47:06]: Producing bundles...
[18:47:07]: Packaging...
[18:47:08]: ✨  Built in 11.95s.
[18:47:08]: Building...
[18:47:08]: Producing bundles...
[18:47:09]: Packaging...
[18:47:09]: ✨  Built in 216ms.
[18:47:44]: Building main.js...
[18:47:45]: Building...
[18:47:45]: Building main.js...
[18:47:45]: Building main.js...
[18:47:45]: Built js/main.js...
[18:47:45]: Producing bundles...
[18:47:45]: Packaging...
[18:47:45]: Building hmr-runtime.js...
[18:47:46]: Built ../node_modules/parcel-bundler/src/builtins/hmr-runtime.js...
[18:47:46]: Building bundle-loader.js...
[18:47:47]: Built ../node_modules/parcel-bundler/src/builtins/bundle-loader.js...
[18:47:47]: Building html-loader.js...
[18:47:48]: Built ../node_modules/parcel-bundler/src/builtins/loaders/browser/html-loader.js...
[18:47:48]: ✨  Built in 3.84s.
[18:47:48]: Building...
[18:47:48]: Producing bundles...
[18:47:48]: Packaging...
[18:47:49]: ✨  Built in 137ms.
[18:48:07]: Building main.js...
[18:48:07]: Building...
[18:48:07]: Building main.js...
[18:48:07]: Building main.js...
[18:48:07]: Building main.js...
[18:48:34]: Building main.js...
[18:48:34]: Building line.js...
[18:48:34]: Building circle.js...
[18:48:34]: Building semicircle.js...
[18:48:34]: Building path.js...
[18:48:34]: Building shape.js...
[18:48:34]: Building utils.js...
[18:48:35]: Built ../node_modules/progressbar.js/src/line.js...
[18:48:35]: Built ../node_modules/progressbar.js/src/circle.js...
[18:48:35]: Built ../node_modules/progressbar.js/src/semicircle.js...
[18:48:35]: Building shifty.js...
[18:48:35]: Built ../node_modules/progressbar.js/src/shape.js...
[18:48:35]: Built ../node_modules/progressbar.js/src/utils.js...
[18:48:36]: Built ../node_modules/shifty/dist/shifty.js...
[18:48:36]: Built ../node_modules/progressbar.js/src/path.js...
[18:48:36]: Built ../node_modules/progressbar.js/src/main.js...
[18:48:36]: Built js/main.js...
[18:48:36]: Producing bundles...
[18:48:36]: Packaging...
[18:48:37]: Building hmr-runtime.js...
[18:48:39]: Built ../node_modules/parcel-bundler/src/builtins/hmr-runtime.js...
[18:48:39]: Building bundle-loader.js...
[18:48:39]: 🚨  Cannot read property 'js' of null
[18:48:39]:     at JSPackager.dedupeKey (/home/pi/han1/node_modules/parcel-bundler/src/packagers/JSPackager.js:110:40)
    at JSPackager.addAsset (/home/pi/han1/node_modules/parcel-bundler/src/packagers/JSPackager.js:42:22)
    at JSPackager.addAssetToBundle (/home/pi/han1/node_modules/parcel-bundler/src/packagers/JSPackager.js:145:16)
    at JSPackager.writeBundleLoaders (/home/pi/han1/node_modules/parcel-bundler/src/packagers/JSPackager.js:161:18)
    at JSPackager.end (/home/pi/han1/node_modules/parcel-bundler/src/packagers/JSPackager.js:221:20)
    at <anonymous>
[18:48:39]: Building...
[18:48:39]: Built ../node_modules/parcel-bundler/src/builtins/bundle-loader.js...
[18:48:39]: Producing bundles...
[18:48:40]: Packaging...
[18:48:40]: Building js-loader.js...
[18:48:41]: Built ../node_modules/parcel-bundler/src/builtins/loaders/browser/js-loader.js...
[18:48:42]: Building html-loader.js...
[18:48:44]: Built ../node_modules/parcel-bundler/src/builtins/loaders/browser/html-loader.js...
[18:48:46]: ✨  Built in 6.87s.
[18:48:46]: Building...
[18:48:46]: Producing bundles...
[18:48:46]: Packaging...
[18:48:46]: ✨  Built in 113ms.
[18:54:11]: Building main.js...
[18:54:11]: Building...
[18:54:11]: Building main.js...
[18:54:36]: Built js/main.js...
[18:54:36]: Producing bundles...
[18:54:36]: Packaging...
[18:54:37]: Building hmr-runtime.js...
[18:54:38]: Built ../node_modules/parcel-bundler/src/builtins/hmr-runtime.js...
[18:54:38]: Building bundle-loader.js...
[18:54:39]: Built ../node_modules/parcel-bundler/src/builtins/bundle-loader.js...
[18:54:39]: Building js-loader.js...
[18:54:40]: Built ../node_modules/parcel-bundler/src/builtins/loaders/browser/js-loader.js...
[18:54:42]: ✨  Built in 30.72s.
[18:56:37]: Building main.js...
[18:56:37]: Building...
[18:56:37]: Building main.js...
[18:56:54]: Built js/main.js...
[18:56:54]: Producing bundles...
[18:56:55]: Packaging...
[18:56:58]: ✨  Built in 20.71s.
[18:59:08]: Building loadingScreen.js...
[18:59:09]: Building...
[18:59:09]: Building loadingScreen.js...
[18:59:17]: Built js/modules/loadingScreen.js...
[18:59:17]: Producing bundles...
[18:59:18]: Packaging...
[18:59:19]: Building html-loader.js...
[18:59:19]: Built ../node_modules/parcel-bundler/src/builtins/loaders/browser/html-loader.js...
[18:59:19]: ✨  Built in 10.81s.
[19:00:13]: Building loadingScreen.js...
[19:00:13]: Building...
[19:00:13]: Building loadingScreen.js...
[19:00:22]: Built js/modules/loadingScreen.js...
[19:00:22]: Producing bundles...
[19:00:22]: Packaging...
[19:00:26]: ✨  Built in 12.58s.
[19:01:19]: Building main.js...
[19:01:19]: Building main.js...
[19:01:19]: Building...
[19:01:19]: Building main.js...
[19:01:32]: Built js/main.js...
[19:01:32]: Producing bundles...
[19:01:33]: Packaging...
[19:01:34]: Building js-loader.js...
[19:01:34]: Built ../node_modules/parcel-bundler/src/builtins/loaders/browser/js-loader.js...
[19:01:36]: ✨  Built in 16.95s.
[19:02:36]: Building main.js...
[19:02:36]: Building...
[19:02:36]: Building main.js...
[19:02:49]: Built js/main.js...
[19:02:49]: Producing bundles...
[19:02:50]: Packaging...
[19:02:51]: ✨  Built in 14.75s.
[19:08:25]: Building main.js...
[19:08:25]: Building...
[19:08:25]: Building main.js...
[19:08:37]: Built js/main.js...
[19:08:37]: Producing bundles...
[19:08:38]: Packaging...
[19:08:39]: ✨  Built in 14.21s.
[19:09:15]: Building main.js...
[19:09:15]: Building...
[19:09:15]: Building main.js...
[19:09:26]: Built js/main.js...
[19:09:26]: Producing bundles...
[19:09:26]: Packaging...
[19:09:30]: ✨  Built in 15.13s.
[19:10:26]: Building main.js...
[19:10:26]: Building...
[19:10:26]: Building main.js...
[19:10:38]: Built js/main.js...
[19:10:38]: Producing bundles...
[19:10:38]: Packaging...
[19:10:38]: ✨  Built in 12.66s.
[21:18:06]: Building _loadingScreen.scss...
[21:18:06]: Building...
[21:18:06]: Building main.scss...
[21:18:06]: Building debug.scss...
[21:18:46]: Built scss/main.scss...
[21:18:46]: Built scss/debug.scss...
[21:18:46]: Producing bundles...
[21:18:46]: Packaging...
[21:18:49]: Building hmr-runtime.js...
[21:18:51]: Built ../node_modules/parcel-bundler/src/builtins/hmr-runtime.js...
[21:18:51]: ✨  Built in 44.63s.
[21:20:36]: Building loadingScreen.js...
[21:20:36]: Building...
[21:20:36]: Building loadingScreen.js...
[21:20:51]: Built js/modules/loadingScreen.js...
[21:20:51]: Producing bundles...
[21:20:51]: Packaging...
[21:20:52]: Building bundle-loader.js...
[21:20:53]: Built ../node_modules/parcel-bundler/src/builtins/bundle-loader.js...
[21:20:53]: Building html-loader.js...
[21:20:53]: Building js-loader.js...
[21:20:54]: Built ../node_modules/parcel-bundler/src/builtins/loaders/browser/html-loader.js...
[21:20:54]: Built ../node_modules/parcel-bundler/src/builtins/loaders/browser/js-loader.js...
[21:20:55]: ✨  Built in 18.30s.
