[10:52:41]: Building...
[10:53:17]: Building dash.js...
[10:53:20]: Building index.pug...
[10:53:20]: Building debug.pug...
[10:53:20]: Building graph.pug...
[10:53:20]: Building settings.pug...
[10:53:20]: Building setup.pug...
[10:53:32]: Building main.scss...
[10:53:32]: Building main.js...
[10:53:32]: Building graph.scss...
[10:53:32]: Building graph.js...
[10:53:32]: Building settings.scss...
[10:53:32]: Building settings.js...
[10:53:32]: Building setup.scss...
[10:53:32]: Building systemSetup.js...
[10:53:32]: Building debug.scss...
[10:53:32]: Building debug.js...
[10:53:35]: Building objectWithoutProperties.js...
[10:53:35]: Building main.js...
[10:53:35]: Building loadingScreen.js...
[10:53:35]: Built js/graph.js...
[10:53:35]: Built js/settings.js...
[10:53:35]: Built js/systemSetup.js...
[10:53:35]: Building slicedToArray.js...
[10:53:36]: Building css-loader.js...
[10:53:36]: Built scss/settings.scss...
[10:53:36]: Built views/settings.pug...
[10:53:36]: Built scss/setup.scss...
[10:53:36]: Built views/setup.pug...
[10:53:37]: Built scss/main.scss...
[10:53:37]: Built scss/debug.scss...
[10:53:38]: Building classCallCheck.js...
[10:53:38]: Building createClass.js...
[10:53:38]: Building objectWithoutPropertiesLoose.js...
[10:53:38]: Building line.js...
[10:53:38]: Building circle.js...
[10:53:38]: Building semicircle.js...
[10:53:38]: Building path.js...
[10:53:38]: Building shape.js...
[10:53:38]: Building utils.js...
[10:53:38]: Building arrayWithHoles.js...
[10:53:38]: Building iterableToArrayLimit.js...
[10:53:38]: Building nonIterableRest.js...
[10:53:39]: Building bundle-url.js...
[10:53:40]: Built ../node_modules/@babel/runtime/helpers/classCallCheck.js...
[10:53:40]: Built ../node_modules/@babel/runtime/helpers/createClass.js...
[10:53:40]: Built js/modules/loadingScreen.js...
[10:53:40]: Built ../node_modules/@babel/runtime/helpers/objectWithoutPropertiesLoose.js...
[10:53:40]: Built ../node_modules/@babel/runtime/helpers/objectWithoutProperties.js...
[10:53:40]: Built ../node_modules/progressbar.js/src/line.js...
[10:53:40]: Built ../node_modules/progressbar.js/src/circle.js...
[10:53:40]: Built ../node_modules/progressbar.js/src/semicircle.js...
[10:53:40]: Building shifty.js...
[10:53:40]: Built ../node_modules/progressbar.js/src/shape.js...
[10:53:40]: Built ../node_modules/progressbar.js/src/utils.js...
[10:53:40]: Built ../node_modules/@babel/runtime/helpers/arrayWithHoles.js...
[10:53:40]: Built ../node_modules/@babel/runtime/helpers/iterableToArrayLimit.js...
[10:53:40]: Built ../node_modules/@babel/runtime/helpers/nonIterableRest.js...
[10:53:40]: Built ../node_modules/@babel/runtime/helpers/slicedToArray.js...
[10:53:40]: Built js/debug.js...
[10:53:40]: Built views/debug.pug...
[10:53:41]: Built ../node_modules/parcel-bundler/src/builtins/bundle-url.js...
[10:53:41]: Built ../node_modules/parcel-bundler/src/builtins/css-loader.js...
[10:53:41]: Built scss/graph.scss...
[10:53:41]: Built views/graph.pug...
[10:53:42]: Built ../node_modules/shifty/dist/shifty.js...
[10:53:42]: Built ../node_modules/progressbar.js/src/path.js...
[10:53:42]: Built ../node_modules/progressbar.js/src/main.js...
[10:53:42]: Built js/main.js...
[10:53:42]: Built views/index.pug...
[10:53:42]: Built dash.js...
[10:53:42]: Producing bundles...
[10:53:43]: Packaging...
[10:53:46]: Building hmr-runtime.js...
[10:54:06]: Built ../node_modules/parcel-bundler/src/builtins/hmr-runtime.js...
[10:54:07]: Building bundle-loader.js...
[10:54:08]: Built ../node_modules/parcel-bundler/src/builtins/bundle-loader.js...
[10:54:09]: Building html-loader.js...
[10:54:09]: Building js-loader.js...
[10:54:10]: Built ../node_modules/parcel-bundler/src/builtins/loaders/browser/html-loader.js...
[10:54:10]: Built ../node_modules/parcel-bundler/src/builtins/loaders/browser/js-loader.js...
[10:54:14]: ✨  Built in 93.39s.
[11:07:36]: Building debug.js...
[11:07:36]: Building...
[11:07:36]: Building debug.js...
[11:08:10]: Built js/debug.js...
[11:08:10]: Producing bundles...
[11:08:10]: Packaging...
[11:08:12]: ✨  Built in 36.32s.
[11:11:43]: Building _loadingScreen.scss...
[11:11:43]: Building...
[11:11:43]: Building main.scss...
[11:11:43]: Building debug.scss...
[11:12:16]: Built scss/main.scss...
[11:12:16]: Built scss/debug.scss...
[11:12:16]: Producing bundles...
[11:12:17]: Packaging...
[11:12:19]: ✨  Built in 36.45s.
[11:12:20]: Building loadingScreen.js...
[11:12:20]: Building loadingScreen.js...
[11:12:20]: Building loadingScreen.js...
[11:12:20]: Building...
[11:12:20]: Building loadingScreen.js...
[11:12:38]: Built js/modules/loadingScreen.js...
[11:12:38]: Producing bundles...
[11:12:39]: Packaging...
[11:12:40]: Building bundle-loader.js...
[11:12:40]: Built ../node_modules/parcel-bundler/src/builtins/bundle-loader.js...
[11:12:41]: Building html-loader.js...
[11:12:41]: Built ../node_modules/parcel-bundler/src/builtins/loaders/browser/html-loader.js...
[11:12:42]: ✨  Built in 22.23s.
[11:42:08]: Building _loadingScreen.scss...
[11:42:08]: Building...
[11:42:08]: Building main.scss...
[11:42:08]: Building debug.scss...
[11:42:32]: Built scss/main.scss...
[11:42:32]: Built scss/debug.scss...
[11:42:32]: Producing bundles...
[11:42:32]: Packaging...
[11:42:33]: ✨  Built in 25.00s.
[11:43:13]: Building loadingScreen.js...
[11:43:13]: Building...
[11:43:13]: Building loadingScreen.js...
[11:43:28]: Built js/modules/loadingScreen.js...
[11:43:28]: Producing bundles...
[11:43:29]: Packaging...
[11:43:30]: Building bundle-loader.js...
[11:43:30]: Built ../node_modules/parcel-bundler/src/builtins/bundle-loader.js...
[11:43:30]: Building html-loader.js...
[11:43:31]: Built ../node_modules/parcel-bundler/src/builtins/loaders/browser/html-loader.js...
[11:43:32]: ✨  Built in 19.16s.
[11:44:18]: Building loadingScreen.js...
[11:44:18]: Building...
[11:44:18]: Building loadingScreen.js...
[11:44:29]: Built js/modules/loadingScreen.js...
[11:44:29]: Producing bundles...
[11:44:29]: Packaging...
[11:44:31]: ✨  Built in 12.99s.
[11:45:15]: Building loadingScreen.js...
[11:45:15]: Building...
[11:45:15]: Building loadingScreen.js...
[11:45:23]: Built js/modules/loadingScreen.js...
[11:45:23]: Producing bundles...
[11:45:23]: Packaging...
[11:45:25]: ✨  Built in 9.97s.
[11:47:45]: Building _loadingScreen.scss...
[11:47:45]: Building...
[11:47:45]: Building main.scss...
[11:47:45]: Building debug.scss...
[11:48:05]: Built scss/main.scss...
[11:48:06]: Built scss/debug.scss...
[11:48:06]: Producing bundles...
[11:48:06]: Packaging...
[11:48:07]: ✨  Built in 21.72s.
[11:48:43]: Building debug.js...
[11:48:44]: Building...
[11:48:44]: Building debug.js...
[11:48:59]: Built js/debug.js...
[11:48:59]: Producing bundles...
[11:48:59]: Packaging...
[11:49:00]: Building bundle-loader.js...
[11:49:01]: Built ../node_modules/parcel-bundler/src/builtins/bundle-loader.js...
[11:49:02]: Building js-loader.js...
[11:49:02]: Built ../node_modules/parcel-bundler/src/builtins/loaders/browser/js-loader.js...
[11:49:04]: ✨  Built in 20.68s.
[11:50:08]: Building _loadingScreen.scss...
[11:50:08]: Building _loadingScreen.scss...
[11:50:08]: Building...
[11:50:08]: Building main.scss...
[11:50:08]: Building debug.scss...
[11:50:31]: Built scss/main.scss...
[11:50:31]: Built scss/debug.scss...
[11:50:31]: Producing bundles...
[11:50:31]: Packaging...
[11:50:32]: ✨  Built in 24.11s.
[11:51:13]: Building _loadingScreen.scss...
[11:51:13]: Building...
[11:51:13]: Building main.scss...
[11:51:13]: Building debug.scss...
[11:51:14]: Building _loadingScreen.scss...
[11:51:31]: Built scss/main.scss...
[11:51:31]: Built scss/debug.scss...
[11:51:31]: Producing bundles...
[11:51:31]: Packaging...
[11:51:32]: ✨  Built in 18.46s.
[11:51:32]: Building...
[11:51:32]: Producing bundles...
[11:51:32]: Packaging...
[11:51:32]: ✨  Built in 249ms.
[11:59:02]: Building _loadingScreen.scss...
[11:59:02]: Building _loadingScreen.scss...
[11:59:02]: Building...
[11:59:02]: Building main.scss...
[11:59:02]: Building debug.scss...
[11:59:26]: Built scss/main.scss...
[11:59:27]: Built scss/debug.scss...
[11:59:27]: Producing bundles...
[11:59:27]: Packaging...
[11:59:28]: Building hmr-runtime.js...
[11:59:29]: Built ../node_modules/parcel-bundler/src/builtins/hmr-runtime.js...
[11:59:29]: ✨  Built in 26.71s.
[12:02:15]: Building _loadingScreen.scss...
[12:02:15]: Building...
[12:02:15]: Building main.scss...
[12:02:15]: Building debug.scss...
[12:02:33]: Built scss/main.scss...
[12:02:33]: Built scss/debug.scss...
[12:02:33]: Producing bundles...
[12:02:33]: Packaging...
[12:02:34]: ✨  Built in 19.28s.
[12:03:44]: Building loadingScreen.js...
[12:03:44]: Building...
[12:03:44]: Building loadingScreen.js...
[12:03:58]: Built js/modules/loadingScreen.js...
[12:03:58]: Producing bundles...
[12:03:58]: Packaging...
[12:03:59]: Building bundle-loader.js...
[12:04:00]: Built ../node_modules/parcel-bundler/src/builtins/bundle-loader.js...
[12:04:00]: Building html-loader.js...
[12:04:01]: Built ../node_modules/parcel-bundler/src/builtins/loaders/browser/html-loader.js...
[12:04:02]: ✨  Built in 17.34s.
[12:04:16]: Building loadingScreen.js...
[12:04:16]: Building loadingScreen.js...
[12:04:16]: Building loadingScreen.js...
[12:04:16]: Building...
[12:04:16]: Building loadingScreen.js...
[12:04:30]: Built js/modules/loadingScreen.js...
[12:04:30]: Producing bundles...
[12:04:30]: Packaging...
[12:04:32]: ✨  Built in 16.03s.
[12:06:55]: Building loadingScreen.js...
[12:06:55]: Building...
[12:06:55]: Building loadingScreen.js...
[12:07:03]: Built js/modules/loadingScreen.js...
[12:07:03]: Producing bundles...
[12:07:03]: Packaging...
[12:07:04]: ✨  Built in 9.49s.
[12:07:29]: Building debug.js...
[12:07:29]: Building...
[12:07:29]: Building debug.js...
[12:07:29]: Building debug.js...
[12:07:29]: Building debug.js...
[12:07:45]: Built js/debug.js...
[12:07:45]: Producing bundles...
[12:07:45]: Packaging...
[12:07:49]: Building js-loader.js...
[12:07:49]: Built ../node_modules/parcel-bundler/src/builtins/loaders/browser/js-loader.js...
[12:07:50]: ✨  Built in 21.62s.
[12:07:50]: Building...
[12:07:50]: Producing bundles...
[12:07:51]: Packaging...
[12:07:51]: ✨  Built in 283ms.
[12:07:51]: Building...
[12:07:51]: Producing bundles...
[12:07:51]: Packaging...
[12:07:51]: ✨  Built in 168ms.
[12:11:58]: Building _loadingScreen.scss...
[12:11:58]: Building...
[12:11:59]: Building main.scss...
[12:11:59]: Building debug.scss...
[12:12:07]: Building loadingScreen.js...
[12:12:07]: Building loadingScreen.js...
[12:12:07]: Building loadingScreen.js...
[12:12:07]: Building loadingScreen.js...
[12:12:39]: Built js/modules/loadingScreen.js...
[12:12:40]: Built scss/main.scss...
[12:12:40]: Built scss/debug.scss...
[12:12:40]: Producing bundles...
[12:12:41]: Packaging...
[12:12:42]: Building hmr-runtime.js...
[12:12:43]: Built ../node_modules/parcel-bundler/src/builtins/hmr-runtime.js...
[12:12:43]: Building bundle-loader.js...
[12:12:44]: Built ../node_modules/parcel-bundler/src/builtins/bundle-loader.js...
[12:12:44]: Building html-loader.js...
[12:12:44]: Built ../node_modules/parcel-bundler/src/builtins/loaders/browser/html-loader.js...
[12:12:45]: ✨  Built in 46.84s.
[12:12:45]: Building...
[12:12:45]: Producing bundles...
[12:12:45]: Packaging...
[12:12:45]: ✨  Built in 126ms.
[12:14:49]: Building _loadingScreen.scss...
[12:14:49]: Building...
[12:14:49]: Building main.scss...
[12:14:49]: Building debug.scss...
[12:15:09]: Built scss/main.scss...
[12:15:10]: Built scss/debug.scss...
[12:15:10]: Producing bundles...
[12:15:10]: Packaging...
[12:15:11]: Building hmr-runtime.js...
[12:15:12]: Built ../node_modules/parcel-bundler/src/builtins/hmr-runtime.js...
[12:15:12]: ✨  Built in 22.69s.
[12:15:27]: Building _loadingScreen.scss...
[12:15:27]: Building...
[12:15:27]: Building main.scss...
[12:15:27]: Building debug.scss...
[12:15:27]: Building _loadingScreen.scss...
[12:15:46]: Built scss/main.scss...
[12:15:46]: Built scss/debug.scss...
[12:15:46]: Producing bundles...
[12:15:46]: Packaging...
[12:15:47]: ✨  Built in 19.49s.
[12:15:47]: Building...
[12:15:47]: Producing bundles...
[12:15:47]: Packaging...
[12:15:47]: ✨  Built in 155ms.
[12:18:02]: Building loadingScreen.js...
[12:18:02]: Building...
[12:18:02]: Building loadingScreen.js...
[12:18:15]: Built js/modules/loadingScreen.js...
[12:18:15]: Producing bundles...
[12:18:15]: Packaging...
[12:18:17]: Building hmr-runtime.js...
[12:18:17]: Built ../node_modules/parcel-bundler/src/builtins/hmr-runtime.js...
[12:18:17]: Building bundle-loader.js...
[12:18:17]: Built ../node_modules/parcel-bundler/src/builtins/bundle-loader.js...
[12:18:18]: Building html-loader.js...
[12:18:18]: Built ../node_modules/parcel-bundler/src/builtins/loaders/browser/html-loader.js...
[12:18:18]: ✨  Built in 16.53s.
[12:19:18]: Building _loadingScreen.scss...
[12:19:18]: Building _loadingScreen.scss...
[12:19:18]: Building...
[12:19:18]: Building main.scss...
[12:19:18]: Building debug.scss...
[12:19:33]: Built scss/main.scss...
[12:19:34]: Built scss/debug.scss...
[12:19:34]: Producing bundles...
[12:19:34]: Packaging...
[12:19:35]: ✨  Built in 16.27s.
[12:22:02]: Building _loadingScreen.scss...
[12:22:02]: Building...
[12:22:02]: Building main.scss...
[12:22:02]: Building debug.scss...
[12:22:14]: Built scss/main.scss...
[12:22:14]: Built scss/debug.scss...
[12:22:14]: Producing bundles...
[12:22:15]: Packaging...
[12:22:15]: ✨  Built in 13.41s.
[12:23:18]: Building _loadingScreen.scss...
[12:23:18]: Building _loadingScreen.scss...
[12:23:19]: Building...
[12:23:19]: Building main.scss...
[12:23:19]: Building debug.scss...
[12:23:28]: Built scss/main.scss...
[12:23:29]: Built scss/debug.scss...
[12:23:29]: Producing bundles...
[12:23:29]: Packaging...
[12:23:30]: ✨  Built in 11.08s.
[12:24:01]: Building _loadingScreen.scss...
[12:24:01]: Building _loadingScreen.scss...
[12:24:02]: Building _loadingScreen.scss...
[12:24:02]: Building...
[12:24:02]: Building main.scss...
[12:24:02]: Building debug.scss...
[12:24:14]: Built scss/main.scss...
[12:24:15]: Built scss/debug.scss...
[12:24:15]: Producing bundles...
[12:24:15]: Packaging...
[12:24:15]: ✨  Built in 13.68s.
[12:24:25]: Building _loadingScreen.scss...
[12:24:25]: Building _loadingScreen.scss...
[12:24:25]: Building...
[12:24:25]: Building main.scss...
[12:24:25]: Building debug.scss...
[12:24:36]: Built scss/main.scss...
[12:24:36]: Built scss/debug.scss...
[12:24:36]: Producing bundles...
[12:24:37]: Packaging...
[12:24:38]: ✨  Built in 13.41s.
[12:25:07]: Building debug.js...
[12:25:07]: Building debug.js...
[12:25:08]: Building debug.js...
[12:25:08]: Building...
[12:25:08]: Building debug.js...
[12:25:25]: Built js/debug.js...
[12:25:25]: Producing bundles...
[12:25:26]: Packaging...
[12:25:26]: Building bundle-loader.js...
[12:25:27]: Built ../node_modules/parcel-bundler/src/builtins/bundle-loader.js...
[12:25:27]: Building js-loader.js...
[12:25:27]: Built ../node_modules/parcel-bundler/src/builtins/loaders/browser/js-loader.js...
[12:25:28]: ✨  Built in 20.45s.
[12:26:00]: Building _loadingScreen.scss...
[12:26:00]: Building _loadingScreen.scss...
[12:26:00]: Building _loadingScreen.scss...
[12:26:00]: Building...
[12:26:00]: Building main.scss...
[12:26:00]: Building debug.scss...
[12:26:17]: Built scss/main.scss...
[12:26:17]: Built scss/debug.scss...
[12:26:17]: Producing bundles...
[12:26:17]: Packaging...
[12:26:18]: ✨  Built in 17.49s.
[12:28:28]: Building _loadingScreen.scss...
[12:28:28]: Building...
[12:28:28]: Building main.scss...
[12:28:28]: Building debug.scss...
[12:28:38]: Built scss/main.scss...
[12:28:38]: Built scss/debug.scss...
[12:28:38]: Producing bundles...
[12:28:38]: Packaging...
[12:28:39]: ✨  Built in 10.80s.
[12:29:59]: Building _loadingScreen.scss...
[12:29:59]: Building...
[12:29:59]: Building main.scss...
[12:29:59]: Building debug.scss...
[12:30:06]: 🚨  /home/pi/han1/src/scss/debug.scss:70:21: $color: 5px is not a color.
    -webkit-filter: blue(5px);
                    ^^^^^^^^^
  src/scss/_loadingScreen.scss 70:21  @import
  stdin 14:9                          root stylesheet
[12:30:06]: Error: $color: 5px is not a color.
    -webkit-filter: blue(5px);
                    ^^^^^^^^^
  src/scss/_loadingScreen.scss 70:21  @import
  stdin 14:9                          root stylesheet
[12:30:13]: Building _loadingScreen.scss...
[12:30:13]: Building _loadingScreen.scss...
[12:30:13]: Building _loadingScreen.scss...
[12:30:13]: Building...
[12:30:13]: Building debug.scss...
[12:30:13]: Building main.scss...
[12:30:26]: Built scss/main.scss...
[12:30:26]: Built scss/debug.scss...
[12:30:27]: Producing bundles...
[12:30:27]: Packaging...
[12:30:27]: ✨  Built in 14.24s.
[12:30:40]: Building _loadingScreen.scss...
[12:30:40]: Building...
[12:30:40]: Building main.scss...
[12:30:40]: Building debug.scss...
[12:30:40]: Building _loadingScreen.scss...
[12:30:40]: Building _loadingScreen.scss...
[12:30:52]: Built scss/main.scss...
[12:30:52]: Built scss/debug.scss...
[12:30:52]: Producing bundles...
[12:30:52]: Packaging...
[12:30:53]: ✨  Built in 13.07s.
[12:30:53]: Building...
[12:30:53]: Producing bundles...
[12:30:53]: Packaging...
[12:30:53]: ✨  Built in 109ms.
[12:35:48]: Building template.pug...
[12:35:49]: Building...
[12:35:49]: Building index.pug...
[12:35:49]: Building graph.pug...
[12:35:49]: Building settings.pug...
[12:35:49]: Building setup.pug...
[12:35:49]: Building debug.pug...
[12:35:49]: Building template.pug...
[12:36:14]: Built views/index.pug...
[12:36:14]: Built views/graph.pug...
[12:36:15]: Built views/settings.pug...
[12:36:15]: Built views/setup.pug...
[12:36:15]: Built views/debug.pug...
[12:36:15]: Producing bundles...
[12:36:15]: Packaging...
[12:36:17]: ✨  Built in 28.90s.
[12:36:17]: Building...
[12:36:17]: Producing bundles...
[12:36:18]: Packaging...
[12:36:18]: ✨  Built in 212ms.
[12:37:56]: Building template.pug...
[12:37:56]: Building...
[12:37:56]: Building index.pug...
[12:37:56]: Building graph.pug...
[12:37:56]: Building settings.pug...
[12:37:56]: Building setup.pug...
[12:37:56]: Building debug.pug...
[12:38:04]: Built views/index.pug...
[12:38:04]: Built views/graph.pug...
[12:38:04]: Built views/settings.pug...
[12:38:05]: Built views/setup.pug...
[12:38:05]: Built views/debug.pug...
[12:38:05]: Producing bundles...
[12:38:05]: Packaging...
[12:38:07]: ✨  Built in 11.30s.
[12:39:36]: Building _template.scss...
[12:39:36]: Building...
[12:39:36]: Building graph.scss...
[12:39:36]: Building settings.scss...
[12:39:36]: Building setup.scss...
[12:39:36]: Building main.scss...
[12:39:36]: Building debug.scss...
[12:40:09]: Built scss/graph.scss...
[12:40:09]: Built scss/settings.scss...
[12:40:10]: Built scss/setup.scss...
[12:40:10]: Built scss/main.scss...
[12:40:10]: Built scss/debug.scss...
[12:40:10]: Producing bundles...
[12:40:11]: Packaging...
[12:40:13]: Building hmr-runtime.js...
[12:40:14]: Built ../node_modules/parcel-bundler/src/builtins/hmr-runtime.js...
[12:40:14]: ✨  Built in 38.53s.
[12:40:33]: Building _template.scss...
[12:40:33]: Building _template.scss...
[12:40:33]: Building _template.scss...
[12:40:33]: Building...
[12:40:33]: Building graph.scss...
[12:40:33]: Building settings.scss...
[12:40:33]: Building setup.scss...
[12:40:33]: Building main.scss...
[12:40:33]: Building debug.scss...
[12:41:06]: Built scss/graph.scss...
[12:41:06]: Built scss/settings.scss...
[12:41:06]: Built scss/setup.scss...
[12:41:07]: Built scss/main.scss...
[12:41:07]: Built scss/debug.scss...
[12:41:07]: Producing bundles...
[12:41:07]: Packaging...
[12:41:09]: ✨  Built in 36.13s.
[12:41:19]: Building _template.scss...
[12:41:20]: Building...
[12:41:20]: Building graph.scss...
[12:41:20]: Building settings.scss...
[12:41:20]: Building setup.scss...
[12:41:20]: Building main.scss...
[12:41:20]: Building debug.scss...
[12:41:20]: Building _template.scss...
[12:41:20]: Building _template.scss...
[12:41:47]: Built scss/graph.scss...
[12:41:48]: Built scss/settings.scss...
[12:41:48]: Built scss/setup.scss...
[12:41:48]: Built scss/main.scss...
[12:41:49]: Built scss/debug.scss...
[12:41:49]: Producing bundles...
[12:41:49]: Packaging...
[12:41:52]: ✨  Built in 31.96s.
[12:41:52]: Building...
[12:41:52]: Producing bundles...
[12:41:52]: Packaging...
[12:41:52]: ✨  Built in 160ms.
[12:43:50]: Building loadingScreen.js...
[12:43:50]: Building...
[12:43:50]: Building loadingScreen.js...
[12:44:04]: Built js/modules/loadingScreen.js...
[12:44:04]: Producing bundles...
[12:44:04]: Packaging...
[12:44:05]: Building hmr-runtime.js...
[12:44:06]: Built ../node_modules/parcel-bundler/src/builtins/hmr-runtime.js...
[12:44:06]: Building bundle-loader.js...
[12:44:07]: Built ../node_modules/parcel-bundler/src/builtins/bundle-loader.js...
[12:44:07]: Building html-loader.js...
[12:44:07]: Built ../node_modules/parcel-bundler/src/builtins/loaders/browser/html-loader.js...
[12:44:08]: ✨  Built in 17.77s.
[12:46:41]: Building _loadingScreen.scss...
[12:46:41]: Building...
[12:46:41]: Building main.scss...
[12:46:41]: Building debug.scss...
[12:46:56]: Built scss/main.scss...
[12:46:57]: Built scss/debug.scss...
[12:46:57]: Producing bundles...
[12:46:57]: Packaging...
[12:46:59]: ✨  Built in 17.50s.
[12:47:31]: Building loadingScreen.js...
[12:47:31]: Building...
[12:47:31]: Building loadingScreen.js...
[12:47:45]: Built js/modules/loadingScreen.js...
[12:47:45]: Producing bundles...
[12:47:45]: Packaging...
[12:47:46]: Building bundle-loader.js...
[12:47:47]: Built ../node_modules/parcel-bundler/src/builtins/bundle-loader.js...
[12:47:47]: Building html-loader.js...
[12:47:47]: Built ../node_modules/parcel-bundler/src/builtins/loaders/browser/html-loader.js...
[12:47:49]: ✨  Built in 18.36s.
[12:49:13]: Building loadingScreen.js...
[12:49:13]: Building...
[12:49:13]: Building loadingScreen.js...
[12:49:23]: Built js/modules/loadingScreen.js...
[12:49:23]: Producing bundles...
[12:49:23]: Packaging...
[12:49:28]: ✨  Built in 15.16s.
[12:49:49]: Building loadingScreen.js...
[12:49:49]: Building loadingScreen.js...
[12:49:49]: Building...
[12:49:49]: Building loadingScreen.js...
[12:49:49]: Building loadingScreen.js...
[12:50:00]: Built js/modules/loadingScreen.js...
[12:50:00]: Producing bundles...
[12:50:00]: Packaging...
[12:50:02]: ✨  Built in 13.22s.
[12:50:02]: Building...
[12:50:02]: Producing bundles...
[12:50:02]: Packaging...
[12:50:02]: ✨  Built in 183ms.
[12:50:45]: Building _loadingScreen.scss...
[12:50:45]: Building...
[12:50:45]: Building main.scss...
[12:50:45]: Building debug.scss...
[12:51:03]: Built scss/main.scss...
[12:51:03]: Built scss/debug.scss...
[12:51:03]: Producing bundles...
[12:51:03]: Packaging...
[12:51:04]: Building hmr-runtime.js...
[12:51:05]: Built ../node_modules/parcel-bundler/src/builtins/hmr-runtime.js...
[12:51:05]: ✨  Built in 19.76s.
[12:51:33]: Building loadingScreen.js...
[12:51:33]: Building loadingScreen.js...
[12:51:33]: Building loadingScreen.js...
[12:51:33]: Building...
[12:51:33]: Building loadingScreen.js...
[12:51:36]: 🚨  /home/pi/han1/src/js/modules/loadingScreen.js:106:68: Unexpected token, expected ")" (106:68)
[12:51:36]:   104 |       this.background.setAttribute('data-display', '');
  105 |       document.body.classList.add('disScroll');
> 106 |       if (this.mainContainer && !this.mainContainer.dataset.blurred {
      |                                                                    ^
  107 |           this.mainContainer.dataset.blurred = '';
  108 |         }
  109 |       }
[12:51:46]: Building loadingScreen.js...
[12:51:47]: Building loadingScreen.js...
[12:51:47]: Building...
[12:51:47]: Building loadingScreen.js...
[12:51:57]: Built js/modules/loadingScreen.js...
[12:51:57]: Producing bundles...
[12:51:58]: Packaging...
[12:51:59]: Building bundle-loader.js...
[12:51:59]: Built ../node_modules/parcel-bundler/src/builtins/bundle-loader.js...
[12:51:59]: Building html-loader.js...
[12:52:00]: Built ../node_modules/parcel-bundler/src/builtins/loaders/browser/html-loader.js...
[12:52:01]: ✨  Built in 14.09s.
[12:52:29]: Building loadingScreen.js...
[12:52:29]: Building...
[12:52:29]: Building loadingScreen.js...
[12:52:29]: Building loadingScreen.js...
[12:52:38]: Built js/modules/loadingScreen.js...
[12:52:38]: Producing bundles...
[12:52:38]: Packaging...
[12:52:39]: ✨  Built in 10.48s.
[12:52:39]: Building...
[12:52:39]: Producing bundles...
[12:52:39]: Packaging...
[12:52:39]: ✨  Built in 105ms.
[12:53:16]: Building loadingScreen.js...
[12:53:16]: Building...
[12:53:16]: Building loadingScreen.js...
[12:53:16]: Building loadingScreen.js...
[12:53:16]: Building loadingScreen.js...
[12:53:26]: Built js/modules/loadingScreen.js...
[12:53:26]: Producing bundles...
[12:53:27]: Packaging...
[12:53:27]: Building hmr-runtime.js...
[12:53:28]: Built ../node_modules/parcel-bundler/src/builtins/hmr-runtime.js...
[12:53:28]: Building bundle-loader.js...
[12:53:29]: Built ../node_modules/parcel-bundler/src/builtins/bundle-loader.js...
[12:53:29]: Building html-loader.js...
[12:53:29]: Built ../node_modules/parcel-bundler/src/builtins/loaders/browser/html-loader.js...
[12:53:30]: ✨  Built in 13.64s.
[12:53:30]: Building...
[12:53:30]: Producing bundles...
[12:53:30]: 🚨  WebSocket is not open: readyState 2 (CLOSING)
[12:53:30]:     at WebSocket.send (/home/pi/han1/node_modules/ws/lib/websocket.js:314:19)
    at HMRServer.broadcast (/home/pi/han1/node_modules/parcel-bundler/src/HMRServer.js:110:10)
    at HMRServer.emitUpdate (/home/pi/han1/node_modules/parcel-bundler/src/HMRServer.js:81:12)
    at Bundler.bundle (/home/pi/han1/node_modules/parcel-bundler/src/Bundler.js:302:18)
    at <anonymous>
    at process._tickCallback (internal/process/next_tick.js:188:7)
[12:53:30]: Building...
[12:53:30]: Producing bundles...
[12:53:30]: 🚨  WebSocket is not open: readyState 2 (CLOSING)
[12:53:30]:     at WebSocket.send (/home/pi/han1/node_modules/ws/lib/websocket.js:314:19)
    at HMRServer.broadcast (/home/pi/han1/node_modules/parcel-bundler/src/HMRServer.js:110:10)
    at HMRServer.emitUpdate (/home/pi/han1/node_modules/parcel-bundler/src/HMRServer.js:70:12)
    at Bundler.bundle (/home/pi/han1/node_modules/parcel-bundler/src/Bundler.js:302:18)
    at <anonymous>
    at process._tickCallback (internal/process/next_tick.js:188:7)
[12:53:36]: Building loadingScreen.js...
[12:53:36]: Building loadingScreen.js...
[12:53:36]: Building loadingScreen.js...
[12:53:36]: Building...
[12:53:36]: Building loadingScreen.js...
[12:53:45]: Built js/modules/loadingScreen.js...
[12:53:45]: Producing bundles...
[12:53:46]: Packaging...
[12:53:46]: ✨  Built in 10.06s.
[12:58:15]: Building loadingScreen.js...
[12:58:16]: Building...
[12:58:16]: Building loadingScreen.js...
[12:58:24]: Built js/modules/loadingScreen.js...
[12:58:24]: Producing bundles...
[12:58:24]: Packaging...
[12:58:24]: Building hmr-runtime.js...
[12:58:25]: Built ../node_modules/parcel-bundler/src/builtins/hmr-runtime.js...
[12:58:25]: Building bundle-loader.js...
[12:58:26]: Built ../node_modules/parcel-bundler/src/builtins/bundle-loader.js...
[12:58:26]: Building html-loader.js...
[12:58:27]: Built ../node_modules/parcel-bundler/src/builtins/loaders/browser/html-loader.js...
[12:58:27]: ✨  Built in 11.81s.
[12:59:09]: Building loadingScreen.js...
[12:59:09]: Building...
[12:59:09]: Building loadingScreen.js...
[12:59:18]: Built js/modules/loadingScreen.js...
[12:59:19]: Producing bundles...
[12:59:19]: Packaging...
[12:59:20]: ✨  Built in 10.82s.
[12:59:54]: Building loadingScreen.js...
[12:59:54]: Building loadingScreen.js...
[12:59:54]: Building...
[12:59:54]: Building loadingScreen.js...
[13:00:05]: Built js/modules/loadingScreen.js...
[13:00:05]: Producing bundles...
[13:00:05]: Packaging...
[13:00:07]: ✨  Built in 12.28s.
[13:00:22]: Building loadingScreen.js...
[13:00:22]: Building...
[13:00:22]: Building loadingScreen.js...
[13:00:22]: Building loadingScreen.js...
[13:00:29]: Built js/modules/loadingScreen.js...
[13:00:29]: Producing bundles...
[13:00:29]: Packaging...
[13:00:30]: ✨  Built in 8.25s.
[13:00:30]: Building...
[13:00:30]: Producing bundles...
[13:00:30]: Packaging...
[13:00:30]: ✨  Built in 144ms.
[13:00:59]: Building loadingScreen.js...
[13:01:00]: Building loadingScreen.js...
[13:01:00]: Building loadingScreen.js...
[13:01:00]: Building...
[13:01:00]: Building loadingScreen.js...
[13:01:09]: Built js/modules/loadingScreen.js...
[13:01:09]: Producing bundles...
[13:01:09]: Packaging...
[13:01:10]: Building hmr-runtime.js...
[13:01:11]: Built ../node_modules/parcel-bundler/src/builtins/hmr-runtime.js...
[13:01:12]: Building bundle-loader.js...
[13:01:12]: Built ../node_modules/parcel-bundler/src/builtins/bundle-loader.js...
[13:01:12]: Building html-loader.js...
[13:01:13]: Built ../node_modules/parcel-bundler/src/builtins/loaders/browser/html-loader.js...
[13:01:14]: ✨  Built in 13.84s.
[13:01:48]: Building loadingScreen.js...
[13:01:49]: Building loadingScreen.js...
[13:01:49]: Building loadingScreen.js...
[13:01:49]: Building...
[13:01:49]: Building loadingScreen.js...
[13:01:57]: Built js/modules/loadingScreen.js...
[13:01:57]: Producing bundles...
[13:01:58]: Packaging...
[13:01:59]: ✨  Built in 10.35s.
[13:03:05]: Building _loadingScreen.scss...
[13:03:05]: Building...
[13:03:05]: Building main.scss...
[13:03:05]: Building debug.scss...
[13:03:12]: Building loadingScreen.js...
[13:03:12]: Building loadingScreen.js...
[13:03:12]: Building loadingScreen.js...
[13:03:12]: Building loadingScreen.js...
[13:03:30]: Built js/modules/loadingScreen.js...
[13:03:31]: Built scss/main.scss...
[13:03:31]: Built scss/debug.scss...
[13:03:31]: Producing bundles...
[13:03:31]: Packaging...
[13:03:33]: ✨  Built in 28.00s.
[13:03:33]: Building...
[13:03:33]: Producing bundles...
[13:03:33]: Packaging...
[13:03:33]: ✨  Built in 113ms.
[13:03:33]: Building...
[13:03:33]: Producing bundles...
[13:03:33]: Packaging...
[13:03:33]: ✨  Built in 49ms.
[13:06:07]: Building _loadingScreen.scss...
[13:06:07]: Building...
[13:06:07]: Building main.scss...
[13:06:07]: Building debug.scss...
[13:06:33]: Built scss/main.scss...
[13:06:34]: Built scss/debug.scss...
[13:06:34]: Producing bundles...
[13:06:34]: Packaging...
[13:06:35]: Building hmr-runtime.js...
[13:06:35]: Built ../node_modules/parcel-bundler/src/builtins/hmr-runtime.js...
[13:06:36]: ✨  Built in 28.11s.
[13:09:08]: Building loadingScreen.js...
[13:09:08]: Building...
[13:09:08]: Building loadingScreen.js...
[13:09:27]: Built js/modules/loadingScreen.js...
[13:09:27]: Producing bundles...
[13:09:27]: Packaging...
[13:09:28]: Building bundle-loader.js...
[13:09:29]: Built ../node_modules/parcel-bundler/src/builtins/bundle-loader.js...
[13:09:29]: Building html-loader.js...
[13:09:29]: Built ../node_modules/parcel-bundler/src/builtins/loaders/browser/html-loader.js...
[13:09:30]: ✨  Built in 21.81s.
[13:10:24]: Building _loadingScreen.scss...
[13:10:25]: Building...
[13:10:25]: Building main.scss...
[13:10:25]: Building debug.scss...
[13:10:44]: Built scss/main.scss...
[13:10:44]: Built scss/debug.scss...
[13:10:44]: Producing bundles...
[13:10:44]: Packaging...
[13:10:45]: ✨  Built in 19.98s.
[13:11:54]: Building loadingScreen.js...
[13:11:54]: Building...
[13:11:54]: Building loadingScreen.js...
[13:12:12]: Built js/modules/loadingScreen.js...
[13:12:12]: Producing bundles...
[13:12:12]: Packaging...
[13:12:13]: Building bundle-loader.js...
[13:12:13]: Built ../node_modules/parcel-bundler/src/builtins/bundle-loader.js...
[13:12:14]: Building html-loader.js...
[13:12:14]: Built ../node_modules/parcel-bundler/src/builtins/loaders/browser/html-loader.js...
[13:12:15]: ✨  Built in 21.14s.
[13:13:09]: Building loadingScreen.js...
[13:13:09]: Building...
[13:13:09]: Building loadingScreen.js...
[13:13:24]: Built js/modules/loadingScreen.js...
[13:13:24]: Producing bundles...
[13:13:25]: Packaging...
[13:13:26]: ✨  Built in 17.26s.
[13:13:52]: Building loadingScreen.js...
[13:13:52]: Building loadingScreen.js...
[13:13:52]: Building...
[13:13:52]: Building loadingScreen.js...
[13:14:04]: Built js/modules/loadingScreen.js...
[13:14:04]: Producing bundles...
[13:14:04]: Packaging...
[13:14:06]: ✨  Built in 14.24s.
[13:24:02]: Building _template.scss...
[13:24:02]: Building...
[13:24:02]: Building graph.scss...
[13:24:02]: Building settings.scss...
[13:24:02]: Building setup.scss...
[13:24:02]: Building main.scss...
[13:24:02]: Building debug.scss...
[13:24:35]: Built scss/graph.scss...
[13:24:36]: Built scss/settings.scss...
[13:24:36]: Built scss/setup.scss...
[13:24:36]: Built scss/main.scss...
[13:24:36]: Built scss/debug.scss...
[13:24:36]: Producing bundles...
[13:24:36]: Packaging...
[13:24:38]: ✨  Built in 35.88s.
[13:25:49]: Building main.scss...
[13:25:49]: Building...
[13:25:50]: Building main.scss...
[13:25:58]: Built scss/main.scss...
[13:25:58]: Producing bundles...
[13:25:58]: Packaging...
[13:25:59]: ✨  Built in 9.47s.
[13:31:29]: Building _tables.scss...
[13:31:29]: Building...
[13:31:29]: Building debug.scss...
[13:31:39]: Built scss/debug.scss...
[13:31:39]: Producing bundles...
[13:31:39]: Packaging...
[13:31:39]: ✨  Built in 10.63s.
[13:32:41]: Building _tables.scss...
[13:32:41]: Building...
[13:32:41]: Building debug.scss...
[13:32:52]: Built scss/debug.scss...
[13:32:52]: Producing bundles...
[13:32:52]: Packaging...
[13:32:53]: ✨  Built in 12.15s.
[13:33:49]: Building _tables.scss...
[13:33:49]: Building...
[13:33:49]: Building debug.scss...
[13:33:58]: Built scss/debug.scss...
[13:33:58]: Producing bundles...
[13:33:59]: Packaging...
[13:33:59]: ✨  Built in 10.26s.
[13:35:08]: Building _tables.scss...
[13:35:08]: Building...
[13:35:08]: Building debug.scss...
[13:35:15]: Built scss/debug.scss...
[13:35:15]: Producing bundles...
[13:35:15]: Packaging...
[13:35:16]: ✨  Built in 7.82s.
[13:35:46]: Building _tables.scss...
[13:35:46]: Building...
[13:35:46]: Building debug.scss...
[13:35:46]: Building _tables.scss...
[13:35:55]: Built scss/debug.scss...
[13:35:55]: Producing bundles...
[13:35:55]: Packaging...
[13:35:56]: ✨  Built in 10.07s.
[13:35:56]: Building...
[13:35:56]: Producing bundles...
[13:35:56]: Packaging...
[13:35:56]: ✨  Built in 184ms.
[13:37:48]: Building _template.scss...
[13:37:48]: Building...
[13:37:48]: Building graph.scss...
[13:37:48]: Building settings.scss...
[13:37:48]: Building setup.scss...
[13:37:48]: Building main.scss...
[13:37:48]: Building debug.scss...
[13:38:25]: Built scss/graph.scss...
[13:38:26]: Built scss/settings.scss...
[13:38:26]: Built scss/setup.scss...
[13:38:26]: Built scss/main.scss...
[13:38:26]: Built scss/debug.scss...
[13:38:26]: Producing bundles...
[13:38:27]: Packaging...
[13:38:27]: ✨  Built in 38.68s.
[13:40:14]: Building main.js...
[13:40:14]: Building...
[13:40:14]: Building main.js...
[13:40:36]: Built js/main.js...
[13:40:36]: Producing bundles...
[13:40:36]: Packaging...
[13:40:37]: Building hmr-runtime.js...
[13:40:38]: Built ../node_modules/parcel-bundler/src/builtins/hmr-runtime.js...
[13:40:38]: Building bundle-loader.js...
[13:40:38]: Built ../node_modules/parcel-bundler/src/builtins/bundle-loader.js...
[13:40:38]: Building js-loader.js...
[13:40:39]: Built ../node_modules/parcel-bundler/src/builtins/loaders/browser/js-loader.js...
[13:40:42]: ✨  Built in 28.00s.
[13:42:10]: Building main.js...
[13:42:10]: Building...
[13:42:10]: Building main.js...
[13:42:27]: Built js/main.js...
[13:42:27]: Producing bundles...
[13:42:28]: Packaging...
[13:42:30]: ✨  Built in 19.97s.
[13:44:13]: Building main.scss...
[13:44:13]: Building main.scss...
[13:44:14]: Building...
[13:44:14]: Building main.scss...
[13:44:24]: Built scss/main.scss...
[13:44:24]: Producing bundles...
[13:44:24]: Packaging...
[13:44:24]: ✨  Built in 10.55s.
[13:44:41]: Building main.js...
[13:44:41]: Building main.js...
[13:44:41]: Building main.js...
[13:44:41]: Building...
[13:44:41]: Building main.js...
[13:44:56]: Built js/main.js...
[13:44:56]: Producing bundles...
[13:44:56]: Packaging...
[13:44:57]: Building hmr-runtime.js...
[13:44:58]: Built ../node_modules/parcel-bundler/src/builtins/hmr-runtime.js...
[13:44:58]: Building bundle-loader.js...
[13:44:59]: Built ../node_modules/parcel-bundler/src/builtins/bundle-loader.js...
[13:45:00]: Building js-loader.js...
[13:45:00]: Built ../node_modules/parcel-bundler/src/builtins/loaders/browser/js-loader.js...
[13:45:02]: ✨  Built in 21.00s.
[13:48:10]: Building main.js...
[13:48:10]: Building...
[13:48:10]: Building main.js...
[13:48:23]: Built js/main.js...
[13:48:23]: Producing bundles...
[13:48:24]: Packaging...
[13:48:25]: ✨  Built in 14.93s.
[13:48:43]: Building main.scss...
[13:48:43]: Building main.scss...
[13:48:43]: Building main.scss...
[13:48:43]: Building...
[13:48:43]: Building main.scss...
[13:48:48]: Built scss/main.scss...
[13:48:48]: Producing bundles...
[13:48:48]: Packaging...
[13:48:49]: ✨  Built in 6.03s.
[13:49:15]: Building main.scss...
[13:49:16]: Building main.scss...
[13:49:16]: Building...
[13:49:16]: Building main.scss...
[13:49:17]: Building main.scss...
[13:49:23]: Built scss/main.scss...
[13:49:23]: Producing bundles...
[13:49:23]: Packaging...
[13:49:23]: ✨  Built in 7.75s.
[13:49:23]: Building...
[13:49:23]: Producing bundles...
[13:49:23]: Packaging...
[13:49:24]: ✨  Built in 110ms.
[13:49:58]: Building debug.js...
[13:49:58]: Building debug.js...
[13:49:58]: Building debug.js...
[13:49:58]: Building...
[13:49:58]: Building debug.js...
[13:50:13]: Built js/debug.js...
[13:50:13]: Producing bundles...
[13:50:14]: Packaging...
[13:50:15]: Building hmr-runtime.js...
[13:50:15]: Built ../node_modules/parcel-bundler/src/builtins/hmr-runtime.js...
[13:50:15]: Building bundle-loader.js...
[13:50:16]: Built ../node_modules/parcel-bundler/src/builtins/bundle-loader.js...
[13:50:16]: Building js-loader.js...
[13:50:16]: Built ../node_modules/parcel-bundler/src/builtins/loaders/browser/js-loader.js...
[13:50:20]: ✨  Built in 21.54s.
[13:52:55]: Building index.pug...
[13:52:55]: Building...
[13:52:55]: Building index.pug...
[13:52:58]: Built views/index.pug...
[13:52:58]: Producing bundles...
[13:52:58]: Packaging...
[13:52:58]: ✨  Built in 3.24s.
[13:54:08]: Building main.scss...
[13:54:08]: Building...
[13:54:08]: Building main.scss...
[13:54:19]: Built scss/main.scss...
[13:54:19]: Producing bundles...
[13:54:19]: Packaging...
[13:54:19]: Building hmr-runtime.js...
[13:54:20]: Built ../node_modules/parcel-bundler/src/builtins/hmr-runtime.js...
[13:54:21]: ✨  Built in 12.75s.
[13:55:55]: Building main.scss...
[13:55:55]: Building main.scss...
[13:55:55]: Building...
[13:55:55]: Building main.scss...
[13:56:01]: Built scss/main.scss...
[13:56:01]: Producing bundles...
[13:56:02]: Packaging...
[13:56:02]: ✨  Built in 7.00s.
[14:09:08]: Building main.js...
[14:09:08]: Building...
[14:09:08]: Building main.js...
[14:09:30]: Built js/main.js...
[14:09:30]: Producing bundles...
[14:09:30]: Packaging...
[14:09:32]: Building bundle-loader.js...
[14:09:32]: Built ../node_modules/parcel-bundler/src/builtins/bundle-loader.js...
[14:09:32]: Building js-loader.js...
[14:09:33]: Built ../node_modules/parcel-bundler/src/builtins/loaders/browser/js-loader.js...
[14:09:35]: ✨  Built in 27.38s.
[14:09:43]: Building main.js...
[14:09:43]: Building main.js...
[14:09:44]: Building main.js...
[14:09:44]: Building...
[14:09:44]: Building main.js...
[14:10:01]: Built js/main.js...
[14:10:01]: Producing bundles...
[14:10:02]: Packaging...
[14:10:05]: ✨  Built in 20.83s.
[14:11:24]: Building main.js...
[14:11:24]: Building...
[14:11:24]: Building main.js...
[14:11:24]: Building main.js...
[14:11:38]: Built js/main.js...
[14:11:38]: Producing bundles...
[14:11:39]: Packaging...
[14:11:45]: ✨  Built in 21.20s.
[14:11:45]: Building...
[14:11:45]: Producing bundles...
[14:11:45]: Packaging...
[14:11:45]: ✨  Built in 148ms.
[14:14:49]: Building main.js...
[14:14:49]: Building...
[14:14:49]: Building main.js...
[14:15:04]: Built js/main.js...
[14:15:04]: Producing bundles...
[14:15:05]: Packaging...
[14:15:06]: Building hmr-runtime.js...
[14:15:07]: Built ../node_modules/parcel-bundler/src/builtins/hmr-runtime.js...
[14:15:07]: Building bundle-loader.js...
[14:15:07]: Built ../node_modules/parcel-bundler/src/builtins/bundle-loader.js...
[14:15:07]: Building js-loader.js...
[14:15:08]: Built ../node_modules/parcel-bundler/src/builtins/loaders/browser/js-loader.js...
[14:15:09]: ✨  Built in 20.36s.
