[14:20:49]: Building...
[14:21:22]: Building dash.js...
[14:21:25]: Building index.pug...
[14:21:25]: Building debug.pug...
[14:21:25]: Building graph.pug...
[14:21:25]: Building settings.pug...
[14:21:25]: Building setup.pug...
[14:21:35]: Building main.scss...
[14:21:35]: Building main.js...
[14:21:35]: Building graph.scss...
[14:21:35]: Building graph.js...
[14:21:35]: Building settings.scss...
[14:21:35]: Building settings.js...
[14:21:35]: Building setup.scss...
[14:21:35]: Building systemSetup.js...
[14:21:35]: Building debug.scss...
[14:21:35]: Building debug.js...
[14:21:37]: Building objectWithoutProperties.js...
[14:21:37]: Building main.js...
[14:21:37]: Built js/graph.js...
[14:21:38]: Built js/settings.js...
[14:21:38]: Built js/systemSetup.js...
[14:21:38]: Building slicedToArray.js...
[14:21:38]: Building css-loader.js...
[14:21:39]: Built scss/graph.scss...
[14:21:39]: Built views/graph.pug...
[14:21:39]: Built scss/settings.scss...
[14:21:39]: Built views/settings.pug...
[14:21:39]: Built scss/setup.scss...
[14:21:39]: Built views/setup.pug...
[14:21:40]: Built scss/debug.scss...
[14:21:40]: Building objectWithoutPropertiesLoose.js...
[14:21:40]: Building line.js...
[14:21:40]: Building circle.js...
[14:21:40]: Building semicircle.js...
[14:21:40]: Building path.js...
[14:21:40]: Building shape.js...
[14:21:40]: Building utils.js...
[14:21:41]: Building arrayWithHoles.js...
[14:21:41]: Building iterableToArrayLimit.js...
[14:21:41]: Building nonIterableRest.js...
[14:21:41]: Building bundle-url.js...
[14:21:43]: Built ../node_modules/@babel/runtime/helpers/objectWithoutPropertiesLoose.js...
[14:21:43]: Built ../node_modules/@babel/runtime/helpers/objectWithoutProperties.js...
[14:21:43]: Built ../node_modules/progressbar.js/src/line.js...
[14:21:43]: Built ../node_modules/progressbar.js/src/circle.js...
[14:21:43]: Built ../node_modules/progressbar.js/src/semicircle.js...
[14:21:43]: Building shifty.js...
[14:21:43]: Built ../node_modules/progressbar.js/src/shape.js...
[14:21:43]: Built ../node_modules/progressbar.js/src/utils.js...
[14:21:43]: Built ../node_modules/@babel/runtime/helpers/arrayWithHoles.js...
[14:21:43]: Built ../node_modules/@babel/runtime/helpers/iterableToArrayLimit.js...
[14:21:43]: Built ../node_modules/@babel/runtime/helpers/nonIterableRest.js...
[14:21:43]: Built ../node_modules/@babel/runtime/helpers/slicedToArray.js...
[14:21:43]: Built js/debug.js...
[14:21:43]: Built views/debug.pug...
[14:21:44]: Built ../node_modules/parcel-bundler/src/builtins/bundle-url.js...
[14:21:44]: Built ../node_modules/parcel-bundler/src/builtins/css-loader.js...
[14:21:44]: Built scss/main.scss...
[14:21:44]: Built ../node_modules/shifty/dist/shifty.js...
[14:21:44]: Built ../node_modules/progressbar.js/src/path.js...
[14:21:44]: Built ../node_modules/progressbar.js/src/main.js...
[14:21:44]: Built js/main.js...
[14:21:44]: Built views/index.pug...
[14:21:44]: Built dash.js...
[14:21:44]: Producing bundles...
[14:21:45]: Packaging...
[14:21:53]: Building hmr-runtime.js...
[14:22:13]: Built ../node_modules/parcel-bundler/src/builtins/hmr-runtime.js...
[14:22:14]: Building bundle-loader.js...
[14:22:15]: Built ../node_modules/parcel-bundler/src/builtins/bundle-loader.js...
[14:22:16]: Building js-loader.js...
[14:22:16]: Building html-loader.js...
[14:22:16]: Built ../node_modules/parcel-bundler/src/builtins/loaders/browser/js-loader.js...
[14:22:16]: Built ../node_modules/parcel-bundler/src/builtins/loaders/browser/html-loader.js...
[14:22:20]: ✨  Built in 91.30s.
[15:42:07]: Building _tables.scss...
[15:42:07]: Building...
[15:42:07]: Building debug.scss...
[15:42:37]: Built scss/debug.scss...
[15:42:37]: Producing bundles...
[15:42:37]: Packaging...
[15:42:37]: ✨  Built in 29.88s.
[15:42:52]: Building _tables.scss...
[15:42:52]: Building _tables.scss...
[15:42:52]: Building...
[15:42:52]: Building debug.scss...
[15:42:52]: Building _tables.scss...
[15:43:00]: Built scss/debug.scss...
[15:43:00]: Producing bundles...
[15:43:00]: Packaging...
[15:43:01]: Building hmr-runtime.js...
[15:43:02]: Built ../node_modules/parcel-bundler/src/builtins/hmr-runtime.js...
[15:43:02]: ✨  Built in 9.76s.
[15:43:02]: Building...
[15:43:02]: Producing bundles...
[15:43:02]: Packaging...
[15:43:02]: ✨  Built in 147ms.
[15:43:11]: Building _tables.scss...
[15:43:11]: Building...
[15:43:11]: Building debug.scss...
[15:43:11]: Building _tables.scss...
[15:43:11]: Building _tables.scss...
[15:43:23]: Built scss/debug.scss...
[15:43:23]: Producing bundles...
[15:43:23]: Packaging...
[15:43:23]: Building hmr-runtime.js...
[15:43:24]: Built ../node_modules/parcel-bundler/src/builtins/hmr-runtime.js...
[15:43:24]: ✨  Built in 13.24s.
[15:43:24]: Building...
[15:43:24]: Producing bundles...
[15:43:25]: Packaging...
[15:43:25]: ✨  Built in 148ms.
[15:43:56]: Building _tables.scss...
[15:43:56]: Building _tables.scss...
[15:43:56]: Building...
[15:43:56]: Building debug.scss...
[15:43:56]: Building _tables.scss...
[15:44:03]: Built scss/debug.scss...
[15:44:03]: Producing bundles...
[15:44:03]: Packaging...
[15:44:03]: Building hmr-runtime.js...
[15:44:04]: Built ../node_modules/parcel-bundler/src/builtins/hmr-runtime.js...
[15:44:04]: ✨  Built in 8.23s.
[15:44:04]: Building...
[15:44:04]: Producing bundles...
[15:44:04]: Packaging...
[15:44:04]: ✨  Built in 151ms.
[15:44:55]: Building _tables.scss...
[15:44:55]: Building _tables.scss...
[15:44:55]: Building _tables.scss...
[15:44:55]: Building...
[15:44:55]: Building debug.scss...
[15:45:04]: Built scss/debug.scss...
[15:45:04]: Producing bundles...
[15:45:04]: Packaging...
[15:45:05]: Building hmr-runtime.js...
[15:45:05]: Built ../node_modules/parcel-bundler/src/builtins/hmr-runtime.js...
[15:45:06]: ✨  Built in 10.51s.
[15:45:44]: Building _tables.scss...
[15:45:44]: Building...
[15:45:44]: Building debug.scss...
[15:45:44]: Building _tables.scss...
[15:45:44]: Building _tables.scss...
[15:45:49]: Built scss/debug.scss...
[15:45:49]: Producing bundles...
[15:45:49]: Packaging...
[15:45:50]: ✨  Built in 5.96s.
[15:45:50]: Building...
[15:45:50]: Producing bundles...
[15:45:50]: Packaging...
[15:45:50]: ✨  Built in 143ms.
[15:47:44]: Building _tables.scss...
[15:47:44]: Building...
[15:47:44]: Building debug.scss...
[15:47:50]: Built scss/debug.scss...
[15:47:50]: Producing bundles...
[15:47:50]: Packaging...
[15:47:50]: Building hmr-runtime.js...
[15:47:50]: Built ../node_modules/parcel-bundler/src/builtins/hmr-runtime.js...
[15:47:51]: ✨  Built in 6.38s.
[15:49:03]: Building _tables.scss...
[15:49:03]: Building...
[15:49:03]: Building debug.scss...
[15:49:09]: Built scss/debug.scss...
[15:49:09]: Producing bundles...
[15:49:09]: Packaging...
[15:49:10]: ✨  Built in 6.25s.
[15:50:30]: Building _tables.scss...
[15:50:30]: Building...
[15:50:30]: Building debug.scss...
[15:50:36]: Built scss/debug.scss...
[15:50:36]: Producing bundles...
[15:50:36]: Packaging...
[15:50:37]: ✨  Built in 7.21s.
[15:52:15]: Building debug.js...
[15:52:15]: Building...
[15:52:15]: Building debug.js...
[15:52:40]: Built js/debug.js...
[15:52:40]: Producing bundles...
[15:52:40]: Packaging...
[15:52:41]: Building bundle-loader.js...
[15:52:42]: Built ../node_modules/parcel-bundler/src/builtins/bundle-loader.js...
[15:52:42]: Building js-loader.js...
[15:52:42]: Built ../node_modules/parcel-bundler/src/builtins/loaders/browser/js-loader.js...
[15:52:43]: ✨  Built in 28.25s.
[15:53:04]: Building debug.js...
[15:53:04]: Building debug.js...
[15:53:04]: Building debug.js...
[15:53:04]: Building...
[15:53:04]: Building debug.js...
[15:53:20]: Built js/debug.js...
[15:53:20]: Producing bundles...
[15:53:21]: Packaging...
[15:53:23]: ✨  Built in 18.37s.
[15:53:45]: Building debug.js...
[15:53:46]: Building...
[15:53:46]: Building debug.js...
[15:53:46]: Building debug.js...
[15:53:57]: Built js/debug.js...
[15:53:57]: Producing bundles...
[15:53:57]: Packaging...
[15:54:00]: ✨  Built in 14.31s.
[15:54:00]: Building...
[15:54:00]: Producing bundles...
[15:54:00]: Packaging...
[15:54:00]: ✨  Built in 170ms.
[15:54:22]: Building debug.js...
[15:54:22]: Building...
[15:54:22]: Building debug.js...
[15:54:22]: Building debug.js...
[15:54:33]: Built js/debug.js...
[15:54:33]: Producing bundles...
[15:54:33]: Packaging...
[15:54:34]: Building hmr-runtime.js...
[15:54:34]: Built ../node_modules/parcel-bundler/src/builtins/hmr-runtime.js...
[15:54:34]: Building bundle-loader.js...
[15:54:35]: Built ../node_modules/parcel-bundler/src/builtins/bundle-loader.js...
[15:54:35]: Building js-loader.js...
[15:54:36]: Built ../node_modules/parcel-bundler/src/builtins/loaders/browser/js-loader.js...
[15:54:37]: ✨  Built in 14.12s.
[15:54:37]: Building...
[15:54:37]: Producing bundles...
[15:54:37]: Packaging...
[15:54:37]: ✨  Built in 132ms.
[15:58:39]: Building debug.js...
[15:58:39]: Building...
[15:58:39]: Building debug.js...
[15:58:59]: Built js/debug.js...
[15:58:59]: Producing bundles...
[15:58:59]: Packaging...
[15:58:59]: Building debug.js...
[15:58:59]: Building debug.js...
[15:58:59]: Building debug.js...
[15:59:00]: Building debug.js...
[15:59:00]: Building hmr-runtime.js...
[15:59:01]: Built ../node_modules/parcel-bundler/src/builtins/hmr-runtime.js...
[15:59:14]: Built js/debug.js...
[15:59:14]: Building bundle-loader.js...
[15:59:15]: Built ../node_modules/parcel-bundler/src/builtins/bundle-loader.js...
[15:59:15]: Building js-loader.js...
[15:59:16]: Built ../node_modules/parcel-bundler/src/builtins/loaders/browser/js-loader.js...
[15:59:17]: ✨  Built in 37.95s.
[15:59:17]: Building...
[15:59:17]: Producing bundles...
[15:59:18]: Packaging...
[15:59:19]: ✨  Built in 1.31s.
[15:59:28]: Building debug.js...
[15:59:28]: Building debug.js...
[15:59:28]: Building debug.js...
[15:59:28]: Building...
[15:59:28]: Building debug.js...
[15:59:39]: Built js/debug.js...
[15:59:39]: Producing bundles...
[15:59:40]: Packaging...
[15:59:41]: ✨  Built in 12.91s.
[16:00:07]: Building debug.js...
[16:00:08]: Building debug.js...
[16:00:08]: Building debug.js...
[16:00:08]: Building...
[16:00:08]: Building debug.js...
[16:00:14]: Built js/debug.js...
[16:00:14]: Producing bundles...
[16:00:15]: Packaging...
[16:00:16]: ✨  Built in 8.21s.
[16:03:42]: Building debug.js...
[16:03:42]: Building...
[16:03:42]: Building debug.js...
[16:03:52]: Built js/debug.js...
[16:03:52]: Producing bundles...
[16:03:52]: Packaging...
[16:03:57]: ✨  Built in 14.19s.
[16:04:49]: Building debug.js...
[16:04:49]: Building...
[16:04:49]: Building debug.js...
[16:04:49]: Building debug.js...
[16:05:02]: Built js/debug.js...
[16:05:02]: Producing bundles...
[16:05:02]: Packaging...
[16:05:04]: ✨  Built in 14.86s.
[16:05:04]: Building...
[16:05:04]: Producing bundles...
[16:05:04]: Packaging...
[16:05:04]: ✨  Built in 144ms.
[16:05:43]: Building debug.js...
[16:05:43]: Building debug.js...
[16:05:43]: Building debug.js...
[16:05:43]: Building...
[16:05:43]: Building debug.js...
[16:05:55]: Built js/debug.js...
[16:05:55]: Producing bundles...
[16:05:55]: Packaging...
[16:05:57]: Building hmr-runtime.js...
[16:05:58]: Built ../node_modules/parcel-bundler/src/builtins/hmr-runtime.js...
[16:05:58]: Building bundle-loader.js...
[16:05:58]: Built ../node_modules/parcel-bundler/src/builtins/bundle-loader.js...
[16:05:58]: Building js-loader.js...
[16:05:59]: Built ../node_modules/parcel-bundler/src/builtins/loaders/browser/js-loader.js...
[16:06:00]: ✨  Built in 16.83s.
[19:02:15]: Building debug.js...
[19:02:15]: Building...
[19:02:15]: Building debug.js...
[19:02:25]: Built js/debug.js...
[19:02:25]: Producing bundles...
[19:02:26]: Packaging...
[19:02:27]: ✨  Built in 11.44s.
[19:03:55]: Building debug.js...
[19:03:55]: Building...
[19:03:55]: Building debug.js...
[19:04:04]: Built js/debug.js...
[19:04:04]: Producing bundles...
[19:04:04]: Packaging...
[19:04:05]: Building debug.js...
[19:04:05]: Building debug.js...
[19:04:05]: Building debug.js...
[19:04:05]: Building debug.js...
[19:04:14]: Built js/debug.js...
[19:04:17]: ✨  Built in 22.49s.
[19:04:17]: Building...
[19:04:17]: Producing bundles...
[19:04:17]: Packaging...
[19:04:18]: ✨  Built in 743ms.
[19:05:32]: Building debug.js...
[19:05:32]: Building...
[19:05:32]: Building debug.js...
[19:05:44]: Built js/debug.js...
[19:05:44]: Producing bundles...
[19:05:45]: Packaging...
[19:05:47]: ✨  Built in 15.17s.
[19:07:02]: Building debug.js...
[19:07:02]: Building...
[19:07:02]: Building debug.js...
[19:07:12]: Built js/debug.js...
[19:07:12]: Producing bundles...
[19:07:12]: Packaging...
[19:07:13]: ✨  Built in 11.83s.
[19:08:45]: Building debug.js...
[19:08:45]: Building...
[19:08:45]: Building debug.js...
[19:08:55]: Built js/debug.js...
[19:08:55]: Producing bundles...
[19:08:56]: Packaging...
[19:08:57]: ✨  Built in 11.80s.
[19:16:32]: Building debug.scss...
[19:16:32]: Building...
[19:16:32]: Building debug.scss...
[19:16:32]: Building debug.scss...
[19:16:41]: Built scss/debug.scss...
[19:16:41]: Producing bundles...
[19:16:41]: Packaging...
[19:16:41]: ✨  Built in 8.95s.
[19:16:41]: Building...
[19:16:41]: Producing bundles...
[19:16:41]: Packaging...
[19:16:41]: ✨  Built in 126ms.
[19:16:56]: Building debug.js...
[19:16:56]: Building debug.js...
[19:16:56]: Building...
[19:16:56]: Building debug.js...
[19:16:56]: Building debug.js...
[19:17:08]: Built js/debug.js...
[19:17:08]: Producing bundles...
[19:17:08]: Packaging...
[19:17:09]: Building hmr-runtime.js...
[19:17:10]: Built ../node_modules/parcel-bundler/src/builtins/hmr-runtime.js...
[19:17:10]: Building bundle-loader.js...
[19:17:11]: Built ../node_modules/parcel-bundler/src/builtins/bundle-loader.js...
[19:17:11]: Building js-loader.js...
[19:17:12]: Built ../node_modules/parcel-bundler/src/builtins/loaders/browser/js-loader.js...
[19:17:12]: ✨  Built in 16.55s.
[19:17:12]: Building...
[19:17:12]: Producing bundles...
[19:17:13]: Packaging...
[19:17:13]: ✨  Built in 146ms.
[19:30:11]: Building debug.scss...
[19:30:12]: Building...
[19:30:12]: Building debug.scss...
[19:30:19]: Built scss/debug.scss...
[19:30:19]: Producing bundles...
[19:30:20]: Packaging...
[19:30:20]: Building hmr-runtime.js...
[19:30:21]: Built ../node_modules/parcel-bundler/src/builtins/hmr-runtime.js...
[19:30:21]: ✨  Built in 9.44s.
[19:32:52]: Building debug.scss...
[19:32:53]: Building...
[19:32:53]: Building debug.scss...
[19:32:59]: Built scss/debug.scss...
[19:32:59]: Producing bundles...
[19:32:59]: Packaging...
[19:32:59]: ✨  Built in 6.59s.
[19:35:10]: Building debug.scss...
[19:35:10]: Building...
[19:35:10]: Building debug.scss...
[19:35:10]: Building debug.scss...
[19:35:17]: Built scss/debug.scss...
[19:35:17]: Producing bundles...
[19:35:17]: Packaging...
[19:35:17]: Building hmr-runtime.js...
[19:35:18]: Built ../node_modules/parcel-bundler/src/builtins/hmr-runtime.js...
[19:35:18]: ✨  Built in 7.95s.
[19:35:18]: Building...
[19:35:18]: Producing bundles...
[19:35:18]: Packaging...
[19:35:18]: ✨  Built in 106ms.
[19:44:26]: Building debug.js...
[19:44:26]: Building...
[19:44:26]: Building debug.js...
[19:44:36]: Built js/debug.js...
[19:44:36]: Producing bundles...
[19:44:36]: Packaging...
[19:44:37]: Building hmr-runtime.js...
[19:44:38]: Built ../node_modules/parcel-bundler/src/builtins/hmr-runtime.js...
[19:44:38]: Building bundle-loader.js...
[19:44:38]: Built ../node_modules/parcel-bundler/src/builtins/bundle-loader.js...
[19:44:38]: Building js-loader.js...
[19:44:38]: Built ../node_modules/parcel-bundler/src/builtins/loaders/browser/js-loader.js...
[19:44:39]: ✨  Built in 12.84s.
[19:46:40]: Building debug.js...
[19:46:41]: Building...
[19:46:41]: Building debug.js...
[19:46:52]: Built js/debug.js...
[19:46:52]: Producing bundles...
[19:46:52]: Packaging...
[19:46:54]: ✨  Built in 12.94s.
[19:48:44]: Building debug.js...
[19:48:44]: Building...
[19:48:44]: Building debug.js...
[19:48:55]: Built js/debug.js...
[19:48:55]: Producing bundles...
[19:48:55]: Packaging...
[19:48:59]: ✨  Built in 14.65s.
[19:49:25]: Building debug.js...
[19:49:25]: Building debug.js...
[19:49:25]: Building...
[19:49:25]: Building debug.js...
[19:49:25]: Building debug.js...
[19:49:35]: Built js/debug.js...
[19:49:35]: Producing bundles...
[19:49:35]: Packaging...
[19:49:36]: ✨  Built in 10.92s.
[19:49:36]: Building...
[19:49:36]: Producing bundles...
[19:49:36]: Packaging...
[19:49:36]: ✨  Built in 105ms.
[19:50:35]: Building debug.js...
[19:50:35]: Building...
[19:50:35]: Building debug.js...
[19:50:35]: Building debug.js...
[19:50:45]: Built js/debug.js...
[19:50:45]: Producing bundles...
[19:50:45]: Packaging...
[19:50:49]: Building hmr-runtime.js...
[19:50:50]: Built ../node_modules/parcel-bundler/src/builtins/hmr-runtime.js...
[19:50:50]: Building bundle-loader.js...
[19:50:51]: Built ../node_modules/parcel-bundler/src/builtins/bundle-loader.js...
[19:50:51]: Building js-loader.js...
[19:50:51]: Built ../node_modules/parcel-bundler/src/builtins/loaders/browser/js-loader.js...
[19:50:53]: ✨  Built in 17.60s.
[19:50:53]: Building...
[19:50:53]: Producing bundles...
[19:50:53]: Packaging...
[19:50:53]: ✨  Built in 223ms.
[19:51:25]: Building debug.js...
[19:51:26]: Building debug.js...
[19:51:26]: Building debug.js...
[19:51:26]: Building...
[19:51:26]: Building debug.js...
[19:51:29]: 🚨  /home/pi/han1/src/js/debug.js:62:28: Unexpected token (62:28)
[19:51:29]:   60 |           console.log(byte);
  61 |         }
> 62 |         if (i === nDBytes - ) {
     |                            ^
  63 |           console.log(byte);
  64 |         }
  65 |         byte.classList.toggle('dataHighlighted');
[19:51:29]: Building debug.js...
[19:51:29]: Building debug.js...
[19:51:29]: Building debug.js...
[19:51:29]: Building...
[19:51:29]: Building debug.js...
[19:51:47]: Built js/debug.js...
[19:51:47]: Producing bundles...
[19:51:47]: Packaging...
[19:51:47]: Building debug.js...
[19:51:47]: Building debug.js...
[19:51:47]: Building debug.js...
[19:51:48]: Building debug.js...
[19:51:48]: Building hmr-runtime.js...
[19:51:49]: Built ../node_modules/parcel-bundler/src/builtins/hmr-runtime.js...
[19:52:04]: Built js/debug.js...
[19:52:04]: Building bundle-loader.js...
[19:52:04]: Built ../node_modules/parcel-bundler/src/builtins/bundle-loader.js...
[19:52:04]: Building js-loader.js...
[19:52:05]: Built ../node_modules/parcel-bundler/src/builtins/loaders/browser/js-loader.js...
[19:52:06]: ✨  Built in 36.26s.
[19:52:06]: Building...
[19:52:06]: Producing bundles...
[19:52:06]: Packaging...
[19:52:06]: ✨  Built in 124ms.
[19:52:20]: Building debug.js...
[19:52:20]: Building debug.js...
[19:52:20]: Building debug.js...
[19:52:20]: Building...
[19:52:20]: Building debug.js...
[19:52:32]: Built js/debug.js...
[19:52:32]: Producing bundles...
[19:52:32]: Packaging...
[19:52:36]: Building hmr-runtime.js...
[19:52:36]: Built ../node_modules/parcel-bundler/src/builtins/hmr-runtime.js...
[19:52:36]: Building bundle-loader.js...
[19:52:37]: Built ../node_modules/parcel-bundler/src/builtins/bundle-loader.js...
[19:52:37]: Building js-loader.js...
[19:52:37]: Built ../node_modules/parcel-bundler/src/builtins/loaders/browser/js-loader.js...
[19:52:38]: ✨  Built in 17.73s.
[19:52:50]: Building debug.js...
[19:52:50]: Building debug.js...
[19:52:50]: Building...
[19:52:50]: Building debug.js...
[19:52:50]: Building debug.js...
[19:53:13]: Built js/debug.js...
[19:53:13]: Producing bundles...
[19:53:14]: Packaging...
[19:53:17]: ✨  Built in 26.37s.
[19:53:17]: Building...
[19:53:17]: Producing bundles...
[19:53:17]: Packaging...
[19:53:17]: ✨  Built in 195ms.
[19:56:18]: Building debug.scss...
[19:56:18]: Building...
[19:56:18]: Building debug.scss...
[19:56:29]: Built scss/debug.scss...
[19:56:29]: Producing bundles...
[19:56:29]: Packaging...
[19:56:29]: Building hmr-runtime.js...
[19:56:30]: Built ../node_modules/parcel-bundler/src/builtins/hmr-runtime.js...
[19:56:30]: ✨  Built in 12.61s.
[19:56:37]: Building debug.js...
[19:56:37]: Building debug.js...
[19:56:37]: Building...
[19:56:37]: Building debug.js...
[19:56:37]: Building debug.js...
[19:56:51]: Built js/debug.js...
[19:56:51]: Producing bundles...
[19:56:51]: Packaging...
[19:56:52]: Building bundle-loader.js...
[19:56:52]: Built ../node_modules/parcel-bundler/src/builtins/bundle-loader.js...
[19:56:53]: Building js-loader.js...
[19:56:53]: Built ../node_modules/parcel-bundler/src/builtins/loaders/browser/js-loader.js...
[19:56:54]: ✨  Built in 16.85s.
[19:56:54]: Building...
[19:56:54]: Producing bundles...
[19:56:54]: 🚨  WebSocket is not open: readyState 2 (CLOSING)
[19:56:54]:     at WebSocket.send (/home/pi/han1/node_modules/ws/lib/websocket.js:314:19)
    at HMRServer.broadcast (/home/pi/han1/node_modules/parcel-bundler/src/HMRServer.js:110:10)
    at HMRServer.emitUpdate (/home/pi/han1/node_modules/parcel-bundler/src/HMRServer.js:81:12)
    at Bundler.bundle (/home/pi/han1/node_modules/parcel-bundler/src/Bundler.js:302:18)
    at <anonymous>
    at process._tickCallback (internal/process/next_tick.js:188:7)
[19:57:05]: Building debug.js...
[19:57:05]: Building debug.js...
[19:57:05]: Building...
[19:57:05]: Building debug.js...
[19:57:05]: Building debug.js...
[19:57:18]: Built js/debug.js...
[19:57:18]: Producing bundles...
[19:57:18]: Packaging...
[19:57:19]: ✨  Built in 13.26s.
[19:57:19]: Building...
[19:57:19]: Producing bundles...
[19:57:19]: Packaging...
[19:57:19]: ✨  Built in 92ms.
[19:59:12]: Building debug.js...
[19:59:12]: Building...
[19:59:12]: Building debug.js...
[19:59:23]: Built js/debug.js...
[19:59:23]: Producing bundles...
[19:59:23]: Packaging...
[19:59:23]: Building hmr-runtime.js...
[19:59:24]: Built ../node_modules/parcel-bundler/src/builtins/hmr-runtime.js...
[19:59:24]: Building bundle-loader.js...
[19:59:25]: Built ../node_modules/parcel-bundler/src/builtins/bundle-loader.js...
[19:59:25]: Building js-loader.js...
[19:59:25]: Built ../node_modules/parcel-bundler/src/builtins/loaders/browser/js-loader.js...
[19:59:27]: ✨  Built in 14.98s.
[19:59:28]: Building debug.scss...
[19:59:28]: Building debug.scss...
[19:59:28]: Building debug.scss...
[19:59:28]: Building...
[19:59:28]: Building debug.scss...
[19:59:37]: Built scss/debug.scss...
[19:59:37]: Producing bundles...
[19:59:37]: Packaging...
[19:59:38]: ✨  Built in 9.27s.
[20:08:28]: Building debug.js...
[20:08:29]: Building...
[20:08:29]: Building debug.js...
[20:08:39]: Built js/debug.js...
[20:08:39]: Producing bundles...
[20:08:40]: Packaging...
[20:08:43]: Building bundle-loader.js...
[20:08:44]: Built ../node_modules/parcel-bundler/src/builtins/bundle-loader.js...
[20:08:44]: Building js-loader.js...
[20:08:45]: Built ../node_modules/parcel-bundler/src/builtins/loaders/browser/js-loader.js...
[20:08:45]: ✨  Built in 16.50s.
[20:16:22]: Building debug.js...
[20:16:22]: Building debug.js...
[20:16:22]: Building...
[20:16:22]: Building debug.js...
[20:16:38]: Built js/debug.js...
[20:16:38]: Producing bundles...
[20:16:38]: Packaging...
[20:16:39]: ✨  Built in 17.05s.
[20:17:20]: Building debug.js...
[20:17:20]: Building...
[20:17:20]: Building debug.js...
[20:17:20]: Building debug.js...
[20:17:33]: Built js/debug.js...
[20:17:33]: Producing bundles...
[20:17:33]: Packaging...
[20:17:35]: ✨  Built in 14.69s.
[20:17:35]: Building...
[20:17:35]: Producing bundles...
[20:17:35]: Packaging...
[20:17:35]: ✨  Built in 103ms.
[20:22:00]: Building debug.js...
[20:22:00]: Building...
[20:22:00]: Building debug.js...
[20:22:11]: Built js/debug.js...
[20:22:11]: Producing bundles...
[20:22:11]: Packaging...
[20:22:12]: Building hmr-runtime.js...
[20:22:13]: Built ../node_modules/parcel-bundler/src/builtins/hmr-runtime.js...
[20:22:13]: Building bundle-loader.js...
[20:22:13]: Built ../node_modules/parcel-bundler/src/builtins/bundle-loader.js...
[20:22:14]: Building js-loader.js...
[20:22:14]: Built ../node_modules/parcel-bundler/src/builtins/loaders/browser/js-loader.js...
[20:22:14]: ✨  Built in 14.51s.
[20:24:33]: Building debug.js...
[20:24:33]: Building...
[20:24:33]: Building debug.js...
[20:24:44]: Built js/debug.js...
[20:24:44]: Producing bundles...
[20:24:45]: Packaging...
[20:24:49]: ✨  Built in 16.02s.
[20:25:08]: Building debug.js...
[20:25:08]: Building debug.js...
[20:25:08]: Building debug.js...
[20:25:08]: Building...
[20:25:08]: Building debug.js...
[20:25:20]: Built js/debug.js...
[20:25:20]: Producing bundles...
[20:25:20]: Packaging...
[20:25:22]: ✨  Built in 13.98s.
[20:26:11]: Building debug.js...
[20:26:11]: Building...
[20:26:11]: Building debug.js...
[20:26:23]: Built js/debug.js...
[20:26:23]: Producing bundles...
[20:26:23]: Packaging...
[20:26:24]: ✨  Built in 12.76s.
[20:34:38]: Building debug.js...
[20:34:39]: Building...
[20:34:39]: Building debug.js...
[20:34:49]: Built js/debug.js...
[20:34:49]: Producing bundles...
[20:34:49]: Packaging...
[20:34:49]: ✨  Built in 10.92s.
[20:36:39]: Building debug.js...
[20:36:39]: Building...
[20:36:39]: Building debug.js...
[20:36:39]: Building debug.js...
[20:36:39]: Building debug.js...
[20:36:50]: Built js/debug.js...
[20:36:50]: Producing bundles...
[20:36:50]: Packaging...
[20:36:51]: ✨  Built in 12.23s.
[20:36:51]: Building...
[20:36:51]: Producing bundles...
[20:36:51]: Packaging...
[20:36:51]: ✨  Built in 218ms.
[20:38:57]: Building debug.js...
[20:38:57]: Building...
[20:38:57]: Building debug.js...
[20:38:59]: 🚨  /home/pi/han1/src/js/debug.js:126:23: Unexpected token (126:23)
[20:38:59]:   124 |   let rL = hexified.split('\n').filter(Boolean).length
  125 |   let no = -1;
> 126 |   let obS, dS, octrlS, ;
      |                       ^
  127 |   const webified = hexified
  128 |     .split('\n')
  129 |     .filter(Boolean)
[20:39:11]: Building debug.js...
[20:39:11]: Building debug.js...
[20:39:11]: Building debug.js...
[20:39:11]: Building...
[20:39:11]: Building debug.js...
[20:39:22]: Built js/debug.js...
[20:39:22]: Producing bundles...
[20:39:23]: Packaging...
[20:39:26]: Building hmr-runtime.js...
[20:39:27]: Built ../node_modules/parcel-bundler/src/builtins/hmr-runtime.js...
[20:39:27]: Building bundle-loader.js...
[20:39:27]: Built ../node_modules/parcel-bundler/src/builtins/bundle-loader.js...
[20:39:27]: Building js-loader.js...
[20:39:28]: Built ../node_modules/parcel-bundler/src/builtins/loaders/browser/js-loader.js...
[20:39:28]: ✨  Built in 17.07s.
[20:40:49]: Building debug.js...
[20:40:49]: Building...
[20:40:49]: Building debug.js...
[20:40:59]: Built js/debug.js...
[20:40:59]: Producing bundles...
[20:40:59]: Packaging...
[20:41:00]: ✨  Built in 11.02s.
[20:43:20]: Building debug.js...
[20:43:20]: Building...
[20:43:20]: Building debug.js...
[20:43:32]: Built js/debug.js...
[20:43:32]: Producing bundles...
[20:43:32]: Packaging...
[20:43:34]: ✨  Built in 14.05s.
[20:44:46]: Building debug.js...
[20:44:46]: Building...
[20:44:46]: Building debug.js...
[20:44:57]: Built js/debug.js...
[20:44:57]: Producing bundles...
[20:44:57]: Packaging...
[20:44:58]: ✨  Built in 11.49s.
[20:47:44]: Building debug.js...
[20:47:44]: Building...
[20:47:44]: Building debug.js...
[20:47:54]: Built js/debug.js...
[20:47:55]: Producing bundles...
[20:47:55]: Packaging...
[20:47:56]: ✨  Built in 12.60s.
[20:48:35]: Building debug.js...
[20:48:35]: Building...
[20:48:35]: Building debug.js...
[20:48:45]: Built js/debug.js...
[20:48:45]: Producing bundles...
[20:48:46]: Packaging...
[20:48:50]: ✨  Built in 14.78s.
[20:50:15]: Building debug.js...
[20:50:15]: Building...
[20:50:15]: Building debug.js...
[20:50:27]: Built js/debug.js...
[20:50:27]: Producing bundles...
[20:50:28]: Packaging...
[20:50:29]: ✨  Built in 13.99s.
[20:52:56]: Building debug.js...
[20:52:57]: Building...
[20:52:57]: Building debug.js...
[20:53:08]: Built js/debug.js...
[20:53:08]: Producing bundles...
[20:53:08]: Packaging...
[20:53:09]: ✨  Built in 12.60s.
[20:53:51]: Building debug.js...
[20:53:51]: Building...
[20:53:51]: Building debug.js...
[20:54:02]: Built js/debug.js...
[20:54:02]: Producing bundles...
[20:54:03]: Packaging...
[20:54:04]: ✨  Built in 12.34s.
[20:57:53]: Building debug.js...
[20:57:53]: Building...
[20:57:53]: Building debug.js...
[20:58:04]: Built js/debug.js...
[20:58:04]: Producing bundles...
[20:58:04]: Packaging...
[20:58:05]: ✨  Built in 12.40s.
[20:58:49]: Building debug.js...
[20:58:49]: Building...
[20:58:49]: Building debug.js...
[20:59:00]: Built js/debug.js...
[20:59:00]: Producing bundles...
[20:59:00]: Packaging...
[20:59:05]: ✨  Built in 15.22s.
[21:01:36]: Building debug.js...
[21:01:36]: Building...
[21:01:36]: Building debug.js...
[21:01:47]: Built js/debug.js...
[21:01:47]: Producing bundles...
[21:01:48]: Packaging...
[21:01:49]: ✨  Built in 13.17s.
[21:02:36]: Building debug.js...
[21:02:36]: Building...
[21:02:36]: Building debug.js...
[21:02:47]: Built js/debug.js...
[21:02:47]: Producing bundles...
[21:02:47]: Packaging...
[21:02:48]: ✨  Built in 12.17s.
[21:04:27]: Building debug.js...
[21:04:27]: Building...
[21:04:27]: Building debug.js...
[21:04:36]: Built js/debug.js...
[21:04:36]: Producing bundles...
[21:04:37]: Packaging...
[21:04:37]: ✨  Built in 10.52s.
[21:05:45]: Building debug.js...
[21:05:45]: Building...
[21:05:45]: Building debug.js...
[21:05:56]: Built js/debug.js...
[21:05:56]: Producing bundles...
[21:05:56]: Packaging...
[21:05:57]: ✨  Built in 12.06s.
[21:07:24]: Building debug.js...
[21:07:25]: Building...
[21:07:25]: Building debug.js...
[21:07:35]: Built js/debug.js...
[21:07:35]: Producing bundles...
[21:07:35]: Packaging...
[21:07:39]: ✨  Built in 14.62s.
[21:07:52]: Building debug.js...
[21:07:53]: Building debug.js...
[21:07:53]: Building debug.js...
[21:07:53]: Building...
[21:07:53]: Building debug.js...
[21:08:05]: Built js/debug.js...
[21:08:05]: Producing bundles...
[21:08:05]: Packaging...
[21:08:06]: ✨  Built in 13.29s.
[21:09:17]: Building debug.js...
[21:09:17]: Building...
[21:09:17]: Building debug.js...
[21:09:28]: Built js/debug.js...
[21:09:28]: Producing bundles...
[21:09:28]: Packaging...
[21:09:29]: ✨  Built in 12.14s.
[21:09:46]: Building debug.js...
[21:09:46]: Building...
[21:09:46]: Building debug.js...
[21:09:46]: Building debug.js...
[21:09:56]: Built js/debug.js...
[21:09:56]: Producing bundles...
[21:09:56]: Packaging...
[21:09:56]: Building debug.js...
[21:09:57]: Building debug.js...
[21:10:08]: Built js/debug.js...
[21:10:12]: ✨  Built in 26.01s.
[21:10:12]: Building...
[21:10:12]: Producing bundles...
[21:10:12]: Packaging...
[21:10:12]: ✨  Built in 111ms.
[21:10:12]: Building...
[21:10:12]: Producing bundles...
[21:10:12]: Packaging...
[21:10:12]: ✨  Built in 102ms.
[21:11:41]: Building debug.js...
[21:11:41]: Building...
[21:11:41]: Building debug.js...
[21:11:50]: Built js/debug.js...
[21:11:50]: Producing bundles...
[21:11:50]: Packaging...
[21:11:51]: Building hmr-runtime.js...
[21:11:52]: Built ../node_modules/parcel-bundler/src/builtins/hmr-runtime.js...
[21:11:52]: Building bundle-loader.js...
[21:11:52]: Built ../node_modules/parcel-bundler/src/builtins/bundle-loader.js...
[21:11:52]: Building js-loader.js...
[21:11:53]: Built ../node_modules/parcel-bundler/src/builtins/loaders/browser/js-loader.js...
[21:11:53]: ✨  Built in 12.53s.
[21:12:37]: Building debug.js...
[21:12:37]: Building debug.js...
[21:12:37]: Building debug.js...
[21:12:37]: Building...
[21:12:37]: Building debug.js...
[21:12:48]: Built js/debug.js...
[21:12:48]: Producing bundles...
[21:12:48]: Packaging...
[21:12:49]: ✨  Built in 11.68s.
[21:13:48]: Building debug.js...
[21:13:48]: Building...
[21:13:48]: Building debug.js...
[21:13:57]: Built js/debug.js...
[21:13:57]: Producing bundles...
[21:13:57]: Packaging...
[21:13:58]: ✨  Built in 10.34s.
[21:14:54]: Building debug.js...
[21:14:54]: Building...
[21:14:54]: Building debug.js...
[21:14:54]: Building debug.js...
[21:15:03]: Built js/debug.js...
[21:15:03]: Producing bundles...
[21:15:03]: Packaging...
[21:15:04]: ✨  Built in 10.51s.
[21:15:04]: Building...
[21:15:04]: Producing bundles...
[21:15:04]: Packaging...
[21:15:04]: ✨  Built in 106ms.
[21:16:28]: Building debug.js...
[21:16:28]: Building...
[21:16:28]: Building debug.js...
[21:16:39]: Built js/debug.js...
[21:16:39]: Producing bundles...
[21:16:39]: Packaging...
[21:16:40]: Building hmr-runtime.js...
[21:16:40]: Built ../node_modules/parcel-bundler/src/builtins/hmr-runtime.js...
[21:16:40]: Building bundle-loader.js...
[21:16:41]: Built ../node_modules/parcel-bundler/src/builtins/bundle-loader.js...
[21:16:41]: Building js-loader.js...
[21:16:41]: Built ../node_modules/parcel-bundler/src/builtins/loaders/browser/js-loader.js...
[21:16:42]: ✨  Built in 14.19s.
[21:22:38]: Building debug.js...
[21:22:38]: Building...
[21:22:38]: Building debug.js...
[21:22:40]: 🚨  /home/pi/han1/src/js/debug.js:148:6: Unexpected token, expected "," (148:6)
[21:22:40]:   146 | 
  147 | 
> 148 |       function findObisName(obis, mfact) {
      |      ^
  149 |         const [a, b, c, d, e, f, str] = obis;
  150 |         if (str === '1-1:0.2.129.255') {
  151 |           return 'Obis List Version Identifier'
[21:24:00]: Building debug.js...
[21:24:00]: Building debug.js...
[21:24:00]: Building debug.js...
[21:24:00]: Building...
[21:24:00]: Building debug.js...
[21:24:02]: 🚨  /home/pi/han1/src/js/debug.js:146:6: Unexpected token, expected "," (146:6)
[21:24:02]:   144 | 
  145 | 
> 146 |       function findObisName(obis, mfact) {
      |      ^
  147 |         const [a, b, c, d, e, f, str] = obis;
  148 |         if (str === '1-1:0.2.129.255') {
  149 |           return 'Obis List Version Identifier'
[21:26:03]: Building debug.js...
[21:26:03]: Building...
[21:26:03]: Building debug.js...
[21:26:12]: Built js/debug.js...
[21:26:12]: Producing bundles...
[21:26:13]: Packaging...
[21:26:13]: ✨  Built in 9.69s.
[21:27:26]: Building debug.js...
[21:27:27]: Building...
[21:27:27]: Building debug.js...
[21:27:39]: Built js/debug.js...
[21:27:39]: Producing bundles...
[21:27:39]: Packaging...
[21:27:39]: Building hmr-runtime.js...
[21:27:40]: Built ../node_modules/parcel-bundler/src/builtins/hmr-runtime.js...
[21:27:40]: Building bundle-loader.js...
[21:27:40]: Built ../node_modules/parcel-bundler/src/builtins/bundle-loader.js...
[21:27:41]: Building js-loader.js...
[21:27:41]: Built ../node_modules/parcel-bundler/src/builtins/loaders/browser/js-loader.js...
[21:27:42]: ✨  Built in 15.06s.
[21:31:43]: Building debug.js...
[21:31:43]: Building...
[21:31:43]: Building debug.js...
[21:31:55]: Built js/debug.js...
[21:31:55]: Producing bundles...
[21:31:55]: Packaging...
[21:31:56]: ✨  Built in 13.31s.
[21:35:42]: Building debug.js...
[21:35:42]: Building...
[21:35:42]: Building debug.js...
[21:35:53]: Built js/debug.js...
[21:35:53]: Producing bundles...
[21:35:54]: Packaging...
[21:35:55]: ✨  Built in 13.02s.
[21:36:41]: Building debug.js...
[21:36:41]: Building...
[21:36:41]: Building debug.js...
[21:36:52]: Built js/debug.js...
[21:36:52]: Producing bundles...
[21:36:53]: Packaging...
[21:36:54]: ✨  Built in 12.64s.
[21:37:04]: Building debug.js...
[21:37:04]: Building debug.js...
[21:37:04]: Building debug.js...
[21:37:04]: Building...
[21:37:04]: Building debug.js...
[21:37:15]: Built js/debug.js...
[21:37:15]: Producing bundles...
[21:37:15]: Packaging...
[21:37:19]: ✨  Built in 15.19s.
[21:39:29]: Building debug.js...
[21:39:29]: Building...
[21:39:29]: Building debug.js...
[21:39:39]: Built js/debug.js...
[21:39:39]: Producing bundles...
[21:39:39]: Packaging...
[21:39:40]: ✨  Built in 11.42s.
[21:40:22]: Building debug.js...
[21:40:22]: Building...
[21:40:22]: Building debug.js...
[21:40:33]: Built js/debug.js...
[21:40:33]: Producing bundles...
[21:40:33]: Packaging...
[21:40:35]: ✨  Built in 12.96s.
[21:42:17]: Building debug.js...
[21:42:17]: Building...
[21:42:17]: Building debug.js...
[21:42:29]: Built js/debug.js...
[21:42:29]: Producing bundles...
[21:42:29]: Packaging...
[21:42:30]: ✨  Built in 12.85s.
[21:44:23]: Building debug.js...
[21:44:24]: Building...
[21:44:24]: Building debug.js...
[21:44:34]: Built js/debug.js...
[21:44:34]: Producing bundles...
[21:44:34]: Packaging...
[21:44:36]: ✨  Built in 12.06s.
[21:50:39]: Building debug.js...
[21:50:39]: Building...
[21:50:39]: Building debug.js...
[21:50:50]: Built js/debug.js...
[21:50:50]: Producing bundles...
[21:50:50]: Packaging...
[21:50:53]: ✨  Built in 14.49s.
[21:51:50]: Building debug.js...
[21:51:50]: Building...
[21:51:50]: Building debug.js...
[21:52:00]: Built js/debug.js...
[21:52:00]: Producing bundles...
[21:52:00]: Packaging...
[21:52:01]: ✨  Built in 11.31s.
[21:54:05]: Building debug.js...
[21:54:05]: Building...
[21:54:05]: Building debug.js...
[21:54:16]: Built js/debug.js...
[21:54:16]: Producing bundles...
[21:54:16]: Packaging...
[21:54:17]: ✨  Built in 12.74s.
[21:58:09]: Building debug.js...
[21:58:09]: Building...
[21:58:09]: Building debug.js...
[21:58:22]: Built js/debug.js...
[21:58:22]: Producing bundles...
[21:58:22]: Packaging...
[21:58:23]: ✨  Built in 14.53s.
[22:01:00]: Building debug.js...
[22:01:00]: Building...
[22:01:00]: Building debug.js...
[22:01:10]: Built js/debug.js...
[22:01:10]: Producing bundles...
[22:01:10]: Packaging...
[22:01:11]: ✨  Built in 10.38s.
[22:02:03]: Building debug.js...
[22:02:03]: Building...
[22:02:04]: Building debug.js...
[22:02:13]: Built js/debug.js...
[22:02:13]: Producing bundles...
[22:02:13]: Packaging...
[22:02:16]: ✨  Built in 12.55s.
[22:04:10]: Building debug.scss...
[22:04:10]: Building...
[22:04:10]: Building debug.scss...
[22:04:18]: Built scss/debug.scss...
[22:04:18]: Producing bundles...
[22:04:18]: Packaging...
[22:04:18]: ✨  Built in 7.87s.
[22:05:09]: Building debug.scss...
[22:05:09]: Building...
[22:05:09]: Building debug.scss...
[22:05:16]: Built scss/debug.scss...
[22:05:16]: Producing bundles...
[22:05:16]: Packaging...
[22:05:16]: Building hmr-runtime.js...
[22:05:17]: Built ../node_modules/parcel-bundler/src/builtins/hmr-runtime.js...
[22:05:17]: ✨  Built in 8.10s.
[22:09:20]: Building debug.pug...
[22:09:20]: Building...
[22:09:20]: Building debug.pug...
[22:09:39]: Built views/debug.pug...
[22:09:39]: Producing bundles...
[22:09:39]: Packaging...
[22:09:39]: ✨  Built in 19.83s.
[22:09:59]: Building debug.scss...
[22:10:00]: Building...
[22:10:00]: Building debug.scss...
[22:10:09]: Built scss/debug.scss...
[22:10:09]: Producing bundles...
[22:10:09]: Packaging...
[22:10:09]: ✨  Built in 9.58s.
[22:11:36]: Building debug.scss...
[22:11:36]: Building...
[22:11:36]: Building debug.scss...
[22:11:43]: 🚨  /home/pi/han1/src/scss/debug.scss:63:4: Expected digit.
  .dbgHexTblHead {
   ^
  stdin 63:4  root stylesheet
[22:11:43]: Error: Expected digit.
  .dbgHexTblHead {
   ^
  stdin 63:4  root stylesheet
[22:11:43]: Building debug.scss...
[22:11:43]: Building debug.scss...
[22:11:43]: Building debug.scss...
[22:11:43]: Building...
[22:11:43]: Building debug.scss...
[22:11:54]: Built scss/debug.scss...
[22:11:54]: Producing bundles...
[22:11:54]: Packaging...
[22:11:54]: Building hmr-runtime.js...
[22:11:55]: Built ../node_modules/parcel-bundler/src/builtins/hmr-runtime.js...
[22:11:55]: ✨  Built in 12.00s.
[22:13:07]: Building debug.pug...
[22:13:07]: Building...
[22:13:07]: Building debug.pug...
[22:13:12]: Built views/debug.pug...
[22:13:12]: Producing bundles...
[22:13:12]: Packaging...
[22:13:13]: ✨  Built in 5.44s.
[22:14:33]: Building debug.scss...
[22:14:33]: Building...
[22:14:33]: Building debug.scss...
[22:14:33]: Building debug.scss...
[22:14:45]: Built scss/debug.scss...
[22:14:45]: Producing bundles...
[22:14:45]: Packaging...
[22:14:46]: Building hmr-runtime.js...
[22:14:47]: Built ../node_modules/parcel-bundler/src/builtins/hmr-runtime.js...
[22:14:47]: ✨  Built in 13.79s.
[22:14:47]: Building...
[22:14:47]: Producing bundles...
[22:14:47]: Packaging...
[22:14:47]: ✨  Built in 144ms.
[22:15:20]: Building debug.scss...
[22:15:20]: Building...
[22:15:20]: Building debug.scss...
[22:15:20]: Building debug.scss...
[22:15:20]: Building debug.scss...
[22:15:29]: Built scss/debug.scss...
[22:15:29]: Producing bundles...
[22:15:29]: Packaging...
[22:15:29]: Building hmr-runtime.js...
[22:15:30]: Built ../node_modules/parcel-bundler/src/builtins/hmr-runtime.js...
[22:15:31]: ✨  Built in 10.99s.
[22:15:31]: Building...
[22:15:31]: Producing bundles...
[22:15:31]: Packaging...
[22:15:31]: ✨  Built in 126ms.
[22:16:08]: Building debug.scss...
[22:16:08]: Building debug.scss...
[22:16:08]: Building debug.scss...
[22:16:09]: Building...
[22:16:09]: Building debug.scss...
[22:16:16]: Built scss/debug.scss...
[22:16:16]: Producing bundles...
[22:16:16]: Packaging...
[22:16:17]: Building hmr-runtime.js...
[22:16:17]: Built ../node_modules/parcel-bundler/src/builtins/hmr-runtime.js...
[22:16:17]: ✨  Built in 8.89s.
[22:19:14]: Building debug.scss...
[22:19:15]: Building...
[22:19:15]: Building debug.scss...
[22:19:26]: Built scss/debug.scss...
[22:19:26]: Producing bundles...
[22:19:26]: Packaging...
[22:19:27]: ✨  Built in 12.60s.
[22:19:30]: Building debug.scss...
[22:19:30]: Building...
[22:19:30]: Building debug.scss...
[22:19:30]: Building debug.scss...
[22:19:30]: Building debug.scss...
[22:19:39]: Built scss/debug.scss...
[22:19:39]: Producing bundles...
[22:19:39]: Packaging...
[22:19:39]: ✨  Built in 9.07s.
[22:19:39]: Building...
[22:19:39]: Producing bundles...
[22:19:39]: Packaging...
[22:19:39]: ✨  Built in 86ms.
[22:20:10]: Building debug.scss...
[22:20:10]: Building debug.scss...
[22:20:10]: Building...
[22:20:10]: Building debug.scss...
[22:20:18]: Built scss/debug.scss...
[22:20:18]: Producing bundles...
[22:20:18]: Packaging...
[22:20:18]: Building hmr-runtime.js...
[22:20:19]: Built ../node_modules/parcel-bundler/src/builtins/hmr-runtime.js...
[22:20:19]: ✨  Built in 9.39s.
[22:22:52]: Building debug.scss...
[22:22:52]: Building...
[22:22:52]: Building debug.scss...
[22:22:58]: Built scss/debug.scss...
[22:22:58]: Producing bundles...
[22:22:58]: Packaging...
[22:22:58]: ✨  Built in 6.12s.
[22:24:28]: Building debug.scss...
[22:24:28]: Building...
[22:24:28]: Building debug.scss...
[22:24:36]: Built scss/debug.scss...
[22:24:36]: Producing bundles...
[22:24:36]: Packaging...
[22:24:37]: Building hmr-runtime.js...
[22:24:37]: Built ../node_modules/parcel-bundler/src/builtins/hmr-runtime.js...
[22:24:37]: ✨  Built in 9.25s.
[22:25:00]: Building debug.scss...
[22:25:00]: Building debug.scss...
[22:25:00]: Building...
[22:25:00]: Building debug.scss...
[22:25:00]: Building debug.scss...
[22:25:06]: Built scss/debug.scss...
[22:25:06]: Producing bundles...
[22:25:06]: Packaging...
[22:25:07]: ✨  Built in 6.90s.
[22:25:07]: Building...
[22:25:07]: Producing bundles...
[22:25:07]: Packaging...
[22:25:07]: ✨  Built in 106ms.
[22:25:33]: Building debug.pug...
[22:25:33]: Building debug.pug...
[22:25:33]: Building debug.pug...
[22:25:33]: Building...
[22:25:33]: Building debug.pug...
[22:25:37]: Built views/debug.pug...
[22:25:37]: Producing bundles...
[22:25:37]: Packaging...
[22:25:38]: ✨  Built in 4.66s.
[22:28:33]: Building debug.pug...
[22:28:33]: Building...
[22:28:33]: Building debug.pug...
[22:28:37]: Building debug.scss...
[22:28:37]: Building debug.scss...
[22:28:37]: Building debug.scss...
[22:28:37]: Building debug.scss...
[22:28:38]: Built views/debug.pug...
[22:28:38]: Built scss/debug.scss...
[22:28:38]: Producing bundles...
[22:28:39]: Packaging...
[22:28:39]: Building hmr-runtime.js...
[22:28:41]: Built ../node_modules/parcel-bundler/src/builtins/hmr-runtime.js...
[22:28:42]: ✨  Built in 9.13s.
[22:28:42]: Building...
[22:28:42]: Producing bundles...
[22:28:42]: Packaging...
[22:28:42]: ✨  Built in 135ms.
[22:28:42]: Building...
[22:28:42]: Producing bundles...
[22:28:42]: Packaging...
[22:28:42]: ✨  Built in 170ms.
[22:29:16]: Building debug.pug...
[22:29:17]: Building debug.pug...
[22:29:17]: Building debug.pug...
[22:29:17]: Building...
[22:29:17]: Building debug.pug...
[22:29:21]: Built views/debug.pug...
[22:29:21]: Producing bundles...
[22:29:21]: Packaging...
[22:29:21]: ✨  Built in 3.90s.
[22:29:34]: Building debug.scss...
[22:29:34]: Building debug.scss...
[22:29:34]: Building debug.scss...
[22:29:34]: Building...
[22:29:34]: Building debug.scss...
[22:29:40]: Built scss/debug.scss...
[22:29:40]: Producing bundles...
[22:29:40]: Packaging...
[22:29:41]: Building hmr-runtime.js...
[22:29:42]: Built ../node_modules/parcel-bundler/src/builtins/hmr-runtime.js...
[22:29:42]: ✨  Built in 7.45s.
[22:39:53]: Building debug.scss...
[22:39:53]: Building...
[22:39:53]: Building debug.scss...
[22:39:59]: Built scss/debug.scss...
[22:39:59]: Producing bundles...
[22:39:59]: Packaging...
[22:40:00]: ✨  Built in 6.99s.
[22:40:09]: Building debug.scss...
[22:40:09]: Building debug.scss...
[22:40:09]: Building...
[22:40:09]: Building debug.scss...
[22:40:09]: Building debug.scss...
[22:40:14]: Built scss/debug.scss...
[22:40:14]: Producing bundles...
[22:40:14]: Packaging...
[22:40:14]: ✨  Built in 5.28s.
[22:40:14]: Building...
[22:40:14]: Producing bundles...
[22:40:14]: Packaging...
[22:40:14]: ✨  Built in 67ms.
[22:44:37]: Building debug.scss...
[22:44:38]: Building...
[22:44:38]: Building debug.scss...
[22:44:44]: Built scss/debug.scss...
[22:44:44]: Producing bundles...
[22:44:44]: Packaging...
[22:44:45]: Building hmr-runtime.js...
[22:44:45]: Built ../node_modules/parcel-bundler/src/builtins/hmr-runtime.js...
[22:44:45]: ✨  Built in 7.78s.
[22:46:33]: Building debug.scss...
[22:46:33]: Building...
[22:46:33]: Building debug.scss...
[22:46:39]: Built scss/debug.scss...
[22:46:39]: Producing bundles...
[22:46:39]: Packaging...
[22:46:40]: ✨  Built in 6.96s.
[22:47:14]: Building debug.scss...
[22:47:14]: Building...
[22:47:14]: Building debug.scss...
[22:47:20]: Built scss/debug.scss...
[22:47:20]: Producing bundles...
[22:47:20]: Packaging...
[22:47:20]: ✨  Built in 6.02s.
[22:47:51]: Building debug.scss...
[22:47:51]: Building...
[22:47:51]: Building debug.scss...
[22:48:01]: Built scss/debug.scss...
[22:48:01]: Producing bundles...
[22:48:01]: Packaging...
[22:48:02]: ✨  Built in 10.21s.
[22:48:39]: Building debug.scss...
[22:48:39]: Building...
[22:48:39]: Building debug.scss...
[22:48:39]: Building debug.scss...
[22:48:46]: Built scss/debug.scss...
[22:48:46]: Producing bundles...
[22:48:46]: Packaging...
[22:48:47]: ✨  Built in 7.34s.
[22:48:47]: Building...
[22:48:47]: Producing bundles...
[22:48:47]: Packaging...
[22:48:47]: ✨  Built in 102ms.
[22:49:00]: Building debug.scss...
[22:49:00]: Building debug.scss...
[22:49:00]: Building debug.scss...
[22:49:01]: Building...
[22:49:01]: Building debug.scss...
[22:49:06]: Built scss/debug.scss...
[22:49:06]: Producing bundles...
[22:49:06]: Packaging...
[22:49:07]: Building hmr-runtime.js...
[22:49:07]: Built ../node_modules/parcel-bundler/src/builtins/hmr-runtime.js...
[22:49:08]: ✨  Built in 6.97s.
[22:49:43]: Building debug.scss...
[22:49:43]: Building debug.scss...
[22:49:43]: Building debug.scss...
[22:49:43]: Building...
[22:49:43]: Building debug.scss...
[22:49:49]: Built scss/debug.scss...
[22:49:49]: Producing bundles...
[22:49:49]: Packaging...
[22:49:50]: ✨  Built in 6.96s.
[22:50:30]: Building debug.scss...
[22:50:30]: Building debug.scss...
[22:50:30]: Building...
[22:50:30]: Building debug.scss...
[22:50:31]: Building debug.scss...
[22:50:34]: Built scss/debug.scss...
[22:50:34]: Producing bundles...
[22:50:34]: Packaging...
[22:50:34]: ✨  Built in 4.49s.
[22:50:34]: Building...
[22:50:34]: Producing bundles...
[22:50:34]: Packaging...
[22:50:35]: ✨  Built in 97ms.
[22:51:12]: Building debug.scss...
[22:51:12]: Building debug.scss...
[22:51:12]: Building debug.scss...
[22:51:12]: Building...
[22:51:12]: Building debug.scss...
[22:51:17]: Built scss/debug.scss...
[22:51:17]: Producing bundles...
[22:51:17]: Packaging...
[22:51:18]: Building hmr-runtime.js...
[22:51:18]: Built ../node_modules/parcel-bundler/src/builtins/hmr-runtime.js...
[22:51:19]: ✨  Built in 6.62s.
[22:51:52]: Building debug.scss...
[22:51:52]: Building debug.scss...
[22:51:52]: Building debug.scss...
[22:51:52]: Building...
[22:51:52]: Building debug.scss...
[22:51:57]: Built scss/debug.scss...
[22:51:57]: Producing bundles...
[22:51:57]: Packaging...
[22:51:58]: ✨  Built in 5.26s.
[22:55:50]: Building debug.scss...
[22:55:50]: Building debug.scss...
[22:55:50]: Building...
[22:55:50]: Building debug.scss...
[22:55:56]: Built scss/debug.scss...
[22:55:56]: Producing bundles...
[22:55:56]: Packaging...
[22:55:57]: ✨  Built in 6.89s.
[22:56:26]: Building debug.scss...
[22:56:26]: Building...
[22:56:26]: Building debug.scss...
[22:56:26]: Building debug.scss...
[22:56:31]: Built scss/debug.scss...
[22:56:31]: Producing bundles...
[22:56:31]: Packaging...
[22:56:32]: ✨  Built in 6.08s.
[22:56:32]: Building...
[22:56:32]: Producing bundles...
[22:56:32]: Packaging...
[22:56:32]: ✨  Built in 100ms.
[22:57:19]: Building debug.scss...
[22:57:19]: Building debug.scss...
[22:57:20]: Building...
[22:57:20]: Building debug.scss...
[22:57:20]: Building debug.scss...
[22:57:22]: 🚨  /home/pi/han1/src/scss/debug.scss:173:48: expected ";".
        transform: translate(-50%, -50%) border: 1px solid $lighter-background;
                                               ^
  stdin 173:48  root stylesheet
[22:57:22]: Error: expected ";".
        transform: translate(-50%, -50%) border: 1px solid $lighter-background;
                                               ^
  stdin 173:48  root stylesheet
[22:57:22]: Building...
[22:57:22]: Building debug.scss...
[22:57:25]: 🚨  /home/pi/han1/src/scss/debug.scss:173:48: expected ";".
        transform: translate(-50%, -50%) border: 1px solid $lighter-background;
                                               ^
  stdin 173:48  root stylesheet
[22:57:25]: Error: expected ";".
        transform: translate(-50%, -50%) border: 1px solid $lighter-background;
                                               ^
  stdin 173:48  root stylesheet
[22:57:27]: Building debug.scss...
[22:57:27]: Building debug.scss...
[22:57:27]: Building debug.scss...
[22:57:27]: Building...
[22:57:27]: Building debug.scss...
[22:57:34]: Built scss/debug.scss...
[22:57:34]: Producing bundles...
[22:57:34]: Packaging...
[22:57:34]: Building hmr-runtime.js...
[22:57:35]: Built ../node_modules/parcel-bundler/src/builtins/hmr-runtime.js...
[22:57:35]: ✨  Built in 7.28s.
[22:57:54]: Building debug.scss...
[22:57:54]: Building debug.scss...
[22:57:54]: Building debug.scss...
[22:57:54]: Building...
[22:57:54]: Building debug.scss...
[22:57:59]: Built scss/debug.scss...
[22:57:59]: Producing bundles...
[22:57:59]: Packaging...
[22:57:59]: ✨  Built in 5.13s.
[22:58:10]: Building debug.scss...
[22:58:10]: Building debug.scss...
[22:58:10]: Building debug.scss...
[22:58:10]: Building...
[22:58:10]: Building debug.scss...
[22:58:17]: Built scss/debug.scss...
[22:58:17]: Producing bundles...
[22:58:17]: Packaging...
[22:58:17]: ✨  Built in 7.22s.
[22:58:48]: Building debug.scss...
[22:58:49]: Building debug.scss...
[22:58:49]: Building...
[22:58:49]: Building debug.scss...
[22:58:55]: Built scss/debug.scss...
[22:58:55]: Producing bundles...
[22:58:55]: Packaging...
[22:58:56]: ✨  Built in 7.08s.
[22:59:20]: Building debug.scss...
[22:59:20]: Building...
[22:59:20]: Building debug.scss...
[22:59:20]: Building debug.scss...
[22:59:20]: Building debug.scss...
[22:59:26]: Built scss/debug.scss...
[22:59:26]: Producing bundles...
[22:59:26]: Packaging...
[22:59:26]: ✨  Built in 6.07s.
[22:59:26]: Building...
[22:59:26]: Producing bundles...
[22:59:26]: Packaging...
[22:59:26]: ✨  Built in 98ms.
[22:59:55]: Building debug.scss...
[22:59:55]: Building debug.scss...
[22:59:55]: Building debug.scss...
[22:59:55]: Building...
[22:59:55]: Building debug.scss...
[23:00:02]: Built scss/debug.scss...
[23:00:02]: Producing bundles...
[23:00:02]: Packaging...
[23:00:02]: Building hmr-runtime.js...
[23:00:03]: Built ../node_modules/parcel-bundler/src/builtins/hmr-runtime.js...
[23:00:03]: ✨  Built in 7.74s.
[23:00:26]: Building debug.scss...
[23:00:26]: Building debug.scss...
[23:00:26]: Building debug.scss...
[23:00:26]: Building...
[23:00:26]: Building debug.scss...
[23:00:32]: Built scss/debug.scss...
[23:00:32]: Producing bundles...
[23:00:32]: Packaging...
[23:00:33]: ✨  Built in 6.79s.
[23:02:08]: Building debug.scss...
[23:02:08]: Building...
[23:02:08]: Building debug.scss...
[23:02:11]: Building debug.scss...
[23:02:11]: Building debug.scss...
[23:02:12]: Built scss/debug.scss...
[23:02:12]: Producing bundles...
[23:02:12]: Packaging...
[23:02:13]: ✨  Built in 5.13s.
[23:02:13]: Building...
[23:02:13]: Producing bundles...
[23:02:13]: Packaging...
[23:02:13]: ✨  Built in 102ms.
[23:02:29]: Building debug.scss...
[23:02:29]: Building debug.scss...
[23:02:29]: Building debug.scss...
[23:02:30]: Building...
[23:02:30]: Building debug.scss...
[23:02:38]: Built scss/debug.scss...
[23:02:38]: Producing bundles...
[23:02:38]: Packaging...
[23:02:39]: Building hmr-runtime.js...
[23:02:40]: Built ../node_modules/parcel-bundler/src/builtins/hmr-runtime.js...
[23:02:40]: ✨  Built in 10.45s.
[23:03:02]: Building debug.scss...
[23:03:02]: Building debug.scss...
[23:03:02]: Building debug.scss...
[23:03:02]: Building...
[23:03:02]: Building debug.scss...
[23:03:11]: Built scss/debug.scss...
[23:03:11]: Producing bundles...
[23:03:11]: Packaging...
[23:03:12]: ✨  Built in 9.70s.
[23:03:45]: Building debug.scss...
[23:03:45]: Building debug.scss...
[23:03:45]: Building debug.scss...
[23:03:45]: Building...
[23:03:45]: Building debug.scss...
[23:03:52]: Built scss/debug.scss...
[23:03:52]: Producing bundles...
[23:03:52]: Packaging...
[23:03:53]: ✨  Built in 7.17s.
[23:04:16]: Building debug.scss...
[23:04:16]: Building debug.scss...
[23:04:16]: Building debug.scss...
[23:04:16]: Building...
[23:04:16]: Building debug.scss...
[23:04:21]: Built scss/debug.scss...
[23:04:21]: Producing bundles...
[23:04:21]: Packaging...
[23:04:22]: ✨  Built in 5.99s.
[23:06:28]: Building debug.scss...
[23:06:28]: Building...
[23:06:28]: Building debug.scss...
[23:06:33]: Built scss/debug.scss...
[23:06:33]: Producing bundles...
[23:06:33]: Packaging...
[23:06:33]: ✨  Built in 5.03s.
[23:10:35]: Building debug.scss...
[23:10:35]: Building...
[23:10:35]: Building debug.scss...
[23:10:40]: Built scss/debug.scss...
[23:10:40]: Producing bundles...
[23:10:40]: Packaging...
[23:10:40]: ✨  Built in 5.17s.
[23:14:34]: Building debug.scss...
[23:14:35]: Building...
[23:14:35]: Building debug.scss...
[23:14:39]: Built scss/debug.scss...
[23:14:39]: Producing bundles...
[23:14:39]: Packaging...
[23:14:40]: ✨  Built in 5.24s.
[23:14:50]: Building debug.scss...
[23:14:50]: Building debug.scss...
[23:14:50]: Building debug.scss...
[23:14:50]: Building...
[23:14:50]: Building debug.scss...
[23:14:56]: Built scss/debug.scss...
[23:14:56]: Producing bundles...
[23:14:56]: Packaging...
[23:14:56]: ✨  Built in 6.02s.
[23:17:27]: Building debug.scss...
[23:17:27]: Building...
[23:17:27]: Building debug.scss...
[23:17:33]: Built scss/debug.scss...
[23:17:33]: Producing bundles...
[23:17:33]: Packaging...
[23:17:34]: ✨  Built in 6.09s.
[23:17:39]: Building debug.scss...
[23:17:39]: Building...
[23:17:39]: Building debug.scss...
[23:17:39]: Building debug.scss...
[23:17:39]: Building debug.scss...
[23:17:45]: Built scss/debug.scss...
[23:17:45]: Producing bundles...
[23:17:45]: Packaging...
[23:17:45]: ✨  Built in 6.25s.
[23:17:45]: Building...
[23:17:45]: Producing bundles...
[23:17:45]: Packaging...
[23:17:45]: ✨  Built in 101ms.
[23:17:55]: Building debug.scss...
[23:17:56]: Building debug.scss...
[23:17:56]: Building debug.scss...
[23:17:56]: Building...
[23:17:56]: Building debug.scss...
[23:18:03]: Built scss/debug.scss...
[23:18:03]: Producing bundles...
[23:18:03]: Packaging...
[23:18:03]: Building hmr-runtime.js...
[23:18:04]: Built ../node_modules/parcel-bundler/src/builtins/hmr-runtime.js...
[23:18:04]: ✨  Built in 8.00s.
[23:18:46]: Building debug.scss...
[23:18:46]: Building debug.scss...
[23:18:46]: Building debug.scss...
[23:18:46]: Building...
[23:18:46]: Building debug.scss...
[23:18:53]: Built scss/debug.scss...
[23:18:53]: Producing bundles...
[23:18:53]: Packaging...
[23:18:53]: ✨  Built in 6.93s.
[23:19:06]: Building debug.scss...
[23:19:06]: Building debug.scss...
[23:19:06]: Building...
[23:19:06]: Building debug.scss...
[23:19:11]: Built scss/debug.scss...
[23:19:11]: Producing bundles...
[23:19:11]: Packaging...
[23:19:11]: ✨  Built in 5.09s.
[23:19:56]: Building debug.scss...
[23:19:56]: Building debug.scss...
[23:19:56]: Building debug.scss...
[23:19:56]: Building...
[23:19:56]: Building debug.scss...
[23:20:01]: Built scss/debug.scss...
[23:20:01]: Producing bundles...
[23:20:01]: Packaging...
[23:20:01]: ✨  Built in 5.09s.
[23:20:49]: Building debug.scss...
[23:20:49]: Building debug.scss...
[23:20:49]: Building debug.scss...
[23:20:50]: Building...
[23:20:50]: Building debug.scss...
[23:20:55]: Built scss/debug.scss...
[23:20:55]: Producing bundles...
[23:20:55]: Packaging...
[23:20:55]: ✨  Built in 5.61s.
[23:21:25]: Building debug.scss...
[23:21:25]: Building debug.scss...
[23:21:25]: Building debug.scss...
[23:21:25]: Building...
[23:21:25]: Building debug.scss...
[23:21:30]: Built scss/debug.scss...
[23:21:30]: Producing bundles...
[23:21:30]: Packaging...
[23:21:30]: ✨  Built in 5.18s.
[23:22:51]: Building debug.scss...
[23:22:51]: Building...
[23:22:51]: Building debug.scss...
[23:22:56]: Built scss/debug.scss...
[23:22:56]: Producing bundles...
[23:22:56]: Packaging...
[23:22:56]: ✨  Built in 5.45s.
[23:23:52]: Building debug.scss...
[23:23:52]: Building...
[23:23:52]: Building debug.scss...
[23:23:56]: Built scss/debug.scss...
[23:23:56]: Producing bundles...
[23:23:56]: Packaging...
[23:23:57]: ✨  Built in 4.98s.
[23:24:13]: Building debug.scss...
[23:24:13]: Building debug.scss...
[23:24:13]: Building debug.scss...
[23:24:13]: Building...
[23:24:13]: Building debug.scss...
[23:24:17]: Built scss/debug.scss...
[23:24:17]: Producing bundles...
[23:24:17]: Packaging...
[23:24:18]: ✨  Built in 4.72s.
[23:25:02]: Building debug.scss...
[23:25:02]: Building debug.scss...
[23:25:02]: Building...
[23:25:02]: Building debug.scss...
[23:25:02]: Building debug.scss...
[23:25:10]: Built scss/debug.scss...
[23:25:10]: Producing bundles...
[23:25:10]: Packaging...
[23:25:11]: ✨  Built in 8.64s.
[23:25:11]: Building...
[23:25:11]: Producing bundles...
[23:25:11]: Packaging...
[23:25:11]: ✨  Built in 186ms.
[23:26:13]: Building debug.scss...
[23:26:13]: Building...
[23:26:13]: Building debug.scss...
[23:26:21]: Built scss/debug.scss...
[23:26:21]: Producing bundles...
[23:26:21]: Packaging...
[23:26:21]: Building hmr-runtime.js...
[23:26:22]: Built ../node_modules/parcel-bundler/src/builtins/hmr-runtime.js...
[23:26:22]: ✨  Built in 9.41s.
[23:27:57]: Building debug.scss...
[23:27:57]: Building...
[23:27:57]: Building debug.scss...
[23:28:03]: Built scss/debug.scss...
[23:28:03]: Producing bundles...
[23:28:03]: Packaging...
[23:28:03]: ✨  Built in 6.00s.
[23:32:00]: Building debug.scss...
[23:32:00]: Building...
[23:32:00]: Building debug.scss...
[23:32:05]: Built scss/debug.scss...
[23:32:05]: Producing bundles...
[23:32:05]: Packaging...
[23:32:06]: ✨  Built in 5.43s.
[23:32:24]: Building debug.scss...
[23:32:24]: Building debug.scss...
[23:32:24]: Building...
[23:32:24]: Building debug.scss...
[23:32:29]: Built scss/debug.scss...
[23:32:29]: Producing bundles...
[23:32:29]: Packaging...
[23:32:29]: ✨  Built in 5.38s.
[23:32:47]: Building debug.scss...
[23:32:47]: Building...
[23:32:47]: Building debug.scss...
[23:32:48]: Building debug.scss...
[23:32:48]: Building debug.scss...
[23:32:49]: Built scss/debug.scss...
[23:32:49]: Producing bundles...
[23:32:49]: Packaging...
[23:32:49]: ✨  Built in 1.77s.
[23:32:49]: Building...
[23:32:49]: Producing bundles...
[23:32:49]: Packaging...
[23:32:49]: ✨  Built in 101ms.
[23:32:59]: Building debug.scss...
[23:32:59]: Building...
[23:32:59]: Building debug.scss...
[23:32:59]: Building debug.scss...
[23:33:05]: Built scss/debug.scss...
[23:33:05]: Producing bundles...
[23:33:05]: Packaging...
[23:33:05]: Building hmr-runtime.js...
[23:33:06]: Built ../node_modules/parcel-bundler/src/builtins/hmr-runtime.js...
[23:33:06]: ✨  Built in 7.02s.
[23:33:06]: Building...
[23:33:06]: Producing bundles...
[23:33:06]: Packaging...
[23:33:06]: ✨  Built in 106ms.
[23:43:03]: Building debug.js...
[23:43:03]: Building...
[23:43:03]: Building debug.js...
[23:43:23]: Built js/debug.js...
[23:43:23]: Producing bundles...
[23:43:24]: Packaging...
[23:43:24]: Building hmr-runtime.js...
[23:43:25]: Built ../node_modules/parcel-bundler/src/builtins/hmr-runtime.js...
[23:43:25]: Building bundle-loader.js...
[23:43:25]: Built ../node_modules/parcel-bundler/src/builtins/bundle-loader.js...
[23:43:25]: Building js-loader.js...
[23:43:26]: Built ../node_modules/parcel-bundler/src/builtins/loaders/browser/js-loader.js...
[23:43:27]: ✨  Built in 23.96s.
[23:43:52]: Building debug.js...
[23:43:52]: Building debug.js...
[23:43:52]: Building...
[23:43:52]: Building debug.js...
[23:43:52]: Building debug.js...
[23:44:06]: Built js/debug.js...
[23:44:06]: Producing bundles...
[23:44:07]: Packaging...
[23:44:08]: ✨  Built in 15.68s.
[23:44:08]: Building...
[23:44:08]: Producing bundles...
[23:44:08]: Packaging...
[23:44:08]: ✨  Built in 131ms.
[23:45:54]: Building debug.js...
[23:45:55]: Building...
[23:45:55]: Building debug.js...
[23:46:05]: Built js/debug.js...
[23:46:05]: Producing bundles...
[23:46:05]: Packaging...
[23:46:09]: Building hmr-runtime.js...
[23:46:10]: Built ../node_modules/parcel-bundler/src/builtins/hmr-runtime.js...
[23:46:10]: Building bundle-loader.js...
[23:46:11]: Built ../node_modules/parcel-bundler/src/builtins/bundle-loader.js...
[23:46:11]: Building js-loader.js...
[23:46:12]: Built ../node_modules/parcel-bundler/src/builtins/loaders/browser/js-loader.js...
[23:46:14]: ✨  Built in 18.98s.
[23:47:17]: Building debug.pug...
[23:47:17]: Building...
[23:47:17]: Building debug.pug...
[23:47:20]: Built views/debug.pug...
[23:47:20]: Producing bundles...
[23:47:21]: Packaging...
[23:47:21]: ✨  Built in 4.13s.
[23:47:35]: Building debug.scss...
[23:47:35]: Building debug.scss...
[23:47:35]: Building debug.scss...
[23:47:35]: Building...
[23:47:35]: Building debug.scss...
[23:47:43]: Built scss/debug.scss...
[23:47:43]: Producing bundles...
[23:47:44]: Packaging...
[23:47:44]: Building hmr-runtime.js...
[23:47:45]: Built ../node_modules/parcel-bundler/src/builtins/hmr-runtime.js...
[23:47:45]: ✨  Built in 9.66s.
